19:11:16.221 [main] INFO  org.testng.internal.Utils [Utils] MethodGroupsHelper.sortMethods() took 0 ms.
19:11:16.228 [main] INFO  org.testng.internal.Utils [Utils] MethodGroupsHelper.collectMethodsByGroup() took 0 ms.
19:11:16.228 [main] INFO  org.testng.internal.Utils [Utils] MethodGroupsHelper.sortMethods() took 0 ms.
19:11:16.229 [main] INFO  org.testng.internal.Utils [Utils] MethodGroupsHelper.collectMethodsByGroup() took 0 ms.
19:11:16.229 [main] INFO  org.testng.internal.Utils [Utils] MethodGroupsHelper.sortMethods() took 0 ms.
19:11:16.229 [main] INFO  org.testng.internal.Utils [Utils] MethodGroupsHelper.collectMethodsByGroup() took 0 ms.
19:11:16.230 [main] INFO  org.testng.internal.Utils [Utils] MethodGroupsHelper.sortMethods() took 0 ms.
19:11:16.232 [main] INFO  org.testng.internal.Utils [Utils] MethodGroupsHelper.collectMethodsByGroup() took 0 ms.
19:11:16.232 [main] INFO  org.testng.internal.Utils [Utils] MethodGroupsHelper.sortMethods() took 0 ms.
19:11:16.232 [main] INFO  org.testng.internal.Utils [Utils] MethodGroupsHelper.collectMethodsByGroup() took 0 ms.
19:11:16.232 [main] INFO  org.testng.internal.Utils [Utils] MethodGroupsHelper.sortMethods() took 0 ms.
19:11:16.233 [main] INFO  org.testng.internal.Utils [Utils] MethodGroupsHelper.collectMethodsByGroup() took 1 ms.
19:11:16.233 [main] INFO  org.testng.internal.Utils [Utils] MethodGroupsHelper.sortMethods() took 0 ms.
19:11:16.235 [main] INFO  org.testng.internal.Utils [Utils] MethodGroupsHelper.collectMethodsByGroup() took 0 ms.
19:11:16.235 [main] INFO  org.testng.internal.Utils [Utils] MethodGroupsHelper.sortMethods() took 0 ms.
19:11:16.235 [main] INFO  org.testng.internal.Utils [Utils] MethodGroupsHelper.collectMethodsByGroup() took 0 ms.
19:11:16.235 [main] INFO  org.testng.internal.Utils [Utils] MethodGroupsHelper.sortMethods() took 0 ms.
19:11:16.242 [main] INFO  org.testng.internal.Utils [TestNG] Running:
  C:\Users\swapn\AppData\Local\Temp\testng-eclipse-2069246383\testng-customsuite.xml

19:11:16.262 [main] INFO  org.testng.internal.Utils [Utils] DynamicGraphHelper.createDynamicGraph() took 4 ms.
19:11:18.363 [main] INFO  testCases.TC_001_AccountRegistrationTest This is a starting test ....
19:11:18.802 [main] INFO  testCases.TC_001_AccountRegistrationTest Click on the Register ....
19:11:18.805 [main] INFO  testCases.TC_001_AccountRegistrationTest Providing the information detals....
19:11:21.180 [main] INFO  testCases.TC_001_AccountRegistrationTest Validating the message...
19:11:21.180 [main] INFO  testCases.TC_001_AccountRegistrationTest Test failed...
19:11:21.180 [main] ERROR testCases.TC_001_AccountRegistrationTest Test got some error...
19:11:21.180 [main] DEBUG testCases.TC_001_AccountRegistrationTest Test debug...
19:11:21.180 [main] INFO  testCases.TC_001_AccountRegistrationTest The test cases is End...
19:11:21.548 [main] INFO  org.testng.internal.Utils [TestNG] Time taken by org.testng.reporters.jq.Main@64b7225f: 94 ms
19:11:21.549 [main] INFO  org.testng.internal.Utils [TestNG] Time taken by org.testng.reporters.FailedReporter@23940f86: 1 ms
19:11:21.556 [main] INFO  org.testng.internal.Utils [TestNG] Time taken by org.testng.reporters.XMLReporter@537c8c7e: 7 ms
19:11:21.562 [main] INFO  org.testng.internal.Utils [TestNG] Time taken by org.testng.reporters.EmailableReporter2@35342d2f: 5 ms
19:11:21.569 [main] INFO  org.testng.internal.Utils [TestNG] Time taken by org.testng.reporters.JUnitReportReporter@3bbf9027: 7 ms
19:11:21.569 [main] INFO  org.testng.internal.Utils [TestNG] Time taken by org.testng.internal.ExitCodeListener@10c2064a: 0 ms
19:12:24.890 [main] DEBUG org.testng.TestNG suiteXmlPath: "C:\Users\swapn\AppData\Local\Temp\testng-eclipse--1016931814\testng-customsuite.xml"
19:12:25.308 [main] INFO  org.testng.internal.Utils [Utils] MethodGroupsHelper.collectMethodsByGroup() took 1 ms.
19:12:25.310 [main] INFO  org.testng.internal.Utils [Utils] MethodGroupsHelper.sortMethods() took 1 ms.
19:12:25.311 [main] INFO  org.testng.internal.Utils [Utils] MethodGroupsHelper.collectMethodsByGroup() took 0 ms.
19:12:25.312 [main] INFO  org.testng.internal.Utils [Utils] MethodGroupsHelper.sortMethods() took 0 ms.
19:12:25.312 [main] INFO  org.testng.internal.Utils [Utils] MethodGroupsHelper.collectMethodsByGroup() took 0 ms.
19:12:25.312 [main] INFO  org.testng.internal.Utils [Utils] MethodGroupsHelper.sortMethods() took 0 ms.
19:12:25.312 [main] INFO  org.testng.internal.Utils [Utils] MethodGroupsHelper.collectMethodsByGroup() took 0 ms.
19:12:25.312 [main] INFO  org.testng.internal.Utils [Utils] MethodGroupsHelper.sortMethods() took 0 ms.
19:12:25.328 [main] INFO  org.testng.internal.Utils [Utils] MethodGroupsHelper.collectMethodsByGroup() took 5 ms.
19:12:25.340 [main] INFO  org.testng.internal.Utils [Utils] MethodGroupsHelper.sortMethods() took 11 ms.
19:12:25.341 [main] INFO  org.testng.internal.Utils [Utils] MethodGroupsHelper.collectMethodsByGroup() took 0 ms.
19:12:25.341 [main] INFO  org.testng.internal.Utils [Utils] MethodGroupsHelper.sortMethods() took 0 ms.
19:12:25.342 [main] INFO  org.testng.internal.Utils [Utils] MethodGroupsHelper.collectMethodsByGroup() took 0 ms.
19:12:25.342 [main] INFO  org.testng.internal.Utils [Utils] MethodGroupsHelper.sortMethods() took 0 ms.
19:12:25.342 [main] INFO  org.testng.internal.Utils [Utils] MethodGroupsHelper.collectMethodsByGroup() took 0 ms.
19:12:25.344 [main] INFO  org.testng.internal.Utils [Utils] MethodGroupsHelper.sortMethods() took 0 ms.
19:12:25.345 [main] INFO  org.testng.internal.Utils [Utils] MethodGroupsHelper.collectMethodsByGroup() took 0 ms.
19:12:25.345 [main] INFO  org.testng.internal.Utils [Utils] MethodGroupsHelper.sortMethods() took 0 ms.
19:12:25.346 [main] INFO  org.testng.internal.Utils [Utils] MethodGroupsHelper.collectMethodsByGroup() took 0 ms.
19:12:25.346 [main] INFO  org.testng.internal.Utils [Utils] MethodGroupsHelper.sortMethods() took 0 ms.
19:12:25.347 [main] INFO  org.testng.internal.Utils [Utils] MethodGroupsHelper.collectMethodsByGroup() took 0 ms.
19:12:25.347 [main] INFO  org.testng.internal.Utils [Utils] MethodGroupsHelper.sortMethods() took 0 ms.
19:12:25.347 [main] INFO  org.testng.internal.Utils [Utils] MethodGroupsHelper.collectMethodsByGroup() took 0 ms.
19:12:25.348 [main] INFO  org.testng.internal.Utils [Utils] MethodGroupsHelper.sortMethods() took 0 ms.
19:12:25.349 [main] INFO  org.testng.internal.Utils [Utils] MethodGroupsHelper.collectMethodsByGroup() took 1 ms.
19:12:25.349 [main] INFO  org.testng.internal.Utils [Utils] MethodGroupsHelper.sortMethods() took 0 ms.
19:12:25.351 [main] INFO  org.testng.internal.Utils [Utils] MethodGroupsHelper.collectMethodsByGroup() took 0 ms.
19:12:25.351 [main] INFO  org.testng.internal.Utils [Utils] MethodGroupsHelper.sortMethods() took 0 ms.
19:12:25.351 [main] INFO  org.testng.internal.Utils [Utils] MethodGroupsHelper.collectMethodsByGroup() took 0 ms.
19:12:25.351 [main] INFO  org.testng.internal.Utils [Utils] MethodGroupsHelper.sortMethods() took 0 ms.
19:12:25.362 [main] INFO  org.testng.internal.Utils [TestNG] Running:
  C:\Users\swapn\AppData\Local\Temp\testng-eclipse--1016931814\testng-customsuite.xml

19:12:25.383 [main] INFO  org.testng.internal.Utils [Utils] DynamicGraphHelper.createDynamicGraph() took 4 ms.
19:12:27.679 [main] INFO  testCases.TC_001_AccountRegistrationTest This is a starting test ....
19:12:28.258 [main] INFO  testCases.TC_001_AccountRegistrationTest Click on the Register ....
19:12:28.262 [main] INFO  testCases.TC_001_AccountRegistrationTest Providing the information detals....
19:12:30.530 [main] INFO  testCases.TC_001_AccountRegistrationTest Validating the message...
19:12:30.530 [main] INFO  testCases.TC_001_AccountRegistrationTest Test failed...
19:12:30.530 [main] ERROR testCases.TC_001_AccountRegistrationTest Test got some error...
19:12:30.530 [main] DEBUG testCases.TC_001_AccountRegistrationTest Test debug...
19:12:30.530 [main] INFO  testCases.TC_001_AccountRegistrationTest The test cases is End...
19:12:30.901 [main] INFO  org.testng.internal.Utils [TestNG] Time taken by org.testng.reporters.jq.Main@7a93b263: 90 ms
19:12:30.902 [main] INFO  org.testng.internal.Utils [TestNG] Time taken by org.testng.reporters.FailedReporter@6c1832aa: 1 ms
19:12:30.908 [main] INFO  org.testng.internal.Utils [TestNG] Time taken by org.testng.reporters.XMLReporter@552ed807: 6 ms
19:12:30.916 [main] INFO  org.testng.internal.Utils [TestNG] Time taken by org.testng.reporters.EmailableReporter2@6601cc93: 6 ms
19:12:30.928 [main] INFO  org.testng.internal.Utils [TestNG] Time taken by org.testng.reporters.JUnitReportReporter@45667d98: 12 ms
19:12:30.930 [main] INFO  org.testng.internal.Utils [TestNG] Time taken by org.testng.internal.ExitCodeListener@65eabaab: 2 ms
19:15:22.603 [main] DEBUG org.testng.TestNG suiteXmlPath: "C:\Users\swapn\AppData\Local\Temp\testng-eclipse--36363399\testng-customsuite.xml"
19:15:23.268 [main] INFO  org.testng.internal.Utils [Utils] MethodGroupsHelper.collectMethodsByGroup() took 0 ms.
19:15:23.269 [main] INFO  org.testng.internal.Utils [Utils] MethodGroupsHelper.sortMethods() took 0 ms.
19:15:23.272 [main] INFO  org.testng.internal.Utils [Utils] MethodGroupsHelper.collectMethodsByGroup() took 0 ms.
19:15:23.272 [main] INFO  org.testng.internal.Utils [Utils] MethodGroupsHelper.sortMethods() took 0 ms.
19:15:23.272 [main] INFO  org.testng.internal.Utils [Utils] MethodGroupsHelper.collectMethodsByGroup() took 0 ms.
19:15:23.272 [main] INFO  org.testng.internal.Utils [Utils] MethodGroupsHelper.sortMethods() took 0 ms.
19:15:23.273 [main] INFO  org.testng.internal.Utils [Utils] MethodGroupsHelper.collectMethodsByGroup() took 0 ms.
19:15:23.273 [main] INFO  org.testng.internal.Utils [Utils] MethodGroupsHelper.sortMethods() took 0 ms.
19:15:23.279 [main] INFO  org.testng.internal.Utils [Utils] MethodGroupsHelper.collectMethodsByGroup() took 5 ms.
19:15:23.309 [main] INFO  org.testng.internal.Utils [Utils] MethodGroupsHelper.sortMethods() took 30 ms.
19:15:23.311 [main] INFO  org.testng.internal.Utils [Utils] MethodGroupsHelper.collectMethodsByGroup() took 0 ms.
19:15:23.311 [main] INFO  org.testng.internal.Utils [Utils] MethodGroupsHelper.sortMethods() took 0 ms.
19:15:23.312 [main] INFO  org.testng.internal.Utils [Utils] MethodGroupsHelper.collectMethodsByGroup() took 0 ms.
19:15:23.312 [main] INFO  org.testng.internal.Utils [Utils] MethodGroupsHelper.sortMethods() took 0 ms.
19:15:23.312 [main] INFO  org.testng.internal.Utils [Utils] MethodGroupsHelper.collectMethodsByGroup() took 0 ms.
19:15:23.312 [main] INFO  org.testng.internal.Utils [Utils] MethodGroupsHelper.sortMethods() took 0 ms.
19:15:23.313 [main] INFO  org.testng.internal.Utils [Utils] MethodGroupsHelper.collectMethodsByGroup() took 0 ms.
19:15:23.315 [main] INFO  org.testng.internal.Utils [Utils] MethodGroupsHelper.sortMethods() took 0 ms.
19:15:23.317 [main] INFO  org.testng.internal.Utils [Utils] MethodGroupsHelper.collectMethodsByGroup() took 0 ms.
19:15:23.317 [main] INFO  org.testng.internal.Utils [Utils] MethodGroupsHelper.sortMethods() took 0 ms.
19:15:23.320 [main] INFO  org.testng.internal.Utils [Utils] MethodGroupsHelper.collectMethodsByGroup() took 0 ms.
19:15:23.321 [main] INFO  org.testng.internal.Utils [Utils] MethodGroupsHelper.sortMethods() took 0 ms.
19:15:23.321 [main] INFO  org.testng.internal.Utils [Utils] MethodGroupsHelper.collectMethodsByGroup() took 0 ms.
19:15:23.321 [main] INFO  org.testng.internal.Utils [Utils] MethodGroupsHelper.sortMethods() took 0 ms.
19:15:23.323 [main] INFO  org.testng.internal.Utils [Utils] MethodGroupsHelper.collectMethodsByGroup() took 1 ms.
19:15:23.323 [main] INFO  org.testng.internal.Utils [Utils] MethodGroupsHelper.sortMethods() took 0 ms.
19:15:23.325 [main] INFO  org.testng.internal.Utils [Utils] MethodGroupsHelper.collectMethodsByGroup() took 0 ms.
19:15:23.325 [main] INFO  org.testng.internal.Utils [Utils] MethodGroupsHelper.sortMethods() took 0 ms.
19:15:23.325 [main] INFO  org.testng.internal.Utils [Utils] MethodGroupsHelper.collectMethodsByGroup() took 0 ms.
19:15:23.325 [main] INFO  org.testng.internal.Utils [Utils] MethodGroupsHelper.sortMethods() took 0 ms.
19:15:23.340 [main] INFO  org.testng.internal.Utils [TestNG] Running:
  C:\Users\swapn\AppData\Local\Temp\testng-eclipse--36363399\testng-customsuite.xml

19:15:23.368 [main] INFO  org.testng.internal.Utils [Utils] DynamicGraphHelper.createDynamicGraph() took 6 ms.
19:15:26.108 [main] INFO  testCases.TC_001_AccountRegistrationTest This is a starting test ....
19:15:26.653 [main] INFO  testCases.TC_001_AccountRegistrationTest Click on the Register ....
19:15:26.659 [main] INFO  testCases.TC_001_AccountRegistrationTest Providing the information detals....
19:15:28.884 [main] INFO  testCases.TC_001_AccountRegistrationTest Validating the message...
19:15:28.884 [main] INFO  testCases.TC_001_AccountRegistrationTest Test failed...
19:15:28.884 [main] ERROR testCases.TC_001_AccountRegistrationTest Test got some error...
19:15:28.884 [main] DEBUG testCases.TC_001_AccountRegistrationTest Test debug...
19:15:28.884 [main] INFO  testCases.TC_001_AccountRegistrationTest The test cases is End...
19:15:29.616 [main] INFO  org.testng.internal.Utils [TestNG] Time taken by org.testng.reporters.jq.Main@7a93b263: 143 ms
19:15:29.618 [main] INFO  org.testng.internal.Utils [TestNG] Time taken by org.testng.reporters.FailedReporter@6c1832aa: 2 ms
19:15:29.630 [main] INFO  org.testng.internal.Utils [TestNG] Time taken by org.testng.reporters.XMLReporter@552ed807: 12 ms
19:15:29.639 [main] INFO  org.testng.internal.Utils [TestNG] Time taken by org.testng.reporters.EmailableReporter2@6601cc93: 9 ms
19:15:29.653 [main] INFO  org.testng.internal.Utils [TestNG] Time taken by org.testng.reporters.JUnitReportReporter@45667d98: 14 ms
19:15:29.653 [main] INFO  org.testng.internal.Utils [TestNG] Time taken by org.testng.internal.ExitCodeListener@65eabaab: 0 ms
20:28:18.609 [main] DEBUG org.testng.TestNG suiteXmlPath: "C:\workspace\Selenium\Opencart\testng.xml"
20:28:19.295 [main] INFO  org.testng.internal.Utils [TestNG] Running:
  C:\workspace\Selenium\Opencart\testng.xml

20:28:49.433 [main] DEBUG org.testng.TestNG suiteXmlPath: "C:\workspace\Selenium\Opencart\testng.xml"
20:28:49.926 [main] INFO  org.testng.internal.Utils [TestNG] Running:
  C:\workspace\Selenium\Opencart\testng.xml

20:29:30.060 [main] DEBUG org.testng.TestNG suiteXmlPath: "C:\workspace\Selenium\Opencart\testng.xml"
20:29:30.635 [main] INFO  org.testng.internal.Utils [TestNG] Running:
  C:\workspace\Selenium\Opencart\testng.xml

20:30:52.522 [main] DEBUG org.testng.TestNG suiteXmlPath: "C:\workspace\Selenium\Opencart\testng.xml"
20:30:53.076 [main] INFO  org.testng.internal.Utils [TestNG] Running:
  C:\workspace\Selenium\Opencart\testng.xml

20:31:15.143 [main] DEBUG org.testng.TestNG suiteXmlPath: "C:\Users\swapn\AppData\Local\Temp\testng-eclipse-492991959\testng-customsuite.xml"
20:31:15.649 [main] INFO  org.testng.internal.Utils [Utils] MethodGroupsHelper.collectMethodsByGroup() took 0 ms.
20:31:15.659 [main] INFO  org.testng.internal.Utils [Utils] MethodGroupsHelper.sortMethods() took 9 ms.
20:31:15.662 [main] INFO  org.testng.internal.Utils [Utils] MethodGroupsHelper.collectMethodsByGroup() took 0 ms.
20:31:15.662 [main] INFO  org.testng.internal.Utils [Utils] MethodGroupsHelper.sortMethods() took 0 ms.
20:31:15.663 [main] INFO  org.testng.internal.Utils [Utils] MethodGroupsHelper.collectMethodsByGroup() took 0 ms.
20:31:15.663 [main] INFO  org.testng.internal.Utils [Utils] MethodGroupsHelper.sortMethods() took 0 ms.
20:31:15.663 [main] INFO  org.testng.internal.Utils [Utils] MethodGroupsHelper.collectMethodsByGroup() took 0 ms.
20:31:15.663 [main] INFO  org.testng.internal.Utils [Utils] MethodGroupsHelper.sortMethods() took 0 ms.
20:31:15.669 [main] INFO  org.testng.internal.Utils [Utils] MethodGroupsHelper.collectMethodsByGroup() took 4 ms.
20:31:15.683 [main] INFO  org.testng.internal.Utils [Utils] MethodGroupsHelper.sortMethods() took 14 ms.
20:31:15.685 [main] INFO  org.testng.internal.Utils [Utils] MethodGroupsHelper.collectMethodsByGroup() took 0 ms.
20:31:15.686 [main] INFO  org.testng.internal.Utils [Utils] MethodGroupsHelper.sortMethods() took 1 ms.
20:31:15.687 [main] INFO  org.testng.internal.Utils [Utils] MethodGroupsHelper.collectMethodsByGroup() took 0 ms.
20:31:15.687 [main] INFO  org.testng.internal.Utils [Utils] MethodGroupsHelper.sortMethods() took 0 ms.
20:31:15.688 [main] INFO  org.testng.internal.Utils [Utils] MethodGroupsHelper.collectMethodsByGroup() took 0 ms.
20:31:15.688 [main] INFO  org.testng.internal.Utils [Utils] MethodGroupsHelper.sortMethods() took 0 ms.
20:31:15.689 [main] INFO  org.testng.internal.Utils [Utils] MethodGroupsHelper.collectMethodsByGroup() took 0 ms.
20:31:15.689 [main] INFO  org.testng.internal.Utils [Utils] MethodGroupsHelper.sortMethods() took 0 ms.
20:31:15.689 [main] INFO  org.testng.internal.Utils [Utils] MethodGroupsHelper.collectMethodsByGroup() took 0 ms.
20:31:15.690 [main] INFO  org.testng.internal.Utils [Utils] MethodGroupsHelper.sortMethods() took 0 ms.
20:31:15.692 [main] INFO  org.testng.internal.Utils [Utils] MethodGroupsHelper.collectMethodsByGroup() took 0 ms.
20:31:15.693 [main] INFO  org.testng.internal.Utils [Utils] MethodGroupsHelper.sortMethods() took 1 ms.
20:31:15.693 [main] INFO  org.testng.internal.Utils [Utils] MethodGroupsHelper.collectMethodsByGroup() took 0 ms.
20:31:15.693 [main] INFO  org.testng.internal.Utils [Utils] MethodGroupsHelper.sortMethods() took 0 ms.
20:31:15.694 [main] INFO  org.testng.internal.Utils [Utils] MethodGroupsHelper.collectMethodsByGroup() took 0 ms.
20:31:15.695 [main] INFO  org.testng.internal.Utils [Utils] MethodGroupsHelper.sortMethods() took 0 ms.
20:31:15.696 [main] INFO  org.testng.internal.Utils [Utils] MethodGroupsHelper.collectMethodsByGroup() took 0 ms.
20:31:15.697 [main] INFO  org.testng.internal.Utils [Utils] MethodGroupsHelper.sortMethods() took 0 ms.
20:31:15.697 [main] INFO  org.testng.internal.Utils [Utils] MethodGroupsHelper.collectMethodsByGroup() took 0 ms.
20:31:15.697 [main] INFO  org.testng.internal.Utils [Utils] MethodGroupsHelper.sortMethods() took 0 ms.
20:31:15.712 [main] INFO  org.testng.internal.Utils [TestNG] Running:
  C:\Users\swapn\AppData\Local\Temp\testng-eclipse-492991959\testng-customsuite.xml

20:31:15.738 [main] INFO  org.testng.internal.Utils [Utils] DynamicGraphHelper.createDynamicGraph() took 4 ms.
20:31:15.939 [main] INFO  org.testng.internal.Utils [TestNG] Time taken by org.testng.reporters.jq.Main@544630b7: 74 ms
20:31:15.954 [main] INFO  org.testng.internal.Utils [TestNG] Time taken by org.testng.reporters.FailedReporter@62d363ab: 15 ms
20:31:15.965 [main] INFO  org.testng.internal.Utils [TestNG] Time taken by org.testng.reporters.XMLReporter@77cf3f8b: 10 ms
20:31:15.973 [main] INFO  org.testng.internal.Utils [TestNG] Time taken by org.testng.reporters.EmailableReporter2@22c01ab0: 8 ms
20:31:15.986 [main] INFO  org.testng.internal.Utils [TestNG] Time taken by org.testng.reporters.JUnitReportReporter@10027fc9: 13 ms
20:31:15.987 [main] INFO  org.testng.internal.Utils [TestNG] Time taken by org.testng.internal.ExitCodeListener@54afd745: 0 ms
20:32:53.297 [main] DEBUG org.testng.TestNG suiteXmlPath: "C:\Users\swapn\AppData\Local\Temp\testng-eclipse-326300451\testng-customsuite.xml"
20:32:53.917 [main] INFO  org.testng.internal.Utils [Utils] MethodGroupsHelper.collectMethodsByGroup() took 1 ms.
20:32:53.919 [main] INFO  org.testng.internal.Utils [Utils] MethodGroupsHelper.sortMethods() took 2 ms.
20:32:53.921 [main] INFO  org.testng.internal.Utils [Utils] MethodGroupsHelper.collectMethodsByGroup() took 0 ms.
20:32:53.921 [main] INFO  org.testng.internal.Utils [Utils] MethodGroupsHelper.sortMethods() took 0 ms.
20:32:53.921 [main] INFO  org.testng.internal.Utils [Utils] MethodGroupsHelper.collectMethodsByGroup() took 0 ms.
20:32:53.921 [main] INFO  org.testng.internal.Utils [Utils] MethodGroupsHelper.sortMethods() took 0 ms.
20:32:53.922 [main] INFO  org.testng.internal.Utils [Utils] MethodGroupsHelper.collectMethodsByGroup() took 0 ms.
20:32:53.922 [main] INFO  org.testng.internal.Utils [Utils] MethodGroupsHelper.sortMethods() took 0 ms.
20:32:53.933 [main] INFO  org.testng.internal.Utils [Utils] MethodGroupsHelper.collectMethodsByGroup() took 10 ms.
20:32:53.949 [main] INFO  org.testng.internal.Utils [Utils] MethodGroupsHelper.sortMethods() took 14 ms.
20:32:53.950 [main] INFO  org.testng.internal.Utils [Utils] MethodGroupsHelper.collectMethodsByGroup() took 0 ms.
20:32:53.950 [main] INFO  org.testng.internal.Utils [Utils] MethodGroupsHelper.sortMethods() took 0 ms.
20:32:53.951 [main] INFO  org.testng.internal.Utils [Utils] MethodGroupsHelper.collectMethodsByGroup() took 0 ms.
20:32:53.951 [main] INFO  org.testng.internal.Utils [Utils] MethodGroupsHelper.sortMethods() took 0 ms.
20:32:53.951 [main] INFO  org.testng.internal.Utils [Utils] MethodGroupsHelper.collectMethodsByGroup() took 0 ms.
20:32:53.951 [main] INFO  org.testng.internal.Utils [Utils] MethodGroupsHelper.sortMethods() took 0 ms.
20:32:53.952 [main] INFO  org.testng.internal.Utils [Utils] MethodGroupsHelper.collectMethodsByGroup() took 0 ms.
20:32:53.952 [main] INFO  org.testng.internal.Utils [Utils] MethodGroupsHelper.sortMethods() took 0 ms.
20:32:53.952 [main] INFO  org.testng.internal.Utils [Utils] MethodGroupsHelper.collectMethodsByGroup() took 0 ms.
20:32:53.952 [main] INFO  org.testng.internal.Utils [Utils] MethodGroupsHelper.sortMethods() took 0 ms.
20:32:53.955 [main] INFO  org.testng.internal.Utils [Utils] MethodGroupsHelper.collectMethodsByGroup() took 0 ms.
20:32:53.955 [main] INFO  org.testng.internal.Utils [Utils] MethodGroupsHelper.sortMethods() took 0 ms.
20:32:53.955 [main] INFO  org.testng.internal.Utils [Utils] MethodGroupsHelper.collectMethodsByGroup() took 0 ms.
20:32:53.955 [main] INFO  org.testng.internal.Utils [Utils] MethodGroupsHelper.sortMethods() took 0 ms.
20:32:53.956 [main] INFO  org.testng.internal.Utils [Utils] MethodGroupsHelper.collectMethodsByGroup() took 0 ms.
20:32:53.957 [main] INFO  org.testng.internal.Utils [Utils] MethodGroupsHelper.sortMethods() took 0 ms.
20:32:53.958 [main] INFO  org.testng.internal.Utils [Utils] MethodGroupsHelper.collectMethodsByGroup() took 0 ms.
20:32:53.958 [main] INFO  org.testng.internal.Utils [Utils] MethodGroupsHelper.sortMethods() took 0 ms.
20:32:53.958 [main] INFO  org.testng.internal.Utils [Utils] MethodGroupsHelper.collectMethodsByGroup() took 0 ms.
20:32:53.958 [main] INFO  org.testng.internal.Utils [Utils] MethodGroupsHelper.sortMethods() took 0 ms.
20:32:53.967 [main] INFO  org.testng.internal.Utils [TestNG] Running:
  C:\Users\swapn\AppData\Local\Temp\testng-eclipse-326300451\testng-customsuite.xml

20:32:53.993 [main] INFO  org.testng.internal.Utils [Utils] DynamicGraphHelper.createDynamicGraph() took 7 ms.
20:32:54.181 [main] INFO  org.testng.internal.Utils [TestNG] Time taken by org.testng.reporters.jq.Main@70ab80e3: 67 ms
20:32:54.193 [main] INFO  org.testng.internal.Utils [TestNG] Time taken by org.testng.reporters.FailedReporter@4263b080: 12 ms
20:32:54.202 [main] INFO  org.testng.internal.Utils [TestNG] Time taken by org.testng.reporters.XMLReporter@1494b84d: 9 ms
20:32:54.211 [main] INFO  org.testng.internal.Utils [TestNG] Time taken by org.testng.reporters.EmailableReporter2@76318a7d: 9 ms
20:32:54.223 [main] INFO  org.testng.internal.Utils [TestNG] Time taken by org.testng.reporters.JUnitReportReporter@37fbe4a8: 11 ms
20:32:54.223 [main] INFO  org.testng.internal.Utils [TestNG] Time taken by org.testng.internal.ExitCodeListener@352c308: 0 ms
20:33:37.734 [main] DEBUG org.testng.TestNG suiteXmlPath: "C:\workspace\Selenium\Opencart\testng.xml"
20:33:38.309 [main] INFO  org.testng.internal.Utils [TestNG] Running:
  C:\workspace\Selenium\Opencart\testng.xml

20:33:59.548 [main] DEBUG org.testng.TestNG suiteXmlPath: "C:\workspace\Selenium\Opencart\testng.xml"
20:34:00.030 [main] INFO  org.testng.internal.Utils [TestNG] Running:
  C:\workspace\Selenium\Opencart\testng.xml

20:34:04.149 [main] INFO  testCases.TC_001_AccountRegistrationTest This is a starting test ....
20:34:04.698 [main] INFO  testCases.TC_001_AccountRegistrationTest Click on the Register ....
20:34:04.705 [main] INFO  testCases.TC_001_AccountRegistrationTest Providing the information detals....
20:34:07.635 [main] INFO  testCases.TC_001_AccountRegistrationTest Validating the message...
20:34:07.635 [main] INFO  testCases.TC_001_AccountRegistrationTest Test failed...
20:34:07.635 [main] ERROR testCases.TC_001_AccountRegistrationTest Test got some error...
20:34:07.635 [main] DEBUG testCases.TC_001_AccountRegistrationTest Test debug...
20:34:07.635 [main] INFO  testCases.TC_001_AccountRegistrationTest The test cases is End...
20:34:33.974 [main] DEBUG org.testng.TestNG suiteXmlPath: "C:\workspace\Selenium\Opencart\testng.xml"
20:34:34.785 [main] INFO  org.testng.internal.Utils [TestNG] Running:
  C:\workspace\Selenium\Opencart\testng.xml

20:34:50.275 [main] DEBUG org.testng.TestNG suiteXmlPath: "C:\workspace\Selenium\Opencart\testng.xml"
20:34:50.767 [main] INFO  org.testng.internal.Utils [TestNG] Running:
  C:\workspace\Selenium\Opencart\testng.xml

20:35:02.391 [main] DEBUG org.testng.TestNG suiteXmlPath: "C:\workspace\Selenium\Opencart\testng.xml"
20:35:02.864 [main] INFO  org.testng.internal.Utils [TestNG] Running:
  C:\workspace\Selenium\Opencart\testng.xml

20:35:19.455 [main] DEBUG org.testng.TestNG suiteXmlPath: "C:\workspace\Selenium\Opencart\testng.xml"
20:35:19.961 [main] INFO  org.testng.internal.Utils [TestNG] Running:
  C:\workspace\Selenium\Opencart\testng.xml

20:35:51.152 [main] INFO  testCases.TC_001_AccountRegistrationTest This is a starting test ....
20:35:52.825 [main] INFO  testCases.TC_001_AccountRegistrationTest Click on the Register ....
20:35:52.829 [main] INFO  testCases.TC_001_AccountRegistrationTest Providing the information detals....
20:35:54.790 [main] INFO  testCases.TC_001_AccountRegistrationTest Validating the message...
20:35:54.790 [main] INFO  testCases.TC_001_AccountRegistrationTest Test failed...
20:35:54.791 [main] ERROR testCases.TC_001_AccountRegistrationTest Test got some error...
20:35:54.791 [main] DEBUG testCases.TC_001_AccountRegistrationTest Test debug...
20:35:54.791 [main] INFO  testCases.TC_001_AccountRegistrationTest The test cases is End...
20:36:20.763 [main] DEBUG org.testng.TestNG suiteXmlPath: "C:\workspace\Selenium\Opencart\testng.xml"
20:36:21.299 [main] INFO  org.testng.internal.Utils [TestNG] Running:
  C:\workspace\Selenium\Opencart\testng.xml

20:40:12.165 [main] DEBUG org.testng.TestNG suiteXmlPath: "C:\workspace\Selenium\Opencart\testng.xml"
20:40:13.056 [main] INFO  org.testng.internal.Utils [TestNG] Running:
  C:\workspace\Selenium\Opencart\testng.xml

20:40:17.129 [main] INFO  testCases.TC_001_AccountRegistrationTest This is a starting test ....
20:40:17.977 [main] INFO  testCases.TC_001_AccountRegistrationTest Click on the Register ....
20:40:17.986 [main] INFO  testCases.TC_001_AccountRegistrationTest Providing the information detals....
20:40:22.365 [main] INFO  testCases.TC_001_AccountRegistrationTest Validating the message...
20:40:22.365 [main] INFO  testCases.TC_001_AccountRegistrationTest Test failed...
20:40:22.365 [main] ERROR testCases.TC_001_AccountRegistrationTest Test got some error...
20:40:22.365 [main] DEBUG testCases.TC_001_AccountRegistrationTest Test debug...
20:40:22.365 [main] INFO  testCases.TC_001_AccountRegistrationTest The test cases is End...
20:43:17.794 [main] DEBUG org.testng.TestNG suiteXmlPath: "C:\workspace\Selenium\Opencart\testng.xml"
20:43:18.646 [main] INFO  org.testng.internal.Utils [TestNG] Running:
  C:\workspace\Selenium\Opencart\testng.xml

20:43:22.392 [main] INFO  testCases.TC_001_AccountRegistrationTest This is a starting test ....
20:43:23.222 [main] INFO  testCases.TC_001_AccountRegistrationTest Click on the Register ....
20:43:23.230 [main] INFO  testCases.TC_001_AccountRegistrationTest Providing the information detals....
20:43:26.209 [main] INFO  testCases.TC_001_AccountRegistrationTest Validating the message...
20:43:26.209 [main] INFO  testCases.TC_001_AccountRegistrationTest Test failed...
20:43:26.209 [main] ERROR testCases.TC_001_AccountRegistrationTest Test got some error...
20:43:26.209 [main] DEBUG testCases.TC_001_AccountRegistrationTest Test debug...
20:43:26.209 [main] INFO  testCases.TC_001_AccountRegistrationTest The test cases is End...
20:43:52.903 [main] DEBUG org.testng.TestNG suiteXmlPath: "C:\workspace\Selenium\Opencart\testng.xml"
20:43:53.538 [main] INFO  org.testng.internal.Utils [TestNG] Running:
  C:\workspace\Selenium\Opencart\testng.xml

20:43:58.889 [main] INFO  testCases.TC_001_AccountRegistrationTest This is a starting test ....
20:43:59.762 [main] INFO  testCases.TC_001_AccountRegistrationTest Click on the Register ....
20:43:59.769 [main] INFO  testCases.TC_001_AccountRegistrationTest Providing the information detals....
20:44:02.729 [main] INFO  testCases.TC_001_AccountRegistrationTest Validating the message...
20:44:02.735 [main] INFO  testCases.TC_001_AccountRegistrationTest Test failed...
20:44:02.735 [main] ERROR testCases.TC_001_AccountRegistrationTest Test got some error...
20:44:02.735 [main] DEBUG testCases.TC_001_AccountRegistrationTest Test debug...
20:44:02.735 [main] INFO  testCases.TC_001_AccountRegistrationTest The test cases is End...
20:44:10.247 [main] INFO  testCases.TC_001_AccountRegistrationTest This is a starting test ....
20:44:11.579 [main] INFO  testCases.TC_001_AccountRegistrationTest Click on the Register ....
20:44:11.590 [main] INFO  testCases.TC_001_AccountRegistrationTest Providing the information detals....
20:44:13.356 [main] INFO  testCases.TC_001_AccountRegistrationTest Validating the message...
20:44:13.358 [main] INFO  testCases.TC_001_AccountRegistrationTest Test failed...
20:44:13.358 [main] ERROR testCases.TC_001_AccountRegistrationTest Test got some error...
20:44:13.358 [main] DEBUG testCases.TC_001_AccountRegistrationTest Test debug...
20:44:13.359 [main] INFO  testCases.TC_001_AccountRegistrationTest The test cases is End...
20:44:57.202 [main] DEBUG org.testng.TestNG suiteXmlPath: "C:\workspace\Selenium\Opencart\testng.xml"
20:44:58.178 [main] INFO  org.testng.internal.Utils [TestNG] Running:
  C:\workspace\Selenium\Opencart\testng.xml

20:45:03.785 [TestNG-tests-1] INFO  testCases.TC_001_AccountRegistrationTest This is a starting test ....
20:45:06.271 [TestNG-tests-1] INFO  testCases.TC_001_AccountRegistrationTest Click on the Register ....
20:45:06.280 [TestNG-tests-1] INFO  testCases.TC_001_AccountRegistrationTest Providing the information detals....
20:45:11.759 [TestNG-tests-1] INFO  testCases.TC_001_AccountRegistrationTest Validating the message...
20:45:11.760 [TestNG-tests-1] INFO  testCases.TC_001_AccountRegistrationTest Test failed...
20:45:11.760 [TestNG-tests-1] ERROR testCases.TC_001_AccountRegistrationTest Test got some error...
20:45:11.760 [TestNG-tests-1] DEBUG testCases.TC_001_AccountRegistrationTest Test debug...
20:45:11.760 [TestNG-tests-1] INFO  testCases.TC_001_AccountRegistrationTest The test cases is End...
20:45:12.020 [TestNG-tests-2] INFO  testCases.TC_001_AccountRegistrationTest This is a starting test ....
20:45:12.975 [TestNG-tests-2] INFO  testCases.TC_001_AccountRegistrationTest Click on the Register ....
20:45:12.977 [TestNG-tests-2] INFO  testCases.TC_001_AccountRegistrationTest Providing the information detals....
20:45:14.670 [TestNG-tests-2] INFO  testCases.TC_001_AccountRegistrationTest Validating the message...
20:45:14.670 [TestNG-tests-2] INFO  testCases.TC_001_AccountRegistrationTest Test failed...
20:45:14.671 [TestNG-tests-2] ERROR testCases.TC_001_AccountRegistrationTest Test got some error...
20:45:14.671 [TestNG-tests-2] DEBUG testCases.TC_001_AccountRegistrationTest Test debug...
20:45:14.671 [TestNG-tests-2] INFO  testCases.TC_001_AccountRegistrationTest The test cases is End...
21:11:14.394 [main] DEBUG org.testng.TestNG suiteXmlPath: "C:\workspace\Selenium\Opencart\testng.xml"
21:11:15.345 [main] INFO  org.testng.internal.Utils [TestNG] Running:
  C:\workspace\Selenium\Opencart\testng.xml

21:11:21.008 [TestNG-tests-1] INFO  testCases.TC_001_AccountRegistrationTest This is a starting test ....
21:11:22.829 [TestNG-tests-1] INFO  testCases.TC_001_AccountRegistrationTest Click on the Register ....
21:11:22.836 [TestNG-tests-1] INFO  testCases.TC_001_AccountRegistrationTest Providing the information detals....
21:11:26.029 [TestNG-tests-1] INFO  testCases.TC_001_AccountRegistrationTest Validating the message...
21:11:26.035 [TestNG-tests-1] INFO  testCases.TC_001_AccountRegistrationTest Test failed...
21:11:26.035 [TestNG-tests-1] ERROR testCases.TC_001_AccountRegistrationTest Test got some error...
21:11:26.035 [TestNG-tests-1] DEBUG testCases.TC_001_AccountRegistrationTest Test debug...
21:11:26.035 [TestNG-tests-1] INFO  testCases.TC_001_AccountRegistrationTest The test cases is End...
21:11:30.181 [TestNG-tests-2] INFO  testCases.TC_001_AccountRegistrationTest This is a starting test ....
21:11:30.906 [TestNG-tests-2] INFO  testCases.TC_001_AccountRegistrationTest Click on the Register ....
21:11:30.909 [TestNG-tests-2] INFO  testCases.TC_001_AccountRegistrationTest Providing the information detals....
21:11:32.486 [TestNG-tests-2] INFO  testCases.TC_001_AccountRegistrationTest Validating the message...
21:11:32.487 [TestNG-tests-2] INFO  testCases.TC_001_AccountRegistrationTest Test failed...
21:11:32.492 [TestNG-tests-2] ERROR testCases.TC_001_AccountRegistrationTest Test got some error...
21:11:32.492 [TestNG-tests-2] DEBUG testCases.TC_001_AccountRegistrationTest Test debug...
21:11:32.494 [TestNG-tests-2] INFO  testCases.TC_001_AccountRegistrationTest The test cases is End...
11:08:22.550 [main] DEBUG org.testng.TestNG suiteXmlPath: "C:\workspace\Selenium\Opencart\testng.xml"
11:08:52.296 [main] DEBUG org.testng.TestNG suiteXmlPath: "C:\workspace\Selenium\Opencart\testng.xml"
11:11:58.178 [main] DEBUG org.testng.TestNG suiteXmlPath: "C:\Users\swapn\AppData\Local\Temp\testng-eclipse--1362102999\testng-customsuite.xml"
11:12:51.271 [main] DEBUG org.testng.TestNG suiteXmlPath: "C:\workspace\Selenium\Opencart\testng.xml"
11:33:01.050 [main] DEBUG org.testng.TestNG suiteXmlPath: "C:\workspace\Selenium\Opencart\testng.xml"
11:34:01.424 [main] DEBUG org.testng.TestNG suiteXmlPath: "C:\workspace\Selenium\Opencart\testng.xml"
11:44:34.466 [main] DEBUG org.testng.TestNG suiteXmlPath: "C:\workspace\Selenium\Opencart\testng.xml"
11:44:35.460 [main] INFO  org.testng.internal.Utils [TestNG] Running:
  C:\workspace\Selenium\Opencart\testng.xml

11:48:25.870 [main] DEBUG org.testng.TestNG suiteXmlPath: "C:\workspace\Selenium\Opencart\testng.xml"
11:48:26.593 [main] INFO  org.testng.internal.Utils [TestNG] Running:
  C:\workspace\Selenium\Opencart\testng.xml

11:49:43.393 [main] DEBUG org.testng.TestNG suiteXmlPath: "C:\workspace\Selenium\Opencart\testng.xml"
11:49:44.271 [main] INFO  org.testng.internal.Utils [TestNG] Running:
  C:\workspace\Selenium\Opencart\testng.xml

11:52:52.068 [main] DEBUG org.testng.TestNG suiteXmlPath: "C:\Users\swapn\AppData\Local\Temp\testng-eclipse--1561846807\testng-customsuite.xml"
11:52:52.830 [main] INFO  org.testng.internal.Utils [Utils] MethodGroupsHelper.collectMethodsByGroup() took 1 ms.
11:52:52.833 [main] INFO  org.testng.internal.Utils [Utils] MethodGroupsHelper.sortMethods() took 1 ms.
11:52:52.835 [main] INFO  org.testng.internal.Utils [Utils] MethodGroupsHelper.collectMethodsByGroup() took 0 ms.
11:52:52.836 [main] INFO  org.testng.internal.Utils [Utils] MethodGroupsHelper.sortMethods() took 0 ms.
11:52:52.836 [main] INFO  org.testng.internal.Utils [Utils] MethodGroupsHelper.collectMethodsByGroup() took 0 ms.
11:52:52.836 [main] INFO  org.testng.internal.Utils [Utils] MethodGroupsHelper.sortMethods() took 0 ms.
11:52:52.838 [main] INFO  org.testng.internal.Utils [Utils] MethodGroupsHelper.collectMethodsByGroup() took 0 ms.
11:52:52.838 [main] INFO  org.testng.internal.Utils [Utils] MethodGroupsHelper.sortMethods() took 0 ms.
11:52:52.863 [main] INFO  org.testng.internal.Utils [Utils] MethodGroupsHelper.collectMethodsByGroup() took 11 ms.
11:52:52.884 [main] INFO  org.testng.internal.Utils [Utils] MethodGroupsHelper.sortMethods() took 21 ms.
11:52:52.887 [main] INFO  org.testng.internal.Utils [Utils] MethodGroupsHelper.collectMethodsByGroup() took 0 ms.
11:52:52.888 [main] INFO  org.testng.internal.Utils [Utils] MethodGroupsHelper.sortMethods() took 0 ms.
11:52:52.888 [main] INFO  org.testng.internal.Utils [Utils] MethodGroupsHelper.collectMethodsByGroup() took 0 ms.
11:52:52.888 [main] INFO  org.testng.internal.Utils [Utils] MethodGroupsHelper.sortMethods() took 0 ms.
11:52:52.889 [main] INFO  org.testng.internal.Utils [Utils] MethodGroupsHelper.collectMethodsByGroup() took 0 ms.
11:52:52.889 [main] INFO  org.testng.internal.Utils [Utils] MethodGroupsHelper.sortMethods() took 0 ms.
11:52:52.891 [main] INFO  org.testng.internal.Utils [Utils] MethodGroupsHelper.collectMethodsByGroup() took 0 ms.
11:52:52.891 [main] INFO  org.testng.internal.Utils [Utils] MethodGroupsHelper.sortMethods() took 0 ms.
11:52:52.892 [main] INFO  org.testng.internal.Utils [Utils] MethodGroupsHelper.collectMethodsByGroup() took 0 ms.
11:52:52.892 [main] INFO  org.testng.internal.Utils [Utils] MethodGroupsHelper.sortMethods() took 0 ms.
11:52:52.897 [main] INFO  org.testng.internal.Utils [Utils] MethodGroupsHelper.collectMethodsByGroup() took 0 ms.
11:52:52.897 [main] INFO  org.testng.internal.Utils [Utils] MethodGroupsHelper.sortMethods() took 0 ms.
11:52:52.897 [main] INFO  org.testng.internal.Utils [Utils] MethodGroupsHelper.collectMethodsByGroup() took 0 ms.
11:52:52.897 [main] INFO  org.testng.internal.Utils [Utils] MethodGroupsHelper.sortMethods() took 0 ms.
11:52:52.901 [main] INFO  org.testng.internal.Utils [Utils] MethodGroupsHelper.collectMethodsByGroup() took 2 ms.
11:52:52.902 [main] INFO  org.testng.internal.Utils [Utils] MethodGroupsHelper.sortMethods() took 0 ms.
11:52:52.904 [main] INFO  org.testng.internal.Utils [Utils] MethodGroupsHelper.collectMethodsByGroup() took 0 ms.
11:52:52.905 [main] INFO  org.testng.internal.Utils [Utils] MethodGroupsHelper.sortMethods() took 0 ms.
11:52:52.905 [main] INFO  org.testng.internal.Utils [Utils] MethodGroupsHelper.collectMethodsByGroup() took 0 ms.
11:52:52.905 [main] INFO  org.testng.internal.Utils [Utils] MethodGroupsHelper.sortMethods() took 0 ms.
11:52:52.923 [main] INFO  org.testng.internal.Utils [TestNG] Running:
  C:\Users\swapn\AppData\Local\Temp\testng-eclipse--1561846807\testng-customsuite.xml

11:52:52.966 [main] INFO  org.testng.internal.Utils [Utils] DynamicGraphHelper.createDynamicGraph() took 6 ms.
11:52:56.612 [main] INFO  org.testng.internal.Utils [TestNG] Time taken by org.testng.reporters.jq.Main@3b36e000: 217 ms
11:52:56.669 [main] INFO  org.testng.internal.Utils [TestNG] Time taken by org.testng.reporters.FailedReporter@421a4ee1: 56 ms
11:52:56.694 [main] INFO  org.testng.internal.Utils [TestNG] Time taken by org.testng.reporters.XMLReporter@46866946: 25 ms
11:52:56.718 [main] INFO  org.testng.internal.Utils [TestNG] Time taken by org.testng.reporters.EmailableReporter2@1b29d52b: 23 ms
11:52:56.767 [main] INFO  org.testng.internal.Utils [TestNG] Time taken by org.testng.reporters.JUnitReportReporter@50a3d0f6: 48 ms
11:52:56.772 [main] INFO  org.testng.internal.Utils [TestNG] Time taken by org.testng.internal.ExitCodeListener@6e57b5e9: 0 ms
13:05:49.478 [main] DEBUG org.testng.TestNG suiteXmlPath: "C:\workspace\Selenium\Opencart\testng.xml"
13:06:39.037 [main] DEBUG org.testng.TestNG suiteXmlPath: "C:\workspace\Selenium\Opencart\testng.xml"
13:06:46.662 [main] DEBUG org.testng.TestNG suiteXmlPath: "C:\workspace\Selenium\Opencart\testng.xml"
13:11:33.746 [main] DEBUG org.testng.TestNG suiteXmlPath: "C:\workspace\Selenium\Opencart\testng.xml"
13:11:34.512 [main] INFO  org.testng.internal.Utils [TestNG] Running:
  C:\workspace\Selenium\Opencart\testng.xml

13:28:05.627 [main] DEBUG org.testng.TestNG suiteXmlPath: "C:\workspace\Selenium\Opencart\testng.xml"
13:28:06.367 [main] INFO  org.testng.internal.Utils [TestNG] Running:
  C:\workspace\Selenium\Opencart\testng.xml

13:28:23.908 [main] DEBUG org.testng.TestNG suiteXmlPath: "C:\workspace\Selenium\Opencart\testng.xml"
13:28:24.427 [main] INFO  org.testng.internal.Utils [TestNG] Running:
  C:\workspace\Selenium\Opencart\testng.xml

13:36:25.434 [main] DEBUG org.testng.TestNG suiteXmlPath: "C:\workspace\Selenium\Opencart\testng.xml"
13:36:55.055 [main] DEBUG org.testng.TestNG suiteXmlPath: "C:\workspace\Selenium\Opencart\testng.xml"
13:38:26.193 [main] DEBUG org.testng.TestNG suiteXmlPath: "C:\workspace\Selenium\Opencart\testng.xml"
13:40:40.058 [main] DEBUG org.testng.TestNG suiteXmlPath: "C:\workspace\Selenium\Opencart\testng.xml"
13:43:14.503 [main] DEBUG org.testng.TestNG suiteXmlPath: "C:\workspace\Selenium\Opencart\testng.xml"
14:03:45.258 [main] DEBUG org.testng.TestNG suiteXmlPath: "C:\workspace\Selenium\Opencart\testng.xml"
14:05:18.004 [main] DEBUG org.testng.TestNG suiteXmlPath: "C:\workspace\Selenium\Opencart\testng.xml"
14:05:18.538 [main] INFO  org.testng.internal.Utils [TestNG] Running:
  C:\workspace\Selenium\Opencart\testng.xml

14:05:24.199 [TestNG-tests-1] INFO  testCases.TC_002_LoginTest Starting the login Test.....
14:05:45.155 [main] DEBUG org.testng.TestNG suiteXmlPath: "C:\Users\swapn\AppData\Local\Temp\testng-eclipse-2026656849\testng-customsuite.xml"
14:05:45.614 [main] INFO  org.testng.internal.Utils [Utils] MethodGroupsHelper.collectMethodsByGroup() took 1 ms.
14:05:45.618 [main] INFO  org.testng.internal.Utils [Utils] MethodGroupsHelper.sortMethods() took 2 ms.
14:05:45.619 [main] INFO  org.testng.internal.Utils [Utils] MethodGroupsHelper.collectMethodsByGroup() took 0 ms.
14:05:45.620 [main] INFO  org.testng.internal.Utils [Utils] MethodGroupsHelper.sortMethods() took 0 ms.
14:05:45.620 [main] INFO  org.testng.internal.Utils [Utils] MethodGroupsHelper.collectMethodsByGroup() took 0 ms.
14:05:45.620 [main] INFO  org.testng.internal.Utils [Utils] MethodGroupsHelper.sortMethods() took 0 ms.
14:05:45.621 [main] INFO  org.testng.internal.Utils [Utils] MethodGroupsHelper.collectMethodsByGroup() took 0 ms.
14:05:45.621 [main] INFO  org.testng.internal.Utils [Utils] MethodGroupsHelper.sortMethods() took 0 ms.
14:05:45.635 [main] INFO  org.testng.internal.Utils [Utils] MethodGroupsHelper.collectMethodsByGroup() took 6 ms.
14:05:45.651 [main] INFO  org.testng.internal.Utils [Utils] MethodGroupsHelper.sortMethods() took 15 ms.
14:05:45.652 [main] INFO  org.testng.internal.Utils [Utils] MethodGroupsHelper.collectMethodsByGroup() took 0 ms.
14:05:45.653 [main] INFO  org.testng.internal.Utils [Utils] MethodGroupsHelper.sortMethods() took 0 ms.
14:05:45.653 [main] INFO  org.testng.internal.Utils [Utils] MethodGroupsHelper.collectMethodsByGroup() took 0 ms.
14:05:45.653 [main] INFO  org.testng.internal.Utils [Utils] MethodGroupsHelper.sortMethods() took 0 ms.
14:05:45.654 [main] INFO  org.testng.internal.Utils [Utils] MethodGroupsHelper.collectMethodsByGroup() took 0 ms.
14:05:45.654 [main] INFO  org.testng.internal.Utils [Utils] MethodGroupsHelper.sortMethods() took 0 ms.
14:05:45.655 [main] INFO  org.testng.internal.Utils [Utils] MethodGroupsHelper.collectMethodsByGroup() took 0 ms.
14:05:45.655 [main] INFO  org.testng.internal.Utils [Utils] MethodGroupsHelper.sortMethods() took 0 ms.
14:05:45.655 [main] INFO  org.testng.internal.Utils [Utils] MethodGroupsHelper.collectMethodsByGroup() took 0 ms.
14:05:45.655 [main] INFO  org.testng.internal.Utils [Utils] MethodGroupsHelper.sortMethods() took 0 ms.
14:05:45.658 [main] INFO  org.testng.internal.Utils [Utils] MethodGroupsHelper.collectMethodsByGroup() took 0 ms.
14:05:45.658 [main] INFO  org.testng.internal.Utils [Utils] MethodGroupsHelper.sortMethods() took 0 ms.
14:05:45.658 [main] INFO  org.testng.internal.Utils [Utils] MethodGroupsHelper.collectMethodsByGroup() took 0 ms.
14:05:45.658 [main] INFO  org.testng.internal.Utils [Utils] MethodGroupsHelper.sortMethods() took 0 ms.
14:05:45.660 [main] INFO  org.testng.internal.Utils [Utils] MethodGroupsHelper.collectMethodsByGroup() took 0 ms.
14:05:45.661 [main] INFO  org.testng.internal.Utils [Utils] MethodGroupsHelper.sortMethods() took 1 ms.
14:05:45.662 [main] INFO  org.testng.internal.Utils [Utils] MethodGroupsHelper.collectMethodsByGroup() took 0 ms.
14:05:45.662 [main] INFO  org.testng.internal.Utils [Utils] MethodGroupsHelper.sortMethods() took 0 ms.
14:05:45.662 [main] INFO  org.testng.internal.Utils [Utils] MethodGroupsHelper.collectMethodsByGroup() took 0 ms.
14:05:45.662 [main] INFO  org.testng.internal.Utils [Utils] MethodGroupsHelper.sortMethods() took 0 ms.
14:05:45.670 [main] INFO  org.testng.internal.Utils [TestNG] Running:
  C:\Users\swapn\AppData\Local\Temp\testng-eclipse-2026656849\testng-customsuite.xml

14:05:45.696 [main] INFO  org.testng.internal.Utils [Utils] DynamicGraphHelper.createDynamicGraph() took 5 ms.
14:05:45.883 [main] INFO  org.testng.internal.Utils [TestNG] Time taken by org.testng.reporters.jq.Main@70ab80e3: 64 ms
14:05:45.898 [main] INFO  org.testng.internal.Utils [TestNG] Time taken by org.testng.reporters.FailedReporter@4263b080: 14 ms
14:05:45.908 [main] INFO  org.testng.internal.Utils [TestNG] Time taken by org.testng.reporters.XMLReporter@1494b84d: 10 ms
14:05:45.917 [main] INFO  org.testng.internal.Utils [TestNG] Time taken by org.testng.reporters.EmailableReporter2@76318a7d: 9 ms
14:05:45.931 [main] INFO  org.testng.internal.Utils [TestNG] Time taken by org.testng.reporters.JUnitReportReporter@37fbe4a8: 13 ms
14:05:45.931 [main] INFO  org.testng.internal.Utils [TestNG] Time taken by org.testng.internal.ExitCodeListener@352c308: 0 ms
14:07:06.253 [main] DEBUG org.testng.TestNG suiteXmlPath: "C:\Users\swapn\AppData\Local\Temp\testng-eclipse--1300142652\testng-customsuite.xml"
14:07:06.958 [main] INFO  org.testng.internal.Utils [Utils] MethodGroupsHelper.collectMethodsByGroup() took 1 ms.
14:07:06.961 [main] INFO  org.testng.internal.Utils [Utils] MethodGroupsHelper.sortMethods() took 2 ms.
14:07:06.973 [main] INFO  org.testng.internal.Utils [Utils] MethodGroupsHelper.collectMethodsByGroup() took 0 ms.
14:07:06.973 [main] INFO  org.testng.internal.Utils [Utils] MethodGroupsHelper.sortMethods() took 0 ms.
14:07:06.976 [main] INFO  org.testng.internal.Utils [Utils] MethodGroupsHelper.collectMethodsByGroup() took 0 ms.
14:07:06.977 [main] INFO  org.testng.internal.Utils [Utils] MethodGroupsHelper.sortMethods() took 0 ms.
14:07:06.978 [main] INFO  org.testng.internal.Utils [Utils] MethodGroupsHelper.collectMethodsByGroup() took 0 ms.
14:07:06.978 [main] INFO  org.testng.internal.Utils [Utils] MethodGroupsHelper.sortMethods() took 0 ms.
14:07:06.983 [main] INFO  org.testng.internal.Utils [Utils] MethodGroupsHelper.collectMethodsByGroup() took 4 ms.
14:07:06.995 [main] INFO  org.testng.internal.Utils [Utils] MethodGroupsHelper.sortMethods() took 12 ms.
14:07:06.996 [main] INFO  org.testng.internal.Utils [Utils] MethodGroupsHelper.collectMethodsByGroup() took 0 ms.
14:07:06.996 [main] INFO  org.testng.internal.Utils [Utils] MethodGroupsHelper.sortMethods() took 0 ms.
14:07:06.996 [main] INFO  org.testng.internal.Utils [Utils] MethodGroupsHelper.collectMethodsByGroup() took 0 ms.
14:07:06.996 [main] INFO  org.testng.internal.Utils [Utils] MethodGroupsHelper.sortMethods() took 0 ms.
14:07:06.997 [main] INFO  org.testng.internal.Utils [Utils] MethodGroupsHelper.collectMethodsByGroup() took 0 ms.
14:07:06.997 [main] INFO  org.testng.internal.Utils [Utils] MethodGroupsHelper.sortMethods() took 0 ms.
14:07:07.000 [main] INFO  org.testng.internal.Utils [Utils] MethodGroupsHelper.collectMethodsByGroup() took 0 ms.
14:07:07.000 [main] INFO  org.testng.internal.Utils [Utils] MethodGroupsHelper.sortMethods() took 0 ms.
14:07:07.000 [main] INFO  org.testng.internal.Utils [Utils] MethodGroupsHelper.collectMethodsByGroup() took 0 ms.
14:07:07.000 [main] INFO  org.testng.internal.Utils [Utils] MethodGroupsHelper.sortMethods() took 0 ms.
14:07:07.003 [main] INFO  org.testng.internal.Utils [Utils] MethodGroupsHelper.collectMethodsByGroup() took 0 ms.
14:07:07.003 [main] INFO  org.testng.internal.Utils [Utils] MethodGroupsHelper.sortMethods() took 0 ms.
14:07:07.003 [main] INFO  org.testng.internal.Utils [Utils] MethodGroupsHelper.collectMethodsByGroup() took 0 ms.
14:07:07.003 [main] INFO  org.testng.internal.Utils [Utils] MethodGroupsHelper.sortMethods() took 0 ms.
14:07:07.006 [main] INFO  org.testng.internal.Utils [Utils] MethodGroupsHelper.collectMethodsByGroup() took 1 ms.
14:07:07.007 [main] INFO  org.testng.internal.Utils [Utils] MethodGroupsHelper.sortMethods() took 0 ms.
14:07:07.008 [main] INFO  org.testng.internal.Utils [Utils] MethodGroupsHelper.collectMethodsByGroup() took 0 ms.
14:07:07.008 [main] INFO  org.testng.internal.Utils [Utils] MethodGroupsHelper.sortMethods() took 0 ms.
14:07:07.008 [main] INFO  org.testng.internal.Utils [Utils] MethodGroupsHelper.collectMethodsByGroup() took 0 ms.
14:07:07.008 [main] INFO  org.testng.internal.Utils [Utils] MethodGroupsHelper.sortMethods() took 0 ms.
14:07:07.018 [main] INFO  org.testng.internal.Utils [TestNG] Running:
  C:\Users\swapn\AppData\Local\Temp\testng-eclipse--1300142652\testng-customsuite.xml

