03:00:06.827 [main] INFO  org.testng.internal.Utils [TestNG] Running:
  C:\workspace\Selenium\Opencart\grouping.xml

03:01:10.235 [main] DEBUG org.testng.TestNG suiteXmlPath: "C:\workspace\Selenium\Opencart\grouping.xml"
03:01:10.981 [main] INFO  org.testng.internal.Utils [TestNG] Running:
  C:\workspace\Selenium\Opencart\grouping.xml

03:02:15.678 [main] DEBUG org.testng.TestNG suiteXmlPath: "C:\workspace\Selenium\Opencart\grouping.xml"
03:02:16.324 [main] INFO  org.testng.internal.Utils [TestNG] Running:
  C:\workspace\Selenium\Opencart\grouping.xml

03:02:20.897 [main] INFO  testCases.TC001_AccountRegistrationTest This is a starting test ....
03:02:24.454 [main] INFO  testCases.TC001_AccountRegistrationTest Click on the Register ....
03:02:24.472 [main] INFO  testCases.TC001_AccountRegistrationTest Providing the information detals....
03:02:26.684 [main] INFO  testCases.TC001_AccountRegistrationTest Validating the message...
03:02:26.690 [main] INFO  testCases.TC001_AccountRegistrationTest The test cases is End...
03:02:28.678 [main] INFO  testCases.TC002_LoginTest Starting the test case....
03:02:28.830 [main] INFO  testCases.TC002_LoginTest Clicking on my account...
03:02:29.521 [main] INFO  testCases.TC002_LoginTest Sucsesfully providing the email and password....
03:02:30.671 [main] INFO  testCases.TC002_LoginTest Ending the test cases....
03:03:10.609 [main] INFO  testCases.TC002_LoginTest Starting the test case....
03:03:10.776 [main] INFO  testCases.TC002_LoginTest Clicking on my account...
03:03:11.784 [main] INFO  testCases.TC002_LoginTest Sucsesfully providing the email and password....
03:03:13.213 [main] INFO  testCases.TC002_LoginTest Ending the test cases....
03:03:22.831 [main] DEBUG org.testng.TestNG suiteXmlPath: "C:\workspace\Selenium\Opencart\grouping.xml"
03:03:23.491 [main] INFO  org.testng.internal.Utils [TestNG] Running:
  C:\workspace\Selenium\Opencart\grouping.xml

03:03:25.891 [main] INFO  testCases.TC001_AccountRegistrationTest This is a starting test ....
03:03:29.496 [main] INFO  testCases.TC001_AccountRegistrationTest Click on the Register ....
03:03:29.528 [main] INFO  testCases.TC001_AccountRegistrationTest Providing the information detals....
03:03:31.545 [main] INFO  testCases.TC001_AccountRegistrationTest Validating the message...
03:03:31.545 [main] INFO  testCases.TC001_AccountRegistrationTest The test cases is End...
03:03:34.234 [main] INFO  testCases.TC002_LoginTest Starting the test case....
03:03:34.344 [main] INFO  testCases.TC002_LoginTest Clicking on my account...
03:03:34.835 [main] INFO  testCases.TC002_LoginTest Sucsesfully providing the email and password....
03:03:35.824 [main] INFO  testCases.TC002_LoginTest Ending the test cases....
03:04:13.903 [main] INFO  testCases.TC002_LoginTest Starting the test case....
03:04:14.036 [main] INFO  testCases.TC002_LoginTest Clicking on my account...
03:04:14.623 [main] INFO  testCases.TC002_LoginTest Sucsesfully providing the email and password....
03:04:15.970 [main] INFO  testCases.TC002_LoginTest Ending the test cases....
03:06:21.013 [main] DEBUG org.testng.TestNG suiteXmlPath: "C:\workspace\Selenium\Opencart\grouping.xml"
03:06:21.811 [main] INFO  org.testng.internal.Utils [TestNG] Running:
  C:\workspace\Selenium\Opencart\grouping.xml

03:08:58.670 [main] DEBUG org.testng.TestNG suiteXmlPath: "C:\workspace\Selenium\Opencart\grouping.xml"
03:08:59.543 [main] INFO  org.testng.internal.Utils [TestNG] Running:
  C:\workspace\Selenium\Opencart\grouping.xml

03:14:18.797 [main] DEBUG org.testng.TestNG suiteXmlPath: "C:\workspace\Selenium\Opencart\grouping.xml"
03:14:19.810 [main] INFO  org.testng.internal.Utils [TestNG] Running:
  C:\workspace\Selenium\Opencart\grouping.xml

03:16:19.015 [main] DEBUG org.testng.TestNG suiteXmlPath: "C:\workspace\Selenium\Opencart\grouping.xml"
03:16:19.743 [main] INFO  org.testng.internal.Utils [TestNG] Running:
  C:\workspace\Selenium\Opencart\grouping.xml

03:27:16.692 [main] DEBUG org.testng.TestNG suiteXmlPath: "C:\workspace\Selenium\Opencart\grouping.xml"
03:27:17.452 [main] INFO  org.testng.internal.Utils [TestNG] Running:
  C:\workspace\Selenium\Opencart\grouping.xml

12:22:53.753 [main] DEBUG org.testng.TestNG suiteXmlPath: "C:\workspace\Selenium\Opencart\grouping.xml"
12:22:54.429 [main] DEBUG org.testng.TestNG suiteXmlPath: "C:\workspace\Selenium\Opencart\grouping.xml"
12:22:55.095 [main] INFO  org.testng.internal.Utils [TestNG] Running:
  C:\workspace\Selenium\Opencart\grouping.xml

12:22:55.731 [main] INFO  org.testng.internal.Utils [TestNG] Running:
  C:\workspace\Selenium\Opencart\grouping.xml

12:25:56.991 [main] DEBUG org.testng.TestNG suiteXmlPath: "C:\workspace\Selenium\Opencart\grouping.xml"
12:25:58.176 [main] INFO  org.testng.internal.Utils [TestNG] Running:
  C:\workspace\Selenium\Opencart\grouping.xml

12:26:04.890 [main] INFO  testCases.TC001_AccountRegistrationTest This is a starting test ....
12:26:08.657 [main] INFO  testCases.TC001_AccountRegistrationTest Click on the Register ....
12:26:08.727 [main] INFO  testCases.TC001_AccountRegistrationTest Providing the information detals....
12:26:12.627 [main] INFO  testCases.TC001_AccountRegistrationTest Validating the message...
12:26:12.637 [main] INFO  testCases.TC001_AccountRegistrationTest The test cases is End...
12:26:15.463 [main] INFO  testCases.TC002_LoginTest Starting the test case....
12:26:15.594 [main] INFO  testCases.TC002_LoginTest Clicking on my account...
12:26:16.413 [main] INFO  testCases.TC002_LoginTest Sucsesfully providing the email and password....
12:26:17.824 [main] INFO  testCases.TC002_LoginTest Ending the test cases....
12:51:11.750 [main] DEBUG org.testng.TestNG suiteXmlPath: "C:\workspace\Selenium\Opencart\grouping.xml"
12:51:12.824 [main] INFO  org.testng.internal.Utils [TestNG] Running:
  C:\workspace\Selenium\Opencart\grouping.xml

12:51:19.112 [main] INFO  testCases.TC001_AccountRegistrationTest This is a starting test ....
12:51:23.320 [main] INFO  testCases.TC001_AccountRegistrationTest Click on the Register ....
12:51:23.382 [main] INFO  testCases.TC001_AccountRegistrationTest Providing the information detals....
12:51:26.784 [main] INFO  testCases.TC001_AccountRegistrationTest Validating the message...
12:51:26.793 [main] INFO  testCases.TC001_AccountRegistrationTest The test cases is End...
12:51:29.566 [main] INFO  testCases.TC002_LoginTest Starting the test case....
12:51:29.746 [main] INFO  testCases.TC002_LoginTest Clicking on my account...
12:51:30.648 [main] INFO  testCases.TC002_LoginTest Sucsesfully providing the email and password....
12:51:32.204 [main] INFO  testCases.TC002_LoginTest Ending the test cases....
12:55:56.433 [main] DEBUG org.testng.TestNG suiteXmlPath: "C:\workspace\Selenium\Opencart\grouping.xml"
12:55:57.708 [main] INFO  org.testng.internal.Utils [TestNG] Running:
  C:\workspace\Selenium\Opencart\grouping.xml

12:56:02.850 [main] INFO  testCases.TC001_AccountRegistrationTest This is a starting test ....
12:56:07.660 [main] INFO  testCases.TC001_AccountRegistrationTest Click on the Register ....
12:56:07.723 [main] INFO  testCases.TC001_AccountRegistrationTest Providing the information detals....
12:56:12.126 [main] INFO  testCases.TC001_AccountRegistrationTest Validating the message...
12:56:12.134 [main] INFO  testCases.TC001_AccountRegistrationTest The test cases is End...
12:56:16.531 [main] INFO  testCases.TC002_LoginTest Starting the test case....
12:56:16.760 [main] INFO  testCases.TC002_LoginTest Clicking on my account...
12:56:17.953 [main] INFO  testCases.TC002_LoginTest Sucsesfully providing the email and password....
12:56:19.446 [main] INFO  testCases.TC002_LoginTest Ending the test cases....
12:57:40.701 [main] DEBUG org.testng.TestNG suiteXmlPath: "C:\workspace\Selenium\Opencart\grouping.xml"
12:57:41.582 [main] INFO  org.testng.internal.Utils [TestNG] Running:
  C:\workspace\Selenium\Opencart\grouping.xml

12:57:45.137 [main] INFO  testCases.TC001_AccountRegistrationTest This is a starting test ....
12:57:48.891 [main] INFO  testCases.TC001_AccountRegistrationTest Click on the Register ....
12:57:48.943 [main] INFO  testCases.TC001_AccountRegistrationTest Providing the information detals....
12:57:52.117 [main] INFO  testCases.TC001_AccountRegistrationTest Validating the message...
12:57:52.123 [main] INFO  testCases.TC001_AccountRegistrationTest The test cases is End...
12:57:54.808 [main] INFO  testCases.TC002_LoginTest Starting the test case....
12:57:55.030 [main] INFO  testCases.TC002_LoginTest Clicking on my account...
12:57:56.061 [main] INFO  testCases.TC002_LoginTest Sucsesfully providing the email and password....
12:57:57.681 [main] INFO  testCases.TC002_LoginTest Ending the test cases....
13:00:20.515 [main] DEBUG org.testng.TestNG suiteXmlPath: "C:\workspace\Selenium\Opencart\grouping.xml"
13:00:21.429 [main] INFO  org.testng.internal.Utils [TestNG] Running:
  C:\workspace\Selenium\Opencart\grouping.xml

13:00:25.496 [TestNG-tests-1] INFO  testCases.TC002_LoginTest Starting the test case....
13:00:26.145 [TestNG-tests-1] INFO  testCases.TC002_LoginTest Clicking on my account...
13:00:27.390 [TestNG-tests-1] INFO  testCases.TC002_LoginTest Sucsesfully providing the email and password....
13:00:30.241 [TestNG-tests-1] INFO  testCases.TC002_LoginTest Ending the test cases....
13:00:54.652 [main] DEBUG org.testng.TestNG suiteXmlPath: "C:\workspace\Selenium\Opencart\grouping.xml"
13:00:55.510 [main] INFO  org.testng.internal.Utils [TestNG] Running:
  C:\workspace\Selenium\Opencart\grouping.xml

13:00:59.315 [TestNG-tests-1] INFO  testCases.TC002_LoginTest Starting the test case....
13:00:59.573 [TestNG-tests-1] INFO  testCases.TC002_LoginTest Clicking on my account...
13:01:00.504 [TestNG-tests-1] INFO  testCases.TC002_LoginTest Sucsesfully providing the email and password....
13:01:01.996 [TestNG-tests-1] INFO  testCases.TC002_LoginTest Ending the test cases....
13:03:51.070 [main] DEBUG org.testng.TestNG suiteXmlPath: "C:\workspace\Selenium\Opencart\grouping.xml"
13:03:52.100 [main] INFO  org.testng.internal.Utils [TestNG] Running:
  C:\workspace\Selenium\Opencart\grouping.xml

13:03:58.094 [TestNG-tests-1] INFO  testCases.TC002_LoginTest Starting the test case....
13:03:58.452 [TestNG-tests-1] INFO  testCases.TC002_LoginTest Clicking on my account...
13:03:59.411 [TestNG-tests-1] INFO  testCases.TC002_LoginTest Sucsesfully providing the email and password....
13:04:01.146 [TestNG-tests-1] INFO  testCases.TC002_LoginTest Ending the test cases....
13:04:29.922 [main] DEBUG org.testng.TestNG suiteXmlPath: "C:\workspace\Selenium\Opencart\grouping.xml"
13:04:30.928 [main] INFO  org.testng.internal.Utils [TestNG] Running:
  C:\workspace\Selenium\Opencart\grouping.xml

13:04:34.843 [TestNG-tests-1] INFO  testCases.TC002_LoginTest Starting the test case....
13:04:35.088 [TestNG-tests-1] INFO  testCases.TC002_LoginTest Clicking on my account...
13:04:36.173 [TestNG-tests-1] INFO  testCases.TC002_LoginTest Sucsesfully providing the email and password....
13:04:37.444 [TestNG-tests-1] INFO  testCases.TC002_LoginTest Ending the test cases....
13:04:45.850 [TestNG-tests-2] INFO  testCases.TC002_LoginTest Starting the test case....
13:04:46.132 [TestNG-tests-2] INFO  testCases.TC002_LoginTest Clicking on my account...
13:04:47.321 [TestNG-tests-2] INFO  testCases.TC002_LoginTest Sucsesfully providing the email and password....
13:04:48.760 [TestNG-tests-2] INFO  testCases.TC002_LoginTest Ending the test cases....
13:04:58.486 [main] DEBUG org.testng.TestNG suiteXmlPath: "C:\workspace\Selenium\Opencart\grouping.xml"
13:04:59.544 [main] INFO  org.testng.internal.Utils [TestNG] Running:
  C:\workspace\Selenium\Opencart\grouping.xml

13:05:04.306 [TestNG-tests-1] INFO  testCases.TC002_LoginTest Starting the test case....
13:05:04.546 [TestNG-tests-1] INFO  testCases.TC002_LoginTest Clicking on my account...
13:05:06.871 [TestNG-tests-1] INFO  testCases.TC002_LoginTest Sucsesfully providing the email and password....
13:05:31.620 [main] DEBUG org.testng.TestNG suiteXmlPath: "C:\workspace\Selenium\Opencart\grouping.xml"
13:05:32.530 [main] INFO  org.testng.internal.Utils [TestNG] Running:
  C:\workspace\Selenium\Opencart\grouping.xml

13:05:36.844 [TestNG-tests-1] INFO  testCases.TC002_LoginTest Starting the test case....
13:05:37.031 [TestNG-tests-1] INFO  testCases.TC002_LoginTest Clicking on my account...
13:05:38.311 [TestNG-tests-1] INFO  testCases.TC002_LoginTest Sucsesfully providing the email and password....
13:05:39.809 [TestNG-tests-1] INFO  testCases.TC002_LoginTest Ending the test cases....
13:05:55.341 [main] DEBUG org.testng.TestNG suiteXmlPath: "C:\workspace\Selenium\Opencart\grouping.xml"
13:05:56.294 [main] INFO  org.testng.internal.Utils [TestNG] Running:
  C:\workspace\Selenium\Opencart\grouping.xml

13:06:00.469 [TestNG-tests-1] INFO  testCases.TC002_LoginTest Starting the test case....
13:06:00.720 [TestNG-tests-1] INFO  testCases.TC002_LoginTest Clicking on my account...
13:06:01.869 [TestNG-tests-1] INFO  testCases.TC002_LoginTest Sucsesfully providing the email and password....
13:06:04.292 [TestNG-tests-1] INFO  testCases.TC002_LoginTest Ending the test cases....
13:07:07.537 [main] DEBUG org.testng.TestNG suiteXmlPath: "C:\workspace\Selenium\Opencart\grouping.xml"
13:07:08.448 [main] INFO  org.testng.internal.Utils [TestNG] Running:
  C:\workspace\Selenium\Opencart\grouping.xml

13:07:11.521 [main] INFO  testCases.TC001_AccountRegistrationTest This is a starting test ....
13:07:15.562 [main] INFO  testCases.TC001_AccountRegistrationTest Click on the Register ....
13:07:15.614 [main] INFO  testCases.TC001_AccountRegistrationTest Providing the information detals....
13:07:18.854 [main] INFO  testCases.TC001_AccountRegistrationTest Validating the message...
13:07:18.866 [main] INFO  testCases.TC001_AccountRegistrationTest The test cases is End...
13:07:21.395 [main] INFO  testCases.TC002_LoginTest Starting the test case....
13:07:21.565 [main] INFO  testCases.TC002_LoginTest Clicking on my account...
13:07:22.550 [main] INFO  testCases.TC002_LoginTest Sucsesfully providing the email and password....
13:07:23.889 [main] INFO  testCases.TC002_LoginTest Ending the test cases....
13:09:00.635 [main] DEBUG org.testng.TestNG suiteXmlPath: "C:\workspace\Selenium\Opencart\grouping.xml"
13:09:01.725 [main] INFO  org.testng.internal.Utils [TestNG] Running:
  C:\workspace\Selenium\Opencart\grouping.xml

13:09:06.185 [main] INFO  testCases.TC001_AccountRegistrationTest This is a starting test ....
13:09:10.310 [main] INFO  testCases.TC001_AccountRegistrationTest Click on the Register ....
13:09:10.402 [main] INFO  testCases.TC001_AccountRegistrationTest Providing the information detals....
13:09:15.289 [main] INFO  testCases.TC001_AccountRegistrationTest Validating the message...
13:09:15.301 [main] INFO  testCases.TC001_AccountRegistrationTest The test cases is End...
13:09:18.269 [main] INFO  testCases.TC002_LoginTest Starting the test case....
13:09:18.521 [main] INFO  testCases.TC002_LoginTest Clicking on my account...
13:09:19.887 [main] INFO  testCases.TC002_LoginTest Sucsesfully providing the email and password....
13:09:21.563 [main] INFO  testCases.TC002_LoginTest Ending the test cases....
13:12:21.596 [main] DEBUG org.testng.TestNG suiteXmlPath: "C:\workspace\Selenium\Opencart\grouping.xml"
13:12:22.828 [main] INFO  org.testng.internal.Utils [TestNG] Running:
  C:\workspace\Selenium\Opencart\grouping.xml

13:12:26.722 [main] INFO  testCases.TC001_AccountRegistrationTest This is a starting test ....
13:12:30.684 [main] INFO  testCases.TC001_AccountRegistrationTest Click on the Register ....
13:12:30.717 [main] INFO  testCases.TC001_AccountRegistrationTest Providing the information detals....
13:12:34.451 [main] INFO  testCases.TC001_AccountRegistrationTest Validating the message...
13:12:34.454 [main] INFO  testCases.TC001_AccountRegistrationTest The test cases is End...
13:12:37.301 [main] INFO  testCases.TC002_LoginTest Starting the test case....
13:12:37.539 [main] INFO  testCases.TC002_LoginTest Clicking on my account...
13:12:38.427 [main] INFO  testCases.TC002_LoginTest Sucsesfully providing the email and password....
13:12:39.646 [main] INFO  testCases.TC002_LoginTest Ending the test cases....
13:13:01.483 [main] DEBUG org.testng.TestNG suiteXmlPath: "C:\workspace\Selenium\Opencart\grouping.xml"
13:13:02.643 [main] INFO  org.testng.internal.Utils [TestNG] Running:
  C:\workspace\Selenium\Opencart\grouping.xml

13:13:06.234 [main] INFO  testCases.TC001_AccountRegistrationTest This is a starting test ....
13:13:09.961 [main] INFO  testCases.TC001_AccountRegistrationTest Click on the Register ....
13:13:10.031 [main] INFO  testCases.TC001_AccountRegistrationTest Providing the information detals....
13:13:13.137 [main] INFO  testCases.TC001_AccountRegistrationTest Validating the message...
13:13:13.149 [main] INFO  testCases.TC001_AccountRegistrationTest The test cases is End...
13:13:18.420 [main] INFO  testCases.TC002_LoginTest Starting the test case....
13:13:18.665 [main] INFO  testCases.TC002_LoginTest Clicking on my account...
13:13:19.818 [main] INFO  testCases.TC002_LoginTest Sucsesfully providing the email and password....
13:13:21.184 [main] INFO  testCases.TC002_LoginTest Ending the test cases....
13:16:21.589 [main] DEBUG org.testng.TestNG suiteXmlPath: "C:\workspace\Selenium\Opencart\grouping.xml"
13:16:23.257 [main] INFO  org.testng.internal.Utils [TestNG] Running:
  C:\workspace\Selenium\Opencart\grouping.xml

13:16:28.427 [main] INFO  testCases.TC001_AccountRegistrationTest This is a starting test ....
13:16:32.402 [main] INFO  testCases.TC001_AccountRegistrationTest Click on the Register ....
13:16:32.484 [main] INFO  testCases.TC001_AccountRegistrationTest Providing the information detals....
13:16:35.678 [main] INFO  testCases.TC001_AccountRegistrationTest Validating the message...
13:16:35.685 [main] INFO  testCases.TC001_AccountRegistrationTest The test cases is End...
13:16:38.286 [main] INFO  testCases.TC002_LoginTest Starting the test case....
13:16:38.641 [main] INFO  testCases.TC002_LoginTest Clicking on my account...
13:16:39.892 [main] INFO  testCases.TC002_LoginTest Sucsesfully providing the email and password....
13:16:41.034 [main] INFO  testCases.TC002_LoginTest Ending the test cases....
13:19:09.883 [main] DEBUG org.testng.TestNG suiteXmlPath: "C:\workspace\Selenium\Opencart\grouping.xml"
13:19:11.387 [main] INFO  org.testng.internal.Utils [TestNG] Running:
  C:\workspace\Selenium\Opencart\grouping.xml

13:19:16.175 [main] INFO  testCases.TC001_AccountRegistrationTest This is a starting test ....
13:19:20.411 [main] INFO  testCases.TC001_AccountRegistrationTest Click on the Register ....
13:19:20.448 [main] INFO  testCases.TC001_AccountRegistrationTest Providing the information detals....
13:19:24.969 [main] INFO  testCases.TC001_AccountRegistrationTest Validating the message...
13:19:24.977 [main] INFO  testCases.TC001_AccountRegistrationTest The test cases is End...
13:19:27.955 [main] INFO  testCases.TC002_LoginTest Starting the test case....
13:19:28.326 [main] INFO  testCases.TC002_LoginTest Clicking on my account...
13:19:29.975 [main] INFO  testCases.TC002_LoginTest Sucsesfully providing the email and password....
13:19:31.515 [main] INFO  testCases.TC002_LoginTest Ending the test cases....
13:20:28.791 [main] DEBUG org.testng.TestNG suiteXmlPath: "C:\workspace\Selenium\Opencart\grouping.xml"
13:20:29.942 [main] INFO  org.testng.internal.Utils [TestNG] Running:
  C:\workspace\Selenium\Opencart\grouping.xml

13:20:34.176 [main] INFO  testCases.TC001_AccountRegistrationTest This is a starting test ....
13:20:38.359 [main] INFO  testCases.TC001_AccountRegistrationTest Click on the Register ....
13:20:38.409 [main] INFO  testCases.TC001_AccountRegistrationTest Providing the information detals....
13:20:42.270 [main] INFO  testCases.TC001_AccountRegistrationTest Validating the message...
13:20:42.273 [main] INFO  testCases.TC001_AccountRegistrationTest The test cases is End...
13:20:44.817 [main] INFO  testCases.TC002_LoginTest Starting the test case....
13:20:45.342 [main] INFO  testCases.TC002_LoginTest Clicking on my account...
13:20:48.833 [main] INFO  testCases.TC002_LoginTest Sucsesfully providing the email and password....
13:20:50.590 [main] INFO  testCases.TC002_LoginTest Ending the test cases....
13:22:32.465 [main] DEBUG org.testng.TestNG suiteXmlPath: "C:\workspace\Selenium\Opencart\grouping.xml"
13:22:33.779 [main] INFO  org.testng.internal.Utils [TestNG] Running:
  C:\workspace\Selenium\Opencart\grouping.xml

13:22:39.078 [main] INFO  testCases.TC001_AccountRegistrationTest This is a starting test ....
13:22:43.227 [main] INFO  testCases.TC001_AccountRegistrationTest Click on the Register ....
13:22:43.265 [main] INFO  testCases.TC001_AccountRegistrationTest Providing the information detals....
13:22:46.804 [main] INFO  testCases.TC001_AccountRegistrationTest Validating the message...
13:22:46.808 [main] INFO  testCases.TC001_AccountRegistrationTest The test cases is End...
13:22:49.141 [main] INFO  testCases.TC002_LoginTest Starting the test case....
13:22:49.390 [main] INFO  testCases.TC002_LoginTest Clicking on my account...
13:22:51.288 [main] INFO  testCases.TC002_LoginTest Sucsesfully providing the email and password....
13:22:52.969 [main] INFO  testCases.TC002_LoginTest Ending the test cases....
13:26:41.464 [main] DEBUG org.testng.TestNG suiteXmlPath: "C:\workspace\Selenium\Opencart\grouping.xml"
13:26:41.464 [main] DEBUG org.testng.TestNG suiteXmlPath: "C:\workspace\Selenium\Opencart\grouping.xml"
13:26:42.597 [main] INFO  org.testng.internal.Utils [TestNG] Running:
  C:\workspace\Selenium\Opencart\grouping.xml

13:26:42.597 [main] INFO  org.testng.internal.Utils [TestNG] Running:
  C:\workspace\Selenium\Opencart\grouping.xml

13:26:48.158 [main] INFO  testCases.TC001_AccountRegistrationTest This is a starting test ....
13:26:48.236 [main] INFO  testCases.TC001_AccountRegistrationTest This is a starting test ....
13:26:52.134 [main] INFO  testCases.TC001_AccountRegistrationTest Click on the Register ....
13:26:52.158 [main] INFO  testCases.TC001_AccountRegistrationTest Providing the information detals....
13:26:52.231 [main] INFO  testCases.TC001_AccountRegistrationTest Click on the Register ....
13:26:52.258 [main] INFO  testCases.TC001_AccountRegistrationTest Providing the information detals....
13:26:54.968 [main] INFO  testCases.TC001_AccountRegistrationTest Validating the message...
13:26:54.972 [main] INFO  testCases.TC001_AccountRegistrationTest The test cases is End...
13:26:55.338 [main] INFO  testCases.TC001_AccountRegistrationTest Validating the message...
13:26:55.343 [main] INFO  testCases.TC001_AccountRegistrationTest The test cases is End...
13:27:00.971 [main] INFO  testCases.TC002_LoginTest Starting the test case....
13:27:01.131 [main] INFO  testCases.TC002_LoginTest Starting the test case....
13:27:01.529 [main] INFO  testCases.TC002_LoginTest Clicking on my account...
13:27:01.674 [main] INFO  testCases.TC002_LoginTest Clicking on my account...
13:27:03.395 [main] INFO  testCases.TC002_LoginTest Sucsesfully providing the email and password....
13:27:04.516 [main] INFO  testCases.TC002_LoginTest Sucsesfully providing the email and password....
13:27:05.514 [main] INFO  testCases.TC002_LoginTest Ending the test cases....
13:27:06.811 [main] INFO  testCases.TC002_LoginTest Ending the test cases....
13:27:47.571 [main] DEBUG org.testng.TestNG suiteXmlPath: "C:\workspace\Selenium\Opencart\grouping.xml"
13:27:48.457 [main] INFO  org.testng.internal.Utils [TestNG] Running:
  C:\workspace\Selenium\Opencart\grouping.xml

13:27:53.238 [main] INFO  testCases.TC001_AccountRegistrationTest This is a starting test ....
13:27:57.252 [main] INFO  testCases.TC001_AccountRegistrationTest Click on the Register ....
13:27:57.289 [main] INFO  testCases.TC001_AccountRegistrationTest Providing the information detals....
13:27:59.607 [main] INFO  testCases.TC001_AccountRegistrationTest Validating the message...
13:27:59.614 [main] INFO  testCases.TC001_AccountRegistrationTest The test cases is End...
13:28:01.713 [main] INFO  testCases.TC002_LoginTest Starting the test case....
13:28:01.941 [main] INFO  testCases.TC002_LoginTest Clicking on my account...
13:28:03.233 [main] INFO  testCases.TC002_LoginTest Sucsesfully providing the email and password....
13:28:05.489 [main] INFO  testCases.TC002_LoginTest Ending the test cases....
13:30:03.600 [main] DEBUG org.testng.TestNG suiteXmlPath: "C:\workspace\Selenium\Opencart\grouping.xml"
13:30:04.509 [main] INFO  org.testng.internal.Utils [TestNG] Running:
  C:\workspace\Selenium\Opencart\grouping.xml

13:30:10.881 [main] INFO  testCases.TC001_AccountRegistrationTest This is a starting test ....
13:30:16.315 [main] INFO  testCases.TC001_AccountRegistrationTest Click on the Register ....
13:30:16.339 [main] INFO  testCases.TC001_AccountRegistrationTest Providing the information detals....
13:30:26.543 [main] INFO  testCases.TC001_AccountRegistrationTest Validating the message...
13:30:26.547 [main] INFO  testCases.TC001_AccountRegistrationTest The test cases is End...
13:30:28.724 [main] INFO  testCases.TC002_LoginTest Starting the test case....
13:30:29.040 [main] INFO  testCases.TC002_LoginTest Clicking on my account...
13:30:30.271 [main] INFO  testCases.TC002_LoginTest Sucsesfully providing the email and password....
13:30:32.323 [main] INFO  testCases.TC002_LoginTest Ending the test cases....
13:32:59.410 [main] DEBUG org.testng.TestNG suiteXmlPath: "C:\workspace\Selenium\Opencart\grouping.xml"
13:33:00.287 [main] INFO  org.testng.internal.Utils [TestNG] Running:
  C:\workspace\Selenium\Opencart\grouping.xml

13:33:03.699 [main] INFO  testCases.TC001_AccountRegistrationTest This is a starting test ....
13:33:08.699 [main] INFO  testCases.TC001_AccountRegistrationTest Click on the Register ....
13:33:08.733 [main] INFO  testCases.TC001_AccountRegistrationTest Providing the information detals....
13:33:11.650 [main] INFO  testCases.TC001_AccountRegistrationTest Validating the message...
13:33:11.654 [main] INFO  testCases.TC001_AccountRegistrationTest The test cases is End...
13:33:13.627 [main] INFO  testCases.TC002_LoginTest Starting the test case....
13:33:13.833 [main] INFO  testCases.TC002_LoginTest Clicking on my account...
13:33:15.239 [main] INFO  testCases.TC002_LoginTest Sucsesfully providing the email and password....
13:33:17.480 [main] INFO  testCases.TC002_LoginTest Ending the test cases....
13:33:51.737 [main] DEBUG org.testng.TestNG suiteXmlPath: "C:\workspace\Selenium\Opencart\grouping.xml"
13:33:52.496 [main] INFO  org.testng.internal.Utils [TestNG] Running:
  C:\workspace\Selenium\Opencart\grouping.xml

13:33:56.088 [main] INFO  testCases.TC001_AccountRegistrationTest This is a starting test ....
13:33:59.710 [main] INFO  testCases.TC001_AccountRegistrationTest Click on the Register ....
13:33:59.739 [main] INFO  testCases.TC001_AccountRegistrationTest Providing the information detals....
13:34:02.592 [main] INFO  testCases.TC001_AccountRegistrationTest Validating the message...
13:34:02.592 [main] INFO  testCases.TC001_AccountRegistrationTest The test cases is End...
13:34:04.506 [main] INFO  testCases.TC002_LoginTest Starting the test case....
13:34:04.633 [main] INFO  testCases.TC002_LoginTest Clicking on my account...
13:34:05.418 [main] INFO  testCases.TC002_LoginTest Sucsesfully providing the email and password....
13:34:07.087 [main] INFO  testCases.TC002_LoginTest Ending the test cases....
13:34:59.840 [main] DEBUG org.testng.TestNG suiteXmlPath: "C:\workspace\Selenium\Opencart\grouping.xml"
13:34:59.842 [main] DEBUG org.testng.TestNG suiteXmlPath: "C:\workspace\Selenium\Opencart\grouping.xml"
13:35:01.235 [main] INFO  org.testng.internal.Utils [TestNG] Running:
  C:\workspace\Selenium\Opencart\grouping.xml

13:35:01.240 [main] INFO  org.testng.internal.Utils [TestNG] Running:
  C:\workspace\Selenium\Opencart\grouping.xml

13:35:09.977 [main] INFO  testCases.TC001_AccountRegistrationTest This is a starting test ....
13:35:10.126 [main] INFO  testCases.TC001_AccountRegistrationTest This is a starting test ....
13:35:14.508 [main] INFO  testCases.TC001_AccountRegistrationTest Click on the Register ....
13:35:14.551 [main] INFO  testCases.TC001_AccountRegistrationTest Providing the information detals....
13:35:14.659 [main] INFO  testCases.TC001_AccountRegistrationTest Click on the Register ....
13:35:14.728 [main] INFO  testCases.TC001_AccountRegistrationTest Providing the information detals....
13:35:18.863 [main] INFO  testCases.TC001_AccountRegistrationTest Validating the message...
13:35:18.869 [main] INFO  testCases.TC001_AccountRegistrationTest The test cases is End...
13:35:18.952 [main] INFO  testCases.TC001_AccountRegistrationTest Validating the message...
13:35:18.959 [main] INFO  testCases.TC001_AccountRegistrationTest The test cases is End...
13:35:22.836 [main] INFO  testCases.TC002_LoginTest Starting the test case....
13:35:23.153 [main] INFO  testCases.TC002_LoginTest Clicking on my account...
13:35:23.969 [main] INFO  testCases.TC002_LoginTest Starting the test case....
13:35:24.055 [main] INFO  testCases.TC002_LoginTest Sucsesfully providing the email and password....
13:35:24.170 [main] INFO  testCases.TC002_LoginTest Clicking on my account...
13:35:25.360 [main] INFO  testCases.TC002_LoginTest Ending the test cases....
13:35:25.481 [main] INFO  testCases.TC002_LoginTest Sucsesfully providing the email and password....
13:35:26.662 [main] INFO  testCases.TC002_LoginTest Ending the test cases....
13:37:05.174 [main] DEBUG org.testng.TestNG suiteXmlPath: "C:\workspace\Selenium\Opencart\grouping.xml"
13:37:06.030 [main] INFO  org.testng.internal.Utils [TestNG] Running:
  C:\workspace\Selenium\Opencart\grouping.xml

13:37:13.169 [main] INFO  testCases.TC001_AccountRegistrationTest This is a starting test ....
13:37:16.984 [main] INFO  testCases.TC001_AccountRegistrationTest Click on the Register ....
13:37:17.008 [main] INFO  testCases.TC001_AccountRegistrationTest Providing the information detals....
13:37:19.107 [main] INFO  testCases.TC001_AccountRegistrationTest Validating the message...
13:37:19.107 [main] INFO  testCases.TC001_AccountRegistrationTest The test cases is End...
13:37:21.370 [main] INFO  testCases.TC002_LoginTest Starting the test case....
13:37:21.531 [main] INFO  testCases.TC002_LoginTest Clicking on my account...
13:37:22.175 [main] INFO  testCases.TC002_LoginTest Sucsesfully providing the email and password....
13:37:23.367 [main] INFO  testCases.TC002_LoginTest Ending the test cases....
13:44:46.847 [main] DEBUG org.testng.TestNG suiteXmlPath: "C:\workspace\Selenium\Opencart\grouping.xml"
13:44:47.697 [main] INFO  org.testng.internal.Utils [TestNG] Running:
  C:\workspace\Selenium\Opencart\grouping.xml

13:53:46.010 [main] DEBUG org.testng.TestNG suiteXmlPath: "C:\workspace\Selenium\Opencart\grouping.xml"
13:53:46.891 [main] INFO  org.testng.internal.Utils [TestNG] Running:
  C:\workspace\Selenium\Opencart\grouping.xml

13:53:52.257 [main] INFO  testCases.TC001_AccountRegistrationTest This is a starting test ....
13:53:55.902 [main] INFO  testCases.TC001_AccountRegistrationTest Click on the Register ....
13:53:55.943 [main] INFO  testCases.TC001_AccountRegistrationTest Providing the information detals....
13:53:58.166 [main] INFO  testCases.TC001_AccountRegistrationTest Validating the message...
13:53:58.174 [main] INFO  testCases.TC001_AccountRegistrationTest The test cases is End...
13:54:00.515 [main] INFO  testCases.TC002_LoginTest Starting the test case....
13:54:00.680 [main] INFO  testCases.TC002_LoginTest Clicking on my account...
13:54:01.605 [main] INFO  testCases.TC002_LoginTest Sucsesfully providing the email and password....
13:54:04.484 [main] INFO  testCases.TC002_LoginTest Ending the test cases....
13:56:01.151 [main] DEBUG org.testng.TestNG suiteXmlPath: "C:\workspace\Selenium\Opencart\grouping.xml"
13:56:02.270 [main] INFO  org.testng.internal.Utils [TestNG] Running:
  C:\workspace\Selenium\Opencart\grouping.xml

13:56:09.461 [main] INFO  testCases.TC001_AccountRegistrationTest This is a starting test ....
13:56:13.245 [main] INFO  testCases.TC001_AccountRegistrationTest Click on the Register ....
13:56:13.273 [main] INFO  testCases.TC001_AccountRegistrationTest Providing the information detals....
13:56:16.385 [main] INFO  testCases.TC001_AccountRegistrationTest Validating the message...
13:56:16.391 [main] INFO  testCases.TC001_AccountRegistrationTest The test cases is End...
13:56:18.888 [main] INFO  testCases.TC002_LoginTest Starting the test case....
13:56:19.061 [main] INFO  testCases.TC002_LoginTest Clicking on my account...
13:56:19.833 [main] INFO  testCases.TC002_LoginTest Sucsesfully providing the email and password....
13:56:21.732 [main] INFO  testCases.TC002_LoginTest Ending the test cases....
13:57:18.654 [main] DEBUG org.testng.TestNG suiteXmlPath: "C:\workspace\Selenium\Opencart\grouping.xml"
13:57:19.910 [main] INFO  org.testng.internal.Utils [TestNG] Running:
  C:\workspace\Selenium\Opencart\grouping.xml

14:04:05.086 [main] DEBUG org.testng.TestNG suiteXmlPath: "C:\workspace\Selenium\Opencart\grouping.xml"
14:04:05.953 [main] INFO  org.testng.internal.Utils [TestNG] Running:
  C:\workspace\Selenium\Opencart\grouping.xml

14:04:13.076 [main] INFO  testCases.TC001_AccountRegistrationTest This is a starting test ....
14:04:16.607 [main] INFO  testCases.TC001_AccountRegistrationTest Click on the Register ....
14:04:16.638 [main] INFO  testCases.TC001_AccountRegistrationTest Providing the information detals....
14:04:18.785 [main] INFO  testCases.TC001_AccountRegistrationTest Validating the message...
14:04:18.789 [main] INFO  testCases.TC001_AccountRegistrationTest The test cases is End...
14:04:20.742 [main] INFO  testCases.TC002_LoginTest Starting the test case....
14:04:20.883 [main] INFO  testCases.TC002_LoginTest Clicking on my account...
14:04:21.456 [main] INFO  testCases.TC002_LoginTest Sucsesfully providing the email and password....
14:04:22.516 [main] INFO  testCases.TC002_LoginTest Ending the test cases....
14:05:07.198 [main] DEBUG org.testng.TestNG suiteXmlPath: "C:\workspace\Selenium\Opencart\grouping.xml"
14:05:08.123 [main] INFO  org.testng.internal.Utils [TestNG] Running:
  C:\workspace\Selenium\Opencart\grouping.xml

14:05:16.049 [main] INFO  testCases.TC001_AccountRegistrationTest This is a starting test ....
14:05:19.741 [main] INFO  testCases.TC001_AccountRegistrationTest Click on the Register ....
14:05:19.768 [main] INFO  testCases.TC001_AccountRegistrationTest Providing the information detals....
14:05:22.407 [main] INFO  testCases.TC001_AccountRegistrationTest Validating the message...
14:05:22.413 [main] INFO  testCases.TC001_AccountRegistrationTest The test cases is End...
14:05:23.912 [main] INFO  testCases.TC002_LoginTest Starting the test case....
14:05:24.016 [main] INFO  testCases.TC002_LoginTest Clicking on my account...
14:05:24.578 [main] INFO  testCases.TC002_LoginTest Sucsesfully providing the email and password....
14:05:25.961 [main] INFO  testCases.TC002_LoginTest Ending the test cases....
14:08:06.693 [main] DEBUG org.testng.TestNG suiteXmlPath: "C:\workspace\Selenium\Opencart\grouping.xml"
14:08:07.443 [main] INFO  org.testng.internal.Utils [TestNG] Running:
  C:\workspace\Selenium\Opencart\grouping.xml

14:08:10.917 [TestNG-tests-1] INFO  testCases.TC001_AccountRegistrationTest This is a starting test ....
14:08:14.656 [TestNG-tests-1] INFO  testCases.TC001_AccountRegistrationTest Click on the Register ....
14:08:14.704 [TestNG-tests-1] INFO  testCases.TC001_AccountRegistrationTest Providing the information detals....
14:08:16.913 [TestNG-tests-1] INFO  testCases.TC001_AccountRegistrationTest Validating the message...
14:08:16.913 [TestNG-tests-1] INFO  testCases.TC001_AccountRegistrationTest The test cases is End...
14:09:38.968 [main] DEBUG org.testng.TestNG suiteXmlPath: "C:\workspace\Selenium\Opencart\grouping.xml"
14:09:40.508 [main] INFO  org.testng.internal.Utils [TestNG] Running:
  C:\workspace\Selenium\Opencart\grouping.xml

14:09:48.681 [TestNG-tests-1] INFO  testCases.TC001_AccountRegistrationTest This is a starting test ....
14:09:51.414 [TestNG-tests-2] INFO  testCases.TC001_AccountRegistrationTest This is a starting test ....
14:09:53.475 [TestNG-tests-1] INFO  testCases.TC001_AccountRegistrationTest Click on the Register ....
14:09:53.518 [TestNG-tests-1] INFO  testCases.TC001_AccountRegistrationTest Providing the information detals....
14:09:55.395 [TestNG-tests-1] INFO  testCases.TC001_AccountRegistrationTest Validating the message...
14:09:55.398 [TestNG-tests-1] INFO  testCases.TC001_AccountRegistrationTest The test cases is End...
14:09:56.231 [TestNG-tests-2] INFO  testCases.TC001_AccountRegistrationTest Click on the Register ....
14:09:56.243 [TestNG-tests-2] INFO  testCases.TC001_AccountRegistrationTest Providing the information detals....
14:09:58.055 [TestNG-tests-2] INFO  testCases.TC001_AccountRegistrationTest Validating the message...
14:09:58.056 [TestNG-tests-2] INFO  testCases.TC001_AccountRegistrationTest The test cases is End...
14:10:07.358 [TestNG-tests-2] INFO  testCases.TC001_AccountRegistrationTest This is a starting test ....
14:10:13.138 [TestNG-tests-2] INFO  testCases.TC001_AccountRegistrationTest Click on the Register ....
14:10:13.140 [TestNG-tests-2] INFO  testCases.TC001_AccountRegistrationTest Providing the information detals....
14:10:13.778 [main] DEBUG org.testng.TestNG suiteXmlPath: "C:\workspace\Selenium\Opencart\grouping.xml"
14:10:15.034 [main] INFO  org.testng.internal.Utils [TestNG] Running:
  C:\workspace\Selenium\Opencart\grouping.xml

14:10:20.666 [TestNG-tests-1] INFO  testCases.TC001_AccountRegistrationTest This is a starting test ....
14:10:21.118 [TestNG-tests-2] INFO  testCases.TC001_AccountRegistrationTest Validating the message...
14:10:21.119 [TestNG-tests-2] INFO  testCases.TC001_AccountRegistrationTest The test cases is End...
14:10:25.063 [TestNG-tests-1] INFO  testCases.TC001_AccountRegistrationTest Click on the Register ....
14:10:25.110 [TestNG-tests-1] INFO  testCases.TC001_AccountRegistrationTest Providing the information detals....
14:10:30.308 [TestNG-tests-1] INFO  testCases.TC001_AccountRegistrationTest Validating the message...
14:10:30.313 [TestNG-tests-1] INFO  testCases.TC001_AccountRegistrationTest The test cases is End...
14:11:08.544 [main] DEBUG org.testng.TestNG suiteXmlPath: "C:\workspace\Selenium\Opencart\grouping.xml"
14:11:09.555 [main] INFO  org.testng.internal.Utils [TestNG] Running:
  C:\workspace\Selenium\Opencart\grouping.xml

14:11:19.567 [TestNG-tests-2] INFO  testCases.TC001_AccountRegistrationTest This is a starting test ....
14:11:23.466 [TestNG-tests-2] INFO  testCases.TC001_AccountRegistrationTest Click on the Register ....
14:11:23.513 [TestNG-tests-2] INFO  testCases.TC001_AccountRegistrationTest Providing the information detals....
14:11:25.617 [TestNG-tests-2] INFO  testCases.TC001_AccountRegistrationTest Validating the message...
14:11:25.621 [TestNG-tests-2] INFO  testCases.TC001_AccountRegistrationTest The test cases is End...
14:13:26.079 [main] DEBUG org.testng.TestNG suiteXmlPath: "C:\workspace\Selenium\Opencart\grouping.xml"
14:13:27.013 [main] INFO  org.testng.internal.Utils [TestNG] Running:
  C:\workspace\Selenium\Opencart\grouping.xml

14:13:37.504 [TestNG-tests-2] INFO  testCases.TC001_AccountRegistrationTest This is a starting test ....
14:13:41.526 [TestNG-tests-2] INFO  testCases.TC001_AccountRegistrationTest Click on the Register ....
14:13:41.563 [TestNG-tests-2] INFO  testCases.TC001_AccountRegistrationTest Providing the information detals....
14:13:43.544 [TestNG-tests-2] INFO  testCases.TC001_AccountRegistrationTest Validating the message...
14:13:43.546 [TestNG-tests-2] INFO  testCases.TC001_AccountRegistrationTest The test cases is End...
14:14:47.527 [main] DEBUG org.testng.TestNG suiteXmlPath: "C:\workspace\Selenium\Opencart\grouping.xml"
14:14:48.318 [main] INFO  org.testng.internal.Utils [TestNG] Running:
  C:\workspace\Selenium\Opencart\grouping.xml

14:14:55.150 [TestNG-tests-2] INFO  testCases.TC001_AccountRegistrationTest This is a starting test ....
14:15:00.703 [TestNG-tests-2] INFO  testCases.TC001_AccountRegistrationTest Click on the Register ....
14:15:00.746 [TestNG-tests-2] INFO  testCases.TC001_AccountRegistrationTest Providing the information detals....
14:15:09.640 [TestNG-tests-2] INFO  testCases.TC001_AccountRegistrationTest Validating the message...
14:15:09.644 [TestNG-tests-2] INFO  testCases.TC001_AccountRegistrationTest The test cases is End...
14:15:38.076 [TestNG-tests-1] INFO  testCases.TC001_AccountRegistrationTest This is a starting test ....
14:15:41.872 [TestNG-tests-1] INFO  testCases.TC001_AccountRegistrationTest Click on the Register ....
14:15:41.880 [TestNG-tests-1] INFO  testCases.TC001_AccountRegistrationTest Providing the information detals....
14:15:43.873 [TestNG-tests-1] INFO  testCases.TC001_AccountRegistrationTest Validating the message...
14:15:43.873 [TestNG-tests-1] INFO  testCases.TC001_AccountRegistrationTest The test cases is End...
14:15:45.841 [TestNG-tests-1] INFO  testCases.TC002_LoginTest Starting the test case....
14:15:46.001 [TestNG-tests-1] INFO  testCases.TC002_LoginTest Clicking on my account...
14:15:46.658 [TestNG-tests-1] INFO  testCases.TC002_LoginTest Sucsesfully providing the email and password....
14:15:47.975 [TestNG-tests-1] INFO  testCases.TC002_LoginTest Ending the test cases....
14:23:22.403 [main] DEBUG org.testng.TestNG suiteXmlPath: "C:\workspace\Selenium\Opencart\grouping.xml"
14:23:23.305 [main] INFO  org.testng.internal.Utils [TestNG] Running:
  C:\workspace\Selenium\Opencart\grouping.xml

14:23:29.478 [TestNG-tests-1] INFO  testCases.TC001_AccountRegistrationTest This is a starting test ....
14:23:33.909 [TestNG-tests-1] INFO  testCases.TC001_AccountRegistrationTest Click on the Register ....
14:23:33.931 [TestNG-tests-1] INFO  testCases.TC001_AccountRegistrationTest Providing the information detals....
14:23:36.115 [TestNG-tests-1] INFO  testCases.TC001_AccountRegistrationTest Validating the message...
14:23:36.118 [TestNG-tests-1] INFO  testCases.TC001_AccountRegistrationTest The test cases is End...
14:23:38.039 [TestNG-tests-1] INFO  testCases.TC002_LoginTest Starting the test case....
14:23:38.215 [TestNG-tests-1] INFO  testCases.TC002_LoginTest Clicking on my account...
14:23:39.160 [TestNG-tests-1] INFO  testCases.TC002_LoginTest Sucsesfully providing the email and password....
14:23:40.247 [TestNG-tests-1] INFO  testCases.TC002_LoginTest Ending the test cases....
14:26:26.600 [main] DEBUG org.testng.TestNG suiteXmlPath: "C:\workspace\Selenium\Opencart\grouping.xml"
14:26:27.282 [main] INFO  org.testng.internal.Utils [TestNG] Running:
  C:\workspace\Selenium\Opencart\grouping.xml

14:26:35.827 [TestNG-tests-1] INFO  testCases.TC001_AccountRegistrationTest This is a starting test ....
14:26:40.058 [TestNG-tests-1] INFO  testCases.TC001_AccountRegistrationTest Click on the Register ....
14:26:40.097 [TestNG-tests-1] INFO  testCases.TC001_AccountRegistrationTest Providing the information detals....
14:26:42.043 [TestNG-tests-1] INFO  testCases.TC001_AccountRegistrationTest Validating the message...
14:26:42.047 [TestNG-tests-1] INFO  testCases.TC001_AccountRegistrationTest The test cases is End...
14:26:46.356 [TestNG-tests-1] INFO  testCases.TC002_LoginTest Starting the test case....
14:26:46.477 [TestNG-tests-1] INFO  testCases.TC002_LoginTest Clicking on my account...
14:26:46.827 [TestNG-tests-1] INFO  testCases.TC002_LoginTest Sucsesfully providing the email and password....
14:26:47.821 [TestNG-tests-1] INFO  testCases.TC002_LoginTest Ending the test cases....
15:33:53.691 [main] DEBUG org.testng.TestNG suiteXmlPath: "C:\workspace\Selenium\Opencart\grouping.xml"
15:33:55.126 [main] INFO  org.testng.internal.Utils [TestNG] Running:
  C:\workspace\Selenium\Opencart\grouping.xml

15:37:31.182 [main] DEBUG org.testng.TestNG suiteXmlPath: "C:\workspace\Selenium\Opencart\grouping.xml"
15:37:33.651 [main] INFO  org.testng.internal.Utils [TestNG] Running:
  C:\workspace\Selenium\Opencart\grouping.xml

15:37:42.478 [TestNG-tests-1] INFO  testCases.TC001_AccountRegistrationTest This is a starting test ....
15:37:46.631 [TestNG-tests-1] INFO  testCases.TC001_AccountRegistrationTest Click on the Register ....
15:37:46.715 [TestNG-tests-1] INFO  testCases.TC001_AccountRegistrationTest Providing the information detals....
15:37:50.126 [TestNG-tests-1] INFO  testCases.TC001_AccountRegistrationTest Validating the message...
15:37:50.137 [TestNG-tests-1] INFO  testCases.TC001_AccountRegistrationTest The test cases is End...
15:37:53.271 [TestNG-tests-1] INFO  testCases.TC002_LoginTest Starting the test case....
15:37:53.494 [TestNG-tests-1] INFO  testCases.TC002_LoginTest Clicking on my account...
15:37:54.563 [TestNG-tests-1] INFO  testCases.TC002_LoginTest Sucsesfully providing the email and password....
15:37:55.783 [TestNG-tests-1] INFO  testCases.TC002_LoginTest Ending the test cases....
14:11:55.579 [main] DEBUG org.testng.TestNG suiteXmlPath: "C:\workspace\Selenium\Opencart\master.xml"
14:11:56.219 [main] INFO  org.testng.internal.Utils [TestNG] Running:
  C:\workspace\Selenium\Opencart\master.xml

14:13:43.174 [main] INFO  testCases.TC002_LoginTest Starting the test case....
14:13:43.500 [main] INFO  testCases.TC002_LoginTest Clicking on my account...
14:13:45.089 [main] INFO  testCases.TC002_LoginTest Sucsesfully providing the email and password....
14:13:50.858 [main] INFO  testCases.TC002_LoginTest Ending the test cases....
15:28:30.202 [main] DEBUG org.testng.TestNG suiteXmlPath: "C:\workspace\Selenium\Opencart\master.xml"
15:28:30.975 [main] INFO  org.testng.internal.Utils [TestNG] Running:
  C:\workspace\Selenium\Opencart\master.xml

15:29:30.376 [main] INFO  org.openqa.selenium.chrome.ChromeDriver Starting the test case....
15:29:30.553 [main] INFO  org.openqa.selenium.chrome.ChromeDriver Clicking on my account...
15:29:33.271 [main] INFO  org.openqa.selenium.chrome.ChromeDriver Sucsesfully providing the email and password....
15:29:37.154 [main] INFO  org.openqa.selenium.chrome.ChromeDriver Ending the test cases....
15:32:31.161 [main] DEBUG org.testng.TestNG suiteXmlPath: "C:\workspace\Selenium\Opencart\master.xml"
15:32:32.008 [main] INFO  org.testng.internal.Utils [TestNG] Running:
  C:\workspace\Selenium\Opencart\master.xml

15:33:35.548 [main] INFO  testCases.TC001_AccountRegistrationTest This is a starting test ....
15:33:50.399 [main] INFO  testCases.TC001_AccountRegistrationTest Click on the Register ....
15:33:50.439 [main] INFO  testCases.TC001_AccountRegistrationTest Providing the information detals....
15:33:53.966 [main] INFO  testCases.TC001_AccountRegistrationTest Validating the message...
15:33:53.970 [main] INFO  testCases.TC001_AccountRegistrationTest The test cases is End...
15:35:46.115 [main] INFO  testCases.TC002_LoginTest Starting the test case....
15:35:46.405 [main] INFO  testCases.TC002_LoginTest Clicking on my account...
15:35:47.521 [main] INFO  testCases.TC002_LoginTest Sucsesfully providing the email and password....
15:35:49.304 [main] INFO  testCases.TC002_LoginTest Ending the test cases....
15:50:27.387 [main] DEBUG org.testng.TestNG suiteXmlPath: "C:\workspace\Selenium\Opencart\master.xml"
15:51:28.328 [main] INFO  testCases.TC002_LoginTest Starting the test case....
15:51:28.613 [main] INFO  testCases.TC002_LoginTest Clicking on my account...
15:51:30.079 [main] INFO  testCases.TC002_LoginTest Sucsesfully providing the email and password....
15:51:32.494 [main] INFO  testCases.TC002_LoginTest Ending the test cases....
15:52:38.216 [main] DEBUG org.testng.TestNG suiteXmlPath: "C:\workspace\Selenium\Opencart\master.xml"
15:53:48.536 [main] INFO  testCases.TC002_LoginTest Starting the test case....
15:53:48.862 [main] INFO  testCases.TC002_LoginTest Clicking on my account...
15:53:50.132 [main] INFO  testCases.TC002_LoginTest Sucsesfully providing the email and password....
15:53:52.446 [main] INFO  testCases.TC002_LoginTest Ending the test cases....
16:42:18.271 [main] DEBUG org.testng.TestNG suiteXmlPath: "C:\workspace\Selenium\Opencart\master.xml"
16:43:58.459 [main] INFO  testCases.TC002_LoginTest Starting the test case....
16:43:58.761 [main] INFO  testCases.TC002_LoginTest Clicking on my account...
16:44:00.187 [main] INFO  testCases.TC002_LoginTest Sucsesfully providing the email and password....
16:44:01.965 [main] INFO  testCases.TC002_LoginTest Ending the test cases....
16:55:45.297 [main] DEBUG org.testng.TestNG suiteXmlPath: "C:\workspace\Selenium\Opencart\master.xml"
16:56:42.766 [main] INFO  testCases.TC002_LoginTest Starting the test case....
16:56:43.061 [main] INFO  testCases.TC002_LoginTest Clicking on my account...
16:56:48.370 [main] INFO  testCases.TC002_LoginTest Sucsesfully providing the email and password....
16:56:51.423 [main] INFO  testCases.TC002_LoginTest Ending the test cases....
17:14:39.826 [main] DEBUG org.testng.TestNG suiteXmlPath: "C:\workspace\Selenium\Opencart\master.xml"
17:17:03.110 [main] DEBUG org.testng.TestNG suiteXmlPath: "C:\workspace\Selenium\Opencart\master.xml"
17:17:44.270 [main] INFO  testCases.TC002_LoginTest Starting the test case....
