19:29:09.406 [main] DEBUG org.apache.poi.openxml4j.opc.PackageRelationshipCollection Parsing relationship: /_rels/.rels
19:29:09.483 [main] DEBUG org.apache.poi.openxml4j.opc.PackageRelationshipCollection Parsing relationship: /xl/_rels/workbook.xml.rels
19:29:09.485 [main] DEBUG org.apache.poi.openxml4j.opc.PackageRelationshipCollection Parsing relationship: /xl/worksheets/_rels/sheet1.xml.rels
19:29:09.489 [main] DEBUG org.apache.poi.openxml4j.opc.PackageRelationshipCollection Parsing relationship: /_rels/.rels
19:29:09.552 [main] DEBUG org.apache.poi.openxml4j.opc.PackageRelationshipCollection Parsing relationship: /xl/_rels/workbook.xml.rels
19:29:09.554 [main] DEBUG org.apache.poi.openxml4j.opc.PackageRelationshipCollection Parsing relationship: /xl/worksheets/_rels/sheet1.xml.rels
19:29:09.555 [main] DEBUG org.apache.poi.openxml4j.opc.PackageRelationshipCollection Parsing relationship: /_rels/.rels
19:29:09.613 [main] DEBUG org.apache.poi.openxml4j.opc.PackageRelationshipCollection Parsing relationship: /xl/_rels/workbook.xml.rels
19:29:09.616 [main] DEBUG org.apache.poi.openxml4j.opc.PackageRelationshipCollection Parsing relationship: /xl/worksheets/_rels/sheet1.xml.rels
19:29:09.617 [main] DEBUG org.apache.poi.openxml4j.opc.PackageRelationshipCollection Parsing relationship: /_rels/.rels
19:29:09.665 [main] DEBUG org.apache.poi.openxml4j.opc.PackageRelationshipCollection Parsing relationship: /xl/_rels/workbook.xml.rels
19:29:09.666 [main] DEBUG org.apache.poi.openxml4j.opc.PackageRelationshipCollection Parsing relationship: /xl/worksheets/_rels/sheet1.xml.rels
19:29:09.669 [main] DEBUG org.apache.poi.openxml4j.opc.PackageRelationshipCollection Parsing relationship: /_rels/.rels
19:29:09.709 [main] DEBUG org.apache.poi.openxml4j.opc.PackageRelationshipCollection Parsing relationship: /xl/_rels/workbook.xml.rels
19:29:09.711 [main] DEBUG org.apache.poi.openxml4j.opc.PackageRelationshipCollection Parsing relationship: /xl/worksheets/_rels/sheet1.xml.rels
19:29:09.713 [main] DEBUG org.apache.poi.openxml4j.opc.PackageRelationshipCollection Parsing relationship: /_rels/.rels
19:29:09.753 [main] DEBUG org.apache.poi.openxml4j.opc.PackageRelationshipCollection Parsing relationship: /xl/_rels/workbook.xml.rels
19:29:09.755 [main] DEBUG org.apache.poi.openxml4j.opc.PackageRelationshipCollection Parsing relationship: /xl/worksheets/_rels/sheet1.xml.rels
19:29:09.756 [main] DEBUG org.apache.poi.openxml4j.opc.PackageRelationshipCollection Parsing relationship: /_rels/.rels
19:29:09.814 [main] DEBUG org.apache.poi.openxml4j.opc.PackageRelationshipCollection Parsing relationship: /xl/_rels/workbook.xml.rels
19:29:09.818 [main] DEBUG org.apache.poi.openxml4j.opc.PackageRelationshipCollection Parsing relationship: /xl/worksheets/_rels/sheet1.xml.rels
19:29:09.820 [main] DEBUG org.apache.poi.openxml4j.opc.PackageRelationshipCollection Parsing relationship: /_rels/.rels
19:29:10.015 [main] INFO  org.openqa.selenium.chrome.ChromeDriver **** test start******
19:29:13.470 [main] INFO  org.openqa.selenium.chrome.ChromeDriver **** test condition******
19:29:13.470 [main] INFO  org.openqa.selenium.chrome.ChromeDriver username and password is incorrect !
19:29:13.522 [main] INFO  org.openqa.selenium.chrome.ChromeDriver **** test start******
19:29:15.938 [main] INFO  org.openqa.selenium.chrome.ChromeDriver **** test condition******
19:29:16.552 [main] INFO  org.openqa.selenium.chrome.ChromeDriver **** test End******
19:29:16.561 [main] INFO  org.openqa.selenium.chrome.ChromeDriver **** test start******
19:29:18.425 [main] INFO  org.openqa.selenium.chrome.ChromeDriver **** test condition******
19:29:18.428 [main] INFO  org.openqa.selenium.chrome.ChromeDriver username and password is incorrect !
19:29:18.435 [main] INFO  org.openqa.selenium.chrome.ChromeDriver **** test start******
19:29:20.881 [main] INFO  org.openqa.selenium.chrome.ChromeDriver **** test condition******
19:29:21.417 [main] INFO  org.openqa.selenium.chrome.ChromeDriver **** test End******
19:29:21.422 [main] INFO  org.openqa.selenium.chrome.ChromeDriver **** test start******
19:29:22.875 [main] INFO  org.openqa.selenium.chrome.ChromeDriver **** test condition******
19:29:22.875 [main] INFO  org.openqa.selenium.chrome.ChromeDriver username and password is incorrect !
19:29:23.455 [main] INFO  org.testng.internal.Utils [TestNG] Time taken by org.testng.reporters.jq.Main@52b46d52: 163 ms
19:29:23.486 [main] INFO  org.testng.internal.Utils [TestNG] Time taken by org.testng.reporters.FailedReporter@14c93774: 31 ms
19:29:23.506 [main] INFO  org.testng.internal.Utils [TestNG] Time taken by org.testng.reporters.XMLReporter@3e1fd62b: 18 ms
19:29:23.524 [main] INFO  org.testng.internal.Utils [TestNG] Time taken by org.testng.reporters.EmailableReporter2@3440e9cd: 17 ms
19:29:23.554 [main] INFO  org.testng.internal.Utils [TestNG] Time taken by org.testng.reporters.JUnitReportReporter@7d986d83: 30 ms
19:29:23.554 [main] INFO  org.testng.internal.Utils [TestNG] Time taken by org.testng.internal.ExitCodeListener@77f991c: 0 ms
19:32:49.811 [main] DEBUG org.testng.TestNG suiteXmlPath: "C:\Users\swapn\AppData\Local\Temp\testng-eclipse--1194609146\testng-customsuite.xml"
19:32:50.763 [main] INFO  org.testng.internal.Utils [Utils] MethodGroupsHelper.collectMethodsByGroup() took 1 ms.
19:32:50.766 [main] INFO  org.testng.internal.Utils [Utils] MethodGroupsHelper.sortMethods() took 3 ms.
19:32:50.781 [main] INFO  org.testng.internal.Utils [Utils] MethodGroupsHelper.collectMethodsByGroup() took 0 ms.
19:32:50.782 [main] INFO  org.testng.internal.Utils [Utils] MethodGroupsHelper.sortMethods() took 0 ms.
19:32:50.782 [main] INFO  org.testng.internal.Utils [Utils] MethodGroupsHelper.collectMethodsByGroup() took 0 ms.
19:32:50.784 [main] INFO  org.testng.internal.Utils [Utils] MethodGroupsHelper.sortMethods() took 0 ms.
19:32:50.786 [main] INFO  org.testng.internal.Utils [Utils] MethodGroupsHelper.collectMethodsByGroup() took 0 ms.
19:32:50.787 [main] INFO  org.testng.internal.Utils [Utils] MethodGroupsHelper.sortMethods() took 0 ms.
19:32:50.802 [main] INFO  org.testng.internal.Utils [Utils] MethodGroupsHelper.collectMethodsByGroup() took 11 ms.
19:32:50.820 [main] INFO  org.testng.internal.Utils [Utils] MethodGroupsHelper.sortMethods() took 18 ms.
19:32:50.823 [main] INFO  org.testng.internal.Utils [Utils] MethodGroupsHelper.collectMethodsByGroup() took 0 ms.
19:32:50.824 [main] INFO  org.testng.internal.Utils [Utils] MethodGroupsHelper.sortMethods() took 0 ms.
19:32:50.825 [main] INFO  org.testng.internal.Utils [Utils] MethodGroupsHelper.collectMethodsByGroup() took 0 ms.
19:32:50.825 [main] INFO  org.testng.internal.Utils [Utils] MethodGroupsHelper.sortMethods() took 0 ms.
19:32:50.825 [main] INFO  org.testng.internal.Utils [Utils] MethodGroupsHelper.collectMethodsByGroup() took 0 ms.
19:32:50.825 [main] INFO  org.testng.internal.Utils [Utils] MethodGroupsHelper.sortMethods() took 0 ms.
19:32:50.828 [main] INFO  org.testng.internal.Utils [Utils] MethodGroupsHelper.collectMethodsByGroup() took 0 ms.
19:32:50.828 [main] INFO  org.testng.internal.Utils [Utils] MethodGroupsHelper.sortMethods() took 0 ms.
19:32:50.829 [main] INFO  org.testng.internal.Utils [Utils] MethodGroupsHelper.collectMethodsByGroup() took 0 ms.
19:32:50.830 [main] INFO  org.testng.internal.Utils [Utils] MethodGroupsHelper.sortMethods() took 0 ms.
19:32:50.833 [main] INFO  org.testng.internal.Utils [Utils] MethodGroupsHelper.collectMethodsByGroup() took 0 ms.
19:32:50.833 [main] INFO  org.testng.internal.Utils [Utils] MethodGroupsHelper.sortMethods() took 0 ms.
19:32:50.833 [main] INFO  org.testng.internal.Utils [Utils] MethodGroupsHelper.collectMethodsByGroup() took 0 ms.
19:32:50.833 [main] INFO  org.testng.internal.Utils [Utils] MethodGroupsHelper.sortMethods() took 0 ms.
19:32:50.835 [main] INFO  org.testng.internal.Utils [Utils] MethodGroupsHelper.collectMethodsByGroup() took 1 ms.
19:32:50.836 [main] INFO  org.testng.internal.Utils [Utils] MethodGroupsHelper.sortMethods() took 0 ms.
19:32:50.839 [main] INFO  org.testng.internal.Utils [Utils] MethodGroupsHelper.collectMethodsByGroup() took 0 ms.
19:32:50.840 [main] INFO  org.testng.internal.Utils [Utils] MethodGroupsHelper.sortMethods() took 0 ms.
19:32:50.840 [main] INFO  org.testng.internal.Utils [Utils] MethodGroupsHelper.collectMethodsByGroup() took 0 ms.
19:32:50.840 [main] INFO  org.testng.internal.Utils [Utils] MethodGroupsHelper.sortMethods() took 0 ms.
19:32:50.857 [main] INFO  org.testng.internal.Utils [TestNG] Running:
  C:\Users\swapn\AppData\Local\Temp\testng-eclipse--1194609146\testng-customsuite.xml

19:32:50.896 [main] INFO  org.testng.internal.Utils [Utils] DynamicGraphHelper.createDynamicGraph() took 8 ms.
19:32:57.021 [main] DEBUG org.apache.poi.openxml4j.opc.PackageRelationshipCollection Parsing relationship: /xl/_rels/workbook.xml.rels
19:32:57.028 [main] DEBUG org.apache.poi.openxml4j.opc.PackageRelationshipCollection Parsing relationship: /xl/worksheets/_rels/sheet1.xml.rels
19:32:57.033 [main] DEBUG org.apache.poi.openxml4j.opc.PackageRelationshipCollection Parsing relationship: /_rels/.rels
19:32:58.419 [main] DEBUG org.apache.poi.openxml4j.opc.PackageRelationshipCollection Parsing relationship: /xl/_rels/workbook.xml.rels
19:32:58.421 [main] DEBUG org.apache.poi.openxml4j.opc.PackageRelationshipCollection Parsing relationship: /xl/worksheets/_rels/sheet1.xml.rels
19:32:58.425 [main] DEBUG org.apache.poi.openxml4j.opc.PackageRelationshipCollection Parsing relationship: /_rels/.rels
19:32:58.513 [main] DEBUG org.apache.poi.openxml4j.opc.PackageRelationshipCollection Parsing relationship: /xl/_rels/workbook.xml.rels
19:32:58.515 [main] DEBUG org.apache.poi.openxml4j.opc.PackageRelationshipCollection Parsing relationship: /xl/worksheets/_rels/sheet1.xml.rels
19:32:58.519 [main] DEBUG org.apache.poi.openxml4j.opc.PackageRelationshipCollection Parsing relationship: /_rels/.rels
19:32:58.611 [main] DEBUG org.apache.poi.openxml4j.opc.PackageRelationshipCollection Parsing relationship: /xl/_rels/workbook.xml.rels
19:32:58.615 [main] DEBUG org.apache.poi.openxml4j.opc.PackageRelationshipCollection Parsing relationship: /xl/worksheets/_rels/sheet1.xml.rels
19:32:58.618 [main] DEBUG org.apache.poi.openxml4j.opc.PackageRelationshipCollection Parsing relationship: /_rels/.rels
19:32:58.674 [main] DEBUG org.apache.poi.openxml4j.opc.PackageRelationshipCollection Parsing relationship: /xl/_rels/workbook.xml.rels
19:32:58.677 [main] DEBUG org.apache.poi.openxml4j.opc.PackageRelationshipCollection Parsing relationship: /xl/worksheets/_rels/sheet1.xml.rels
19:32:58.679 [main] DEBUG org.apache.poi.openxml4j.opc.PackageRelationshipCollection Parsing relationship: /_rels/.rels
19:32:58.732 [main] DEBUG org.apache.poi.openxml4j.opc.PackageRelationshipCollection Parsing relationship: /xl/_rels/workbook.xml.rels
19:32:58.735 [main] DEBUG org.apache.poi.openxml4j.opc.PackageRelationshipCollection Parsing relationship: /xl/worksheets/_rels/sheet1.xml.rels
19:32:58.737 [main] DEBUG org.apache.poi.openxml4j.opc.PackageRelationshipCollection Parsing relationship: /_rels/.rels
19:32:58.799 [main] DEBUG org.apache.poi.openxml4j.opc.PackageRelationshipCollection Parsing relationship: /xl/_rels/workbook.xml.rels
19:32:58.802 [main] DEBUG org.apache.poi.openxml4j.opc.PackageRelationshipCollection Parsing relationship: /xl/worksheets/_rels/sheet1.xml.rels
19:32:58.804 [main] DEBUG org.apache.poi.openxml4j.opc.PackageRelationshipCollection Parsing relationship: /_rels/.rels
19:32:58.861 [main] DEBUG org.apache.poi.openxml4j.opc.PackageRelationshipCollection Parsing relationship: /xl/_rels/workbook.xml.rels
19:32:58.867 [main] DEBUG org.apache.poi.openxml4j.opc.PackageRelationshipCollection Parsing relationship: /xl/worksheets/_rels/sheet1.xml.rels
19:32:58.868 [main] DEBUG org.apache.poi.openxml4j.opc.PackageRelationshipCollection Parsing relationship: /_rels/.rels
19:32:58.942 [main] DEBUG org.apache.poi.openxml4j.opc.PackageRelationshipCollection Parsing relationship: /xl/_rels/workbook.xml.rels
19:32:58.945 [main] DEBUG org.apache.poi.openxml4j.opc.PackageRelationshipCollection Parsing relationship: /xl/worksheets/_rels/sheet1.xml.rels
19:32:58.949 [main] DEBUG org.apache.poi.openxml4j.opc.PackageRelationshipCollection Parsing relationship: /_rels/.rels
19:32:59.021 [main] DEBUG org.apache.poi.openxml4j.opc.PackageRelationshipCollection Parsing relationship: /xl/_rels/workbook.xml.rels
19:32:59.024 [main] DEBUG org.apache.poi.openxml4j.opc.PackageRelationshipCollection Parsing relationship: /xl/worksheets/_rels/sheet1.xml.rels
19:32:59.027 [main] DEBUG org.apache.poi.openxml4j.opc.PackageRelationshipCollection Parsing relationship: /_rels/.rels
19:32:59.086 [main] DEBUG org.apache.poi.openxml4j.opc.PackageRelationshipCollection Parsing relationship: /xl/_rels/workbook.xml.rels
19:32:59.089 [main] DEBUG org.apache.poi.openxml4j.opc.PackageRelationshipCollection Parsing relationship: /xl/worksheets/_rels/sheet1.xml.rels
19:32:59.094 [main] DEBUG org.apache.poi.openxml4j.opc.PackageRelationshipCollection Parsing relationship: /_rels/.rels
19:32:59.171 [main] DEBUG org.apache.poi.openxml4j.opc.PackageRelationshipCollection Parsing relationship: /xl/_rels/workbook.xml.rels
19:32:59.173 [main] DEBUG org.apache.poi.openxml4j.opc.PackageRelationshipCollection Parsing relationship: /xl/worksheets/_rels/sheet1.xml.rels
19:32:59.175 [main] DEBUG org.apache.poi.openxml4j.opc.PackageRelationshipCollection Parsing relationship: /_rels/.rels
19:32:59.222 [main] DEBUG org.apache.poi.openxml4j.opc.PackageRelationshipCollection Parsing relationship: /xl/_rels/workbook.xml.rels
19:32:59.225 [main] DEBUG org.apache.poi.openxml4j.opc.PackageRelationshipCollection Parsing relationship: /xl/worksheets/_rels/sheet1.xml.rels
19:32:59.227 [main] DEBUG org.apache.poi.openxml4j.opc.PackageRelationshipCollection Parsing relationship: /_rels/.rels
19:32:59.272 [main] DEBUG org.apache.poi.openxml4j.opc.PackageRelationshipCollection Parsing relationship: /xl/_rels/workbook.xml.rels
19:32:59.273 [main] DEBUG org.apache.poi.openxml4j.opc.PackageRelationshipCollection Parsing relationship: /xl/worksheets/_rels/sheet1.xml.rels
19:32:59.275 [main] DEBUG org.apache.poi.openxml4j.opc.PackageRelationshipCollection Parsing relationship: /_rels/.rels
19:32:59.315 [main] DEBUG org.apache.poi.openxml4j.opc.PackageRelationshipCollection Parsing relationship: /xl/_rels/workbook.xml.rels
19:32:59.317 [main] DEBUG org.apache.poi.openxml4j.opc.PackageRelationshipCollection Parsing relationship: /xl/worksheets/_rels/sheet1.xml.rels
19:32:59.318 [main] DEBUG org.apache.poi.openxml4j.opc.PackageRelationshipCollection Parsing relationship: /_rels/.rels
19:32:59.358 [main] DEBUG org.apache.poi.openxml4j.opc.PackageRelationshipCollection Parsing relationship: /xl/_rels/workbook.xml.rels
19:32:59.359 [main] DEBUG org.apache.poi.openxml4j.opc.PackageRelationshipCollection Parsing relationship: /xl/worksheets/_rels/sheet1.xml.rels
19:32:59.364 [main] DEBUG org.apache.poi.openxml4j.opc.PackageRelationshipCollection Parsing relationship: /_rels/.rels
19:32:59.420 [main] DEBUG org.apache.poi.openxml4j.opc.PackageRelationshipCollection Parsing relationship: /xl/_rels/workbook.xml.rels
19:32:59.423 [main] DEBUG org.apache.poi.openxml4j.opc.PackageRelationshipCollection Parsing relationship: /xl/worksheets/_rels/sheet1.xml.rels
19:32:59.426 [main] DEBUG org.apache.poi.openxml4j.opc.PackageRelationshipCollection Parsing relationship: /_rels/.rels
19:32:59.511 [main] INFO  org.openqa.selenium.chrome.ChromeDriver **** test start******
19:33:03.284 [main] INFO  org.openqa.selenium.chrome.ChromeDriver **** test condition******
19:33:03.289 [main] INFO  org.openqa.selenium.chrome.ChromeDriver username and password is incorrect !
19:33:03.339 [main] INFO  org.openqa.selenium.chrome.ChromeDriver **** test start******
19:33:05.984 [main] INFO  org.openqa.selenium.chrome.ChromeDriver **** test condition******
19:33:06.507 [main] INFO  org.openqa.selenium.chrome.ChromeDriver **** test End******
19:33:06.515 [main] INFO  org.openqa.selenium.chrome.ChromeDriver **** test start******
19:33:08.464 [main] INFO  org.openqa.selenium.chrome.ChromeDriver **** test condition******
19:33:08.464 [main] INFO  org.openqa.selenium.chrome.ChromeDriver username and password is incorrect !
19:33:08.475 [main] INFO  org.openqa.selenium.chrome.ChromeDriver **** test start******
19:33:10.963 [main] INFO  org.openqa.selenium.chrome.ChromeDriver **** test condition******
19:33:11.572 [main] INFO  org.openqa.selenium.chrome.ChromeDriver **** test End******
19:33:11.583 [main] INFO  org.openqa.selenium.chrome.ChromeDriver **** test start******
19:33:13.213 [main] INFO  org.openqa.selenium.chrome.ChromeDriver **** test condition******
19:33:13.213 [main] INFO  org.openqa.selenium.chrome.ChromeDriver username and password is incorrect !
19:33:13.838 [main] INFO  org.testng.internal.Utils [TestNG] Time taken by org.testng.reporters.jq.Main@163042ea: 153 ms
19:33:13.870 [main] INFO  org.testng.internal.Utils [TestNG] Time taken by org.testng.reporters.FailedReporter@1f939a0f: 32 ms
19:33:13.889 [main] INFO  org.testng.internal.Utils [TestNG] Time taken by org.testng.reporters.XMLReporter@7efa3f63: 18 ms
19:33:13.903 [main] INFO  org.testng.internal.Utils [TestNG] Time taken by org.testng.reporters.EmailableReporter2@502a4156: 14 ms
19:33:13.924 [main] INFO  org.testng.internal.Utils [TestNG] Time taken by org.testng.reporters.JUnitReportReporter@6968bcec: 21 ms
19:33:13.924 [main] INFO  org.testng.internal.Utils [TestNG] Time taken by org.testng.internal.ExitCodeListener@5568c66f: 0 ms
19:34:54.153 [main] DEBUG org.testng.TestNG suiteXmlPath: "C:\Users\swapn\AppData\Local\Temp\testng-eclipse--31731048\testng-customsuite.xml"
19:34:55.219 [main] INFO  org.testng.internal.Utils [Utils] MethodGroupsHelper.collectMethodsByGroup() took 1 ms.
19:34:55.221 [main] INFO  org.testng.internal.Utils [Utils] MethodGroupsHelper.sortMethods() took 1 ms.
19:34:55.223 [main] INFO  org.testng.internal.Utils [Utils] MethodGroupsHelper.collectMethodsByGroup() took 0 ms.
19:34:55.223 [main] INFO  org.testng.internal.Utils [Utils] MethodGroupsHelper.sortMethods() took 0 ms.
19:34:55.234 [main] INFO  org.testng.internal.Utils [Utils] MethodGroupsHelper.collectMethodsByGroup() took 0 ms.
19:34:55.234 [main] INFO  org.testng.internal.Utils [Utils] MethodGroupsHelper.sortMethods() took 0 ms.
19:34:55.234 [main] INFO  org.testng.internal.Utils [Utils] MethodGroupsHelper.collectMethodsByGroup() took 0 ms.
19:34:55.236 [main] INFO  org.testng.internal.Utils [Utils] MethodGroupsHelper.sortMethods() took 0 ms.
19:34:55.251 [main] INFO  org.testng.internal.Utils [Utils] MethodGroupsHelper.collectMethodsByGroup() took 9 ms.
19:34:55.271 [main] INFO  org.testng.internal.Utils [Utils] MethodGroupsHelper.sortMethods() took 18 ms.
19:34:55.273 [main] INFO  org.testng.internal.Utils [Utils] MethodGroupsHelper.collectMethodsByGroup() took 0 ms.
19:34:55.274 [main] INFO  org.testng.internal.Utils [Utils] MethodGroupsHelper.sortMethods() took 0 ms.
19:34:55.275 [main] INFO  org.testng.internal.Utils [Utils] MethodGroupsHelper.collectMethodsByGroup() took 0 ms.
19:34:55.275 [main] INFO  org.testng.internal.Utils [Utils] MethodGroupsHelper.sortMethods() took 0 ms.
19:34:55.275 [main] INFO  org.testng.internal.Utils [Utils] MethodGroupsHelper.collectMethodsByGroup() took 0 ms.
19:34:55.275 [main] INFO  org.testng.internal.Utils [Utils] MethodGroupsHelper.sortMethods() took 0 ms.
19:34:55.277 [main] INFO  org.testng.internal.Utils [Utils] MethodGroupsHelper.collectMethodsByGroup() took 0 ms.
19:34:55.277 [main] INFO  org.testng.internal.Utils [Utils] MethodGroupsHelper.sortMethods() took 0 ms.
19:34:55.277 [main] INFO  org.testng.internal.Utils [Utils] MethodGroupsHelper.collectMethodsByGroup() took 0 ms.
19:34:55.277 [main] INFO  org.testng.internal.Utils [Utils] MethodGroupsHelper.sortMethods() took 0 ms.
19:34:55.282 [main] INFO  org.testng.internal.Utils [Utils] MethodGroupsHelper.collectMethodsByGroup() took 0 ms.
19:34:55.282 [main] INFO  org.testng.internal.Utils [Utils] MethodGroupsHelper.sortMethods() took 0 ms.
19:34:55.282 [main] INFO  org.testng.internal.Utils [Utils] MethodGroupsHelper.collectMethodsByGroup() took 0 ms.
19:34:55.282 [main] INFO  org.testng.internal.Utils [Utils] MethodGroupsHelper.sortMethods() took 0 ms.
19:34:55.283 [main] INFO  org.testng.internal.Utils [Utils] MethodGroupsHelper.collectMethodsByGroup() took 0 ms.
19:34:55.284 [main] INFO  org.testng.internal.Utils [Utils] MethodGroupsHelper.sortMethods() took 0 ms.
19:34:55.285 [main] INFO  org.testng.internal.Utils [Utils] MethodGroupsHelper.collectMethodsByGroup() took 0 ms.
19:34:55.285 [main] INFO  org.testng.internal.Utils [Utils] MethodGroupsHelper.sortMethods() took 0 ms.
19:34:55.285 [main] INFO  org.testng.internal.Utils [Utils] MethodGroupsHelper.collectMethodsByGroup() took 0 ms.
19:34:55.285 [main] INFO  org.testng.internal.Utils [Utils] MethodGroupsHelper.sortMethods() took 0 ms.
19:34:55.299 [main] INFO  org.testng.internal.Utils [TestNG] Running:
  C:\Users\swapn\AppData\Local\Temp\testng-eclipse--31731048\testng-customsuite.xml

19:34:55.330 [main] INFO  org.testng.internal.Utils [Utils] DynamicGraphHelper.createDynamicGraph() took 5 ms.
19:35:01.388 [main] DEBUG org.apache.poi.openxml4j.opc.PackageRelationshipCollection Parsing relationship: /xl/_rels/workbook.xml.rels
19:35:01.394 [main] DEBUG org.apache.poi.openxml4j.opc.PackageRelationshipCollection Parsing relationship: /xl/worksheets/_rels/sheet1.xml.rels
19:35:01.401 [main] DEBUG org.apache.poi.openxml4j.opc.PackageRelationshipCollection Parsing relationship: /_rels/.rels
19:35:03.486 [main] DEBUG org.apache.poi.openxml4j.opc.PackageRelationshipCollection Parsing relationship: /xl/_rels/workbook.xml.rels
19:35:03.491 [main] DEBUG org.apache.poi.openxml4j.opc.PackageRelationshipCollection Parsing relationship: /xl/worksheets/_rels/sheet1.xml.rels
19:35:03.492 [main] DEBUG org.apache.poi.openxml4j.opc.PackageRelationshipCollection Parsing relationship: /_rels/.rels
19:35:03.626 [main] DEBUG org.apache.poi.openxml4j.opc.PackageRelationshipCollection Parsing relationship: /xl/_rels/workbook.xml.rels
19:35:03.632 [main] DEBUG org.apache.poi.openxml4j.opc.PackageRelationshipCollection Parsing relationship: /xl/worksheets/_rels/sheet1.xml.rels
19:35:03.638 [main] DEBUG org.apache.poi.openxml4j.opc.PackageRelationshipCollection Parsing relationship: /_rels/.rels
19:35:03.754 [main] DEBUG org.apache.poi.openxml4j.opc.PackageRelationshipCollection Parsing relationship: /xl/_rels/workbook.xml.rels
19:35:03.756 [main] DEBUG org.apache.poi.openxml4j.opc.PackageRelationshipCollection Parsing relationship: /xl/worksheets/_rels/sheet1.xml.rels
19:35:03.758 [main] DEBUG org.apache.poi.openxml4j.opc.PackageRelationshipCollection Parsing relationship: /_rels/.rels
19:35:03.823 [main] DEBUG org.apache.poi.openxml4j.opc.PackageRelationshipCollection Parsing relationship: /xl/_rels/workbook.xml.rels
19:35:03.826 [main] DEBUG org.apache.poi.openxml4j.opc.PackageRelationshipCollection Parsing relationship: /xl/worksheets/_rels/sheet1.xml.rels
19:35:03.831 [main] DEBUG org.apache.poi.openxml4j.opc.PackageRelationshipCollection Parsing relationship: /_rels/.rels
19:35:03.894 [main] DEBUG org.apache.poi.openxml4j.opc.PackageRelationshipCollection Parsing relationship: /xl/_rels/workbook.xml.rels
19:35:03.896 [main] DEBUG org.apache.poi.openxml4j.opc.PackageRelationshipCollection Parsing relationship: /xl/worksheets/_rels/sheet1.xml.rels
19:35:03.898 [main] DEBUG org.apache.poi.openxml4j.opc.PackageRelationshipCollection Parsing relationship: /_rels/.rels
19:35:03.950 [main] DEBUG org.apache.poi.openxml4j.opc.PackageRelationshipCollection Parsing relationship: /xl/_rels/workbook.xml.rels
19:35:03.952 [main] DEBUG org.apache.poi.openxml4j.opc.PackageRelationshipCollection Parsing relationship: /xl/worksheets/_rels/sheet1.xml.rels
19:35:03.955 [main] DEBUG org.apache.poi.openxml4j.opc.PackageRelationshipCollection Parsing relationship: /_rels/.rels
19:35:04.010 [main] DEBUG org.apache.poi.openxml4j.opc.PackageRelationshipCollection Parsing relationship: /xl/_rels/workbook.xml.rels
19:35:04.012 [main] DEBUG org.apache.poi.openxml4j.opc.PackageRelationshipCollection Parsing relationship: /xl/worksheets/_rels/sheet1.xml.rels
19:35:04.013 [main] DEBUG org.apache.poi.openxml4j.opc.PackageRelationshipCollection Parsing relationship: /_rels/.rels
19:35:04.057 [main] DEBUG org.apache.poi.openxml4j.opc.PackageRelationshipCollection Parsing relationship: /xl/_rels/workbook.xml.rels
19:35:04.060 [main] DEBUG org.apache.poi.openxml4j.opc.PackageRelationshipCollection Parsing relationship: /xl/worksheets/_rels/sheet1.xml.rels
19:35:04.063 [main] DEBUG org.apache.poi.openxml4j.opc.PackageRelationshipCollection Parsing relationship: /_rels/.rels
19:35:04.125 [main] DEBUG org.apache.poi.openxml4j.opc.PackageRelationshipCollection Parsing relationship: /xl/_rels/workbook.xml.rels
19:35:04.127 [main] DEBUG org.apache.poi.openxml4j.opc.PackageRelationshipCollection Parsing relationship: /xl/worksheets/_rels/sheet1.xml.rels
19:35:04.129 [main] DEBUG org.apache.poi.openxml4j.opc.PackageRelationshipCollection Parsing relationship: /_rels/.rels
19:35:04.167 [main] DEBUG org.apache.poi.openxml4j.opc.PackageRelationshipCollection Parsing relationship: /xl/_rels/workbook.xml.rels
19:35:04.169 [main] DEBUG org.apache.poi.openxml4j.opc.PackageRelationshipCollection Parsing relationship: /xl/worksheets/_rels/sheet1.xml.rels
19:35:04.171 [main] DEBUG org.apache.poi.openxml4j.opc.PackageRelationshipCollection Parsing relationship: /_rels/.rels
19:35:04.222 [main] DEBUG org.apache.poi.openxml4j.opc.PackageRelationshipCollection Parsing relationship: /xl/_rels/workbook.xml.rels
19:35:04.226 [main] DEBUG org.apache.poi.openxml4j.opc.PackageRelationshipCollection Parsing relationship: /xl/worksheets/_rels/sheet1.xml.rels
19:35:04.227 [main] DEBUG org.apache.poi.openxml4j.opc.PackageRelationshipCollection Parsing relationship: /_rels/.rels
19:35:04.271 [main] DEBUG org.apache.poi.openxml4j.opc.PackageRelationshipCollection Parsing relationship: /xl/_rels/workbook.xml.rels
19:35:04.274 [main] DEBUG org.apache.poi.openxml4j.opc.PackageRelationshipCollection Parsing relationship: /xl/worksheets/_rels/sheet1.xml.rels
19:35:04.276 [main] DEBUG org.apache.poi.openxml4j.opc.PackageRelationshipCollection Parsing relationship: /_rels/.rels
19:35:04.320 [main] DEBUG org.apache.poi.openxml4j.opc.PackageRelationshipCollection Parsing relationship: /xl/_rels/workbook.xml.rels
19:35:04.323 [main] DEBUG org.apache.poi.openxml4j.opc.PackageRelationshipCollection Parsing relationship: /xl/worksheets/_rels/sheet1.xml.rels
19:35:04.325 [main] DEBUG org.apache.poi.openxml4j.opc.PackageRelationshipCollection Parsing relationship: /_rels/.rels
19:35:04.374 [main] DEBUG org.apache.poi.openxml4j.opc.PackageRelationshipCollection Parsing relationship: /xl/_rels/workbook.xml.rels
19:35:04.376 [main] DEBUG org.apache.poi.openxml4j.opc.PackageRelationshipCollection Parsing relationship: /xl/worksheets/_rels/sheet1.xml.rels
19:35:04.379 [main] DEBUG org.apache.poi.openxml4j.opc.PackageRelationshipCollection Parsing relationship: /_rels/.rels
19:35:04.429 [main] DEBUG org.apache.poi.openxml4j.opc.PackageRelationshipCollection Parsing relationship: /xl/_rels/workbook.xml.rels
19:35:04.431 [main] DEBUG org.apache.poi.openxml4j.opc.PackageRelationshipCollection Parsing relationship: /xl/worksheets/_rels/sheet1.xml.rels
19:35:04.434 [main] DEBUG org.apache.poi.openxml4j.opc.PackageRelationshipCollection Parsing relationship: /_rels/.rels
19:35:04.484 [main] DEBUG org.apache.poi.openxml4j.opc.PackageRelationshipCollection Parsing relationship: /xl/_rels/workbook.xml.rels
19:35:04.485 [main] DEBUG org.apache.poi.openxml4j.opc.PackageRelationshipCollection Parsing relationship: /xl/worksheets/_rels/sheet1.xml.rels
19:35:04.487 [main] DEBUG org.apache.poi.openxml4j.opc.PackageRelationshipCollection Parsing relationship: /_rels/.rels
19:35:04.575 [main] INFO  org.openqa.selenium.chrome.ChromeDriver **** test start******
19:35:10.042 [main] INFO  org.openqa.selenium.chrome.ChromeDriver **** test condition******
19:35:10.042 [main] INFO  org.openqa.selenium.chrome.ChromeDriver username and password is incorrect !
19:35:10.053 [main] INFO  org.openqa.selenium.chrome.ChromeDriver **** test End******
19:35:10.074 [main] INFO  org.openqa.selenium.chrome.ChromeDriver **** test start******
19:35:13.277 [main] INFO  org.openqa.selenium.chrome.ChromeDriver **** test condition******
19:35:14.112 [main] INFO  org.openqa.selenium.chrome.ChromeDriver **** test End******
19:35:14.122 [main] INFO  org.openqa.selenium.chrome.ChromeDriver **** test start******
19:35:17.306 [main] INFO  org.openqa.selenium.chrome.ChromeDriver **** test condition******
19:35:17.306 [main] INFO  org.openqa.selenium.chrome.ChromeDriver username and password is incorrect !
19:35:17.309 [main] INFO  org.openqa.selenium.chrome.ChromeDriver **** test End******
19:35:17.313 [main] INFO  org.openqa.selenium.chrome.ChromeDriver **** test start******
19:35:19.440 [main] INFO  org.openqa.selenium.chrome.ChromeDriver **** test condition******
19:35:19.880 [main] INFO  org.openqa.selenium.chrome.ChromeDriver **** test End******
19:35:19.887 [main] INFO  org.openqa.selenium.chrome.ChromeDriver **** test start******
19:35:21.621 [main] INFO  org.openqa.selenium.chrome.ChromeDriver **** test condition******
19:35:21.621 [main] INFO  org.openqa.selenium.chrome.ChromeDriver username and password is incorrect !
19:35:21.621 [main] INFO  org.openqa.selenium.chrome.ChromeDriver **** test End******
19:35:22.176 [main] INFO  org.testng.internal.Utils [TestNG] Time taken by org.testng.reporters.jq.Main@682af059: 113 ms
19:35:22.178 [main] INFO  org.testng.internal.Utils [TestNG] Time taken by org.testng.reporters.FailedReporter@4ceff87d: 2 ms
19:35:22.197 [main] INFO  org.testng.internal.Utils [TestNG] Time taken by org.testng.reporters.XMLReporter@276cc8dc: 19 ms
19:35:22.207 [main] INFO  org.testng.internal.Utils [TestNG] Time taken by org.testng.reporters.EmailableReporter2@25f15f50: 10 ms
19:35:22.227 [main] INFO  org.testng.internal.Utils [TestNG] Time taken by org.testng.reporters.JUnitReportReporter@748ac6f3: 20 ms
19:35:22.227 [main] INFO  org.testng.internal.Utils [TestNG] Time taken by org.testng.internal.ExitCodeListener@68f6e55d: 0 ms
19:35:53.412 [main] DEBUG org.testng.TestNG suiteXmlPath: "C:\Users\swapn\AppData\Local\Temp\testng-eclipse--2117946854\testng-customsuite.xml"
19:35:54.394 [main] INFO  org.testng.internal.Utils [Utils] MethodGroupsHelper.collectMethodsByGroup() took 1 ms.
19:35:54.400 [main] INFO  org.testng.internal.Utils [Utils] MethodGroupsHelper.sortMethods() took 5 ms.
19:35:54.403 [main] INFO  org.testng.internal.Utils [Utils] MethodGroupsHelper.collectMethodsByGroup() took 0 ms.
19:35:54.403 [main] INFO  org.testng.internal.Utils [Utils] MethodGroupsHelper.sortMethods() took 0 ms.
19:35:54.405 [main] INFO  org.testng.internal.Utils [Utils] MethodGroupsHelper.collectMethodsByGroup() took 0 ms.
19:35:54.405 [main] INFO  org.testng.internal.Utils [Utils] MethodGroupsHelper.sortMethods() took 0 ms.
19:35:54.406 [main] INFO  org.testng.internal.Utils [Utils] MethodGroupsHelper.collectMethodsByGroup() took 0 ms.
19:35:54.415 [main] INFO  org.testng.internal.Utils [Utils] MethodGroupsHelper.sortMethods() took 0 ms.
19:35:54.436 [main] INFO  org.testng.internal.Utils [Utils] MethodGroupsHelper.collectMethodsByGroup() took 8 ms.
19:35:54.457 [main] INFO  org.testng.internal.Utils [Utils] MethodGroupsHelper.sortMethods() took 21 ms.
19:35:54.459 [main] INFO  org.testng.internal.Utils [Utils] MethodGroupsHelper.collectMethodsByGroup() took 1 ms.
19:35:54.460 [main] INFO  org.testng.internal.Utils [Utils] MethodGroupsHelper.sortMethods() took 1 ms.
19:35:54.461 [main] INFO  org.testng.internal.Utils [Utils] MethodGroupsHelper.collectMethodsByGroup() took 0 ms.
19:35:54.462 [main] INFO  org.testng.internal.Utils [Utils] MethodGroupsHelper.sortMethods() took 0 ms.
19:35:54.462 [main] INFO  org.testng.internal.Utils [Utils] MethodGroupsHelper.collectMethodsByGroup() took 0 ms.
19:35:54.462 [main] INFO  org.testng.internal.Utils [Utils] MethodGroupsHelper.sortMethods() took 0 ms.
19:35:54.463 [main] INFO  org.testng.internal.Utils [Utils] MethodGroupsHelper.collectMethodsByGroup() took 0 ms.
19:35:54.464 [main] INFO  org.testng.internal.Utils [Utils] MethodGroupsHelper.sortMethods() took 0 ms.
19:35:54.464 [main] INFO  org.testng.internal.Utils [Utils] MethodGroupsHelper.collectMethodsByGroup() took 0 ms.
19:35:54.464 [main] INFO  org.testng.internal.Utils [Utils] MethodGroupsHelper.sortMethods() took 0 ms.
19:35:54.471 [main] INFO  org.testng.internal.Utils [Utils] MethodGroupsHelper.collectMethodsByGroup() took 0 ms.
19:35:54.471 [main] INFO  org.testng.internal.Utils [Utils] MethodGroupsHelper.sortMethods() took 0 ms.
19:35:54.471 [main] INFO  org.testng.internal.Utils [Utils] MethodGroupsHelper.collectMethodsByGroup() took 0 ms.
19:35:54.471 [main] INFO  org.testng.internal.Utils [Utils] MethodGroupsHelper.sortMethods() took 0 ms.
19:35:54.472 [main] INFO  org.testng.internal.Utils [Utils] MethodGroupsHelper.collectMethodsByGroup() took 0 ms.
19:35:54.475 [main] INFO  org.testng.internal.Utils [Utils] MethodGroupsHelper.sortMethods() took 2 ms.
19:35:54.477 [main] INFO  org.testng.internal.Utils [Utils] MethodGroupsHelper.collectMethodsByGroup() took 0 ms.
19:35:54.477 [main] INFO  org.testng.internal.Utils [Utils] MethodGroupsHelper.sortMethods() took 0 ms.
19:35:54.477 [main] INFO  org.testng.internal.Utils [Utils] MethodGroupsHelper.collectMethodsByGroup() took 0 ms.
19:35:54.477 [main] INFO  org.testng.internal.Utils [Utils] MethodGroupsHelper.sortMethods() took 0 ms.
19:35:54.496 [main] INFO  org.testng.internal.Utils [TestNG] Running:
  C:\Users\swapn\AppData\Local\Temp\testng-eclipse--2117946854\testng-customsuite.xml

19:35:54.531 [main] INFO  org.testng.internal.Utils [Utils] DynamicGraphHelper.createDynamicGraph() took 5 ms.
19:35:59.591 [main] DEBUG org.apache.poi.openxml4j.opc.PackageRelationshipCollection Parsing relationship: /xl/_rels/workbook.xml.rels
19:35:59.591 [main] DEBUG org.apache.poi.openxml4j.opc.PackageRelationshipCollection Parsing relationship: /xl/worksheets/_rels/sheet1.xml.rels
19:35:59.607 [main] DEBUG org.apache.poi.openxml4j.opc.PackageRelationshipCollection Parsing relationship: /_rels/.rels
19:36:01.378 [main] DEBUG org.apache.poi.openxml4j.opc.PackageRelationshipCollection Parsing relationship: /xl/_rels/workbook.xml.rels
19:36:01.378 [main] DEBUG org.apache.poi.openxml4j.opc.PackageRelationshipCollection Parsing relationship: /xl/worksheets/_rels/sheet1.xml.rels
19:36:01.385 [main] DEBUG org.apache.poi.openxml4j.opc.PackageRelationshipCollection Parsing relationship: /_rels/.rels
19:36:01.465 [main] DEBUG org.apache.poi.openxml4j.opc.PackageRelationshipCollection Parsing relationship: /xl/_rels/workbook.xml.rels
19:36:01.468 [main] DEBUG org.apache.poi.openxml4j.opc.PackageRelationshipCollection Parsing relationship: /xl/worksheets/_rels/sheet1.xml.rels
19:36:01.475 [main] DEBUG org.apache.poi.openxml4j.opc.PackageRelationshipCollection Parsing relationship: /_rels/.rels
19:36:01.555 [main] DEBUG org.apache.poi.openxml4j.opc.PackageRelationshipCollection Parsing relationship: /xl/_rels/workbook.xml.rels
19:36:01.557 [main] DEBUG org.apache.poi.openxml4j.opc.PackageRelationshipCollection Parsing relationship: /xl/worksheets/_rels/sheet1.xml.rels
19:36:01.561 [main] DEBUG org.apache.poi.openxml4j.opc.PackageRelationshipCollection Parsing relationship: /_rels/.rels
19:36:01.615 [main] DEBUG org.apache.poi.openxml4j.opc.PackageRelationshipCollection Parsing relationship: /xl/_rels/workbook.xml.rels
19:36:01.618 [main] DEBUG org.apache.poi.openxml4j.opc.PackageRelationshipCollection Parsing relationship: /xl/worksheets/_rels/sheet1.xml.rels
19:36:01.621 [main] DEBUG org.apache.poi.openxml4j.opc.PackageRelationshipCollection Parsing relationship: /_rels/.rels
19:36:01.701 [main] DEBUG org.apache.poi.openxml4j.opc.PackageRelationshipCollection Parsing relationship: /xl/_rels/workbook.xml.rels
19:36:01.703 [main] DEBUG org.apache.poi.openxml4j.opc.PackageRelationshipCollection Parsing relationship: /xl/worksheets/_rels/sheet1.xml.rels
19:36:01.707 [main] DEBUG org.apache.poi.openxml4j.opc.PackageRelationshipCollection Parsing relationship: /_rels/.rels
19:36:01.762 [main] DEBUG org.apache.poi.openxml4j.opc.PackageRelationshipCollection Parsing relationship: /xl/_rels/workbook.xml.rels
19:36:01.765 [main] DEBUG org.apache.poi.openxml4j.opc.PackageRelationshipCollection Parsing relationship: /xl/worksheets/_rels/sheet1.xml.rels
19:36:01.768 [main] DEBUG org.apache.poi.openxml4j.opc.PackageRelationshipCollection Parsing relationship: /_rels/.rels
19:36:01.825 [main] DEBUG org.apache.poi.openxml4j.opc.PackageRelationshipCollection Parsing relationship: /xl/_rels/workbook.xml.rels
19:36:01.830 [main] DEBUG org.apache.poi.openxml4j.opc.PackageRelationshipCollection Parsing relationship: /xl/worksheets/_rels/sheet1.xml.rels
19:36:01.831 [main] DEBUG org.apache.poi.openxml4j.opc.PackageRelationshipCollection Parsing relationship: /_rels/.rels
19:36:01.886 [main] DEBUG org.apache.poi.openxml4j.opc.PackageRelationshipCollection Parsing relationship: /xl/_rels/workbook.xml.rels
19:36:01.888 [main] DEBUG org.apache.poi.openxml4j.opc.PackageRelationshipCollection Parsing relationship: /xl/worksheets/_rels/sheet1.xml.rels
19:36:01.894 [main] DEBUG org.apache.poi.openxml4j.opc.PackageRelationshipCollection Parsing relationship: /_rels/.rels
19:36:01.949 [main] DEBUG org.apache.poi.openxml4j.opc.PackageRelationshipCollection Parsing relationship: /xl/_rels/workbook.xml.rels
19:36:01.949 [main] DEBUG org.apache.poi.openxml4j.opc.PackageRelationshipCollection Parsing relationship: /xl/worksheets/_rels/sheet1.xml.rels
19:36:01.954 [main] DEBUG org.apache.poi.openxml4j.opc.PackageRelationshipCollection Parsing relationship: /_rels/.rels
19:36:01.992 [main] DEBUG org.apache.poi.openxml4j.opc.PackageRelationshipCollection Parsing relationship: /xl/_rels/workbook.xml.rels
19:36:01.996 [main] DEBUG org.apache.poi.openxml4j.opc.PackageRelationshipCollection Parsing relationship: /xl/worksheets/_rels/sheet1.xml.rels
19:36:01.999 [main] DEBUG org.apache.poi.openxml4j.opc.PackageRelationshipCollection Parsing relationship: /_rels/.rels
19:36:02.066 [main] DEBUG org.apache.poi.openxml4j.opc.PackageRelationshipCollection Parsing relationship: /xl/_rels/workbook.xml.rels
19:36:02.066 [main] DEBUG org.apache.poi.openxml4j.opc.PackageRelationshipCollection Parsing relationship: /xl/worksheets/_rels/sheet1.xml.rels
19:36:02.068 [main] DEBUG org.apache.poi.openxml4j.opc.PackageRelationshipCollection Parsing relationship: /_rels/.rels
19:36:02.109 [main] DEBUG org.apache.poi.openxml4j.opc.PackageRelationshipCollection Parsing relationship: /xl/_rels/workbook.xml.rels
19:36:02.111 [main] DEBUG org.apache.poi.openxml4j.opc.PackageRelationshipCollection Parsing relationship: /xl/worksheets/_rels/sheet1.xml.rels
19:36:02.115 [main] DEBUG org.apache.poi.openxml4j.opc.PackageRelationshipCollection Parsing relationship: /_rels/.rels
19:36:02.165 [main] DEBUG org.apache.poi.openxml4j.opc.PackageRelationshipCollection Parsing relationship: /xl/_rels/workbook.xml.rels
19:36:02.166 [main] DEBUG org.apache.poi.openxml4j.opc.PackageRelationshipCollection Parsing relationship: /xl/worksheets/_rels/sheet1.xml.rels
19:36:02.167 [main] DEBUG org.apache.poi.openxml4j.opc.PackageRelationshipCollection Parsing relationship: /_rels/.rels
19:36:02.204 [main] DEBUG org.apache.poi.openxml4j.opc.PackageRelationshipCollection Parsing relationship: /xl/_rels/workbook.xml.rels
19:36:02.206 [main] DEBUG org.apache.poi.openxml4j.opc.PackageRelationshipCollection Parsing relationship: /xl/worksheets/_rels/sheet1.xml.rels
19:36:02.208 [main] DEBUG org.apache.poi.openxml4j.opc.PackageRelationshipCollection Parsing relationship: /_rels/.rels
19:36:02.232 [main] DEBUG org.apache.poi.openxml4j.opc.PackageRelationshipCollection Parsing relationship: /xl/_rels/workbook.xml.rels
19:36:02.232 [main] DEBUG org.apache.poi.openxml4j.opc.PackageRelationshipCollection Parsing relationship: /xl/worksheets/_rels/sheet1.xml.rels
19:36:02.232 [main] DEBUG org.apache.poi.openxml4j.opc.PackageRelationshipCollection Parsing relationship: /_rels/.rels
19:36:02.281 [main] DEBUG org.apache.poi.openxml4j.opc.PackageRelationshipCollection Parsing relationship: /xl/_rels/workbook.xml.rels
19:36:02.283 [main] DEBUG org.apache.poi.openxml4j.opc.PackageRelationshipCollection Parsing relationship: /xl/worksheets/_rels/sheet1.xml.rels
19:36:02.283 [main] DEBUG org.apache.poi.openxml4j.opc.PackageRelationshipCollection Parsing relationship: /_rels/.rels
19:36:02.348 [main] INFO  org.openqa.selenium.chrome.ChromeDriver **** test start******
19:36:04.650 [main] INFO  org.openqa.selenium.chrome.ChromeDriver **** test condition******
19:36:04.650 [main] INFO  org.openqa.selenium.chrome.ChromeDriver username and password is incorrect !
19:36:04.655 [main] INFO  org.openqa.selenium.chrome.ChromeDriver **** test End******
19:36:04.662 [main] INFO  org.openqa.selenium.chrome.ChromeDriver **** test start******
19:36:06.783 [main] INFO  org.openqa.selenium.chrome.ChromeDriver **** test condition******
19:36:07.394 [main] INFO  org.openqa.selenium.chrome.ChromeDriver **** test End******
19:36:07.400 [main] INFO  org.openqa.selenium.chrome.ChromeDriver **** test start******
19:36:09.108 [main] INFO  org.openqa.selenium.chrome.ChromeDriver **** test condition******
19:36:09.108 [main] INFO  org.openqa.selenium.chrome.ChromeDriver username and password is incorrect !
19:36:09.108 [main] INFO  org.openqa.selenium.chrome.ChromeDriver **** test End******
19:36:09.116 [main] INFO  org.openqa.selenium.chrome.ChromeDriver **** test start******
19:36:12.010 [main] INFO  org.openqa.selenium.chrome.ChromeDriver **** test condition******
19:36:12.662 [main] INFO  org.openqa.selenium.chrome.ChromeDriver **** test End******
19:36:12.671 [main] INFO  org.openqa.selenium.chrome.ChromeDriver **** test start******
19:36:14.468 [main] INFO  org.openqa.selenium.chrome.ChromeDriver **** test condition******
19:36:14.468 [main] INFO  org.openqa.selenium.chrome.ChromeDriver username and password is incorrect !
19:36:14.468 [main] INFO  org.openqa.selenium.chrome.ChromeDriver **** test End******
19:36:15.027 [main] INFO  org.testng.internal.Utils [TestNG] Time taken by org.testng.reporters.jq.Main@46039a21: 134 ms
19:36:15.028 [main] INFO  org.testng.internal.Utils [TestNG] Time taken by org.testng.reporters.FailedReporter@4130955c: 1 ms
19:36:15.046 [main] INFO  org.testng.internal.Utils [TestNG] Time taken by org.testng.reporters.XMLReporter@7d97e06c: 18 ms
19:36:15.061 [main] INFO  org.testng.internal.Utils [TestNG] Time taken by org.testng.reporters.EmailableReporter2@49469ffa: 14 ms
19:36:15.079 [main] INFO  org.testng.internal.Utils [TestNG] Time taken by org.testng.reporters.JUnitReportReporter@76544c0a: 18 ms
19:36:15.080 [main] INFO  org.testng.internal.Utils [TestNG] Time taken by org.testng.internal.ExitCodeListener@428bdd72: 0 ms
19:37:39.753 [main] DEBUG org.testng.TestNG suiteXmlPath: "C:\Users\swapn\AppData\Local\Temp\testng-eclipse--150371627\testng-customsuite.xml"
19:37:40.518 [main] INFO  org.testng.internal.Utils [Utils] MethodGroupsHelper.collectMethodsByGroup() took 0 ms.
19:37:40.521 [main] INFO  org.testng.internal.Utils [Utils] MethodGroupsHelper.sortMethods() took 2 ms.
19:37:40.522 [main] INFO  org.testng.internal.Utils [Utils] MethodGroupsHelper.collectMethodsByGroup() took 0 ms.
19:37:40.523 [main] INFO  org.testng.internal.Utils [Utils] MethodGroupsHelper.sortMethods() took 0 ms.
19:37:40.523 [main] INFO  org.testng.internal.Utils [Utils] MethodGroupsHelper.collectMethodsByGroup() took 0 ms.
19:37:40.523 [main] INFO  org.testng.internal.Utils [Utils] MethodGroupsHelper.sortMethods() took 0 ms.
19:37:40.523 [main] INFO  org.testng.internal.Utils [Utils] MethodGroupsHelper.collectMethodsByGroup() took 0 ms.
19:37:40.523 [main] INFO  org.testng.internal.Utils [Utils] MethodGroupsHelper.sortMethods() took 0 ms.
19:37:40.533 [main] INFO  org.testng.internal.Utils [Utils] MethodGroupsHelper.collectMethodsByGroup() took 6 ms.
19:37:40.567 [main] INFO  org.testng.internal.Utils [Utils] MethodGroupsHelper.sortMethods() took 34 ms.
19:37:40.569 [main] INFO  org.testng.internal.Utils [Utils] MethodGroupsHelper.collectMethodsByGroup() took 1 ms.
19:37:40.569 [main] INFO  org.testng.internal.Utils [Utils] MethodGroupsHelper.sortMethods() took 0 ms.
19:37:40.571 [main] INFO  org.testng.internal.Utils [Utils] MethodGroupsHelper.collectMethodsByGroup() took 0 ms.
19:37:40.571 [main] INFO  org.testng.internal.Utils [Utils] MethodGroupsHelper.sortMethods() took 0 ms.
19:37:40.571 [main] INFO  org.testng.internal.Utils [Utils] MethodGroupsHelper.collectMethodsByGroup() took 0 ms.
19:37:40.571 [main] INFO  org.testng.internal.Utils [Utils] MethodGroupsHelper.sortMethods() took 0 ms.
19:37:40.573 [main] INFO  org.testng.internal.Utils [Utils] MethodGroupsHelper.collectMethodsByGroup() took 0 ms.
19:37:40.573 [main] INFO  org.testng.internal.Utils [Utils] MethodGroupsHelper.sortMethods() took 0 ms.
19:37:40.573 [main] INFO  org.testng.internal.Utils [Utils] MethodGroupsHelper.collectMethodsByGroup() took 0 ms.
19:37:40.573 [main] INFO  org.testng.internal.Utils [Utils] MethodGroupsHelper.sortMethods() took 0 ms.
19:37:40.576 [main] INFO  org.testng.internal.Utils [Utils] MethodGroupsHelper.collectMethodsByGroup() took 0 ms.
19:37:40.577 [main] INFO  org.testng.internal.Utils [Utils] MethodGroupsHelper.sortMethods() took 0 ms.
19:37:40.577 [main] INFO  org.testng.internal.Utils [Utils] MethodGroupsHelper.collectMethodsByGroup() took 0 ms.
19:37:40.577 [main] INFO  org.testng.internal.Utils [Utils] MethodGroupsHelper.sortMethods() took 0 ms.
19:37:40.580 [main] INFO  org.testng.internal.Utils [Utils] MethodGroupsHelper.collectMethodsByGroup() took 1 ms.
19:37:40.581 [main] INFO  org.testng.internal.Utils [Utils] MethodGroupsHelper.sortMethods() took 0 ms.
19:37:40.583 [main] INFO  org.testng.internal.Utils [Utils] MethodGroupsHelper.collectMethodsByGroup() took 0 ms.
19:37:40.583 [main] INFO  org.testng.internal.Utils [Utils] MethodGroupsHelper.sortMethods() took 0 ms.
19:37:40.583 [main] INFO  org.testng.internal.Utils [Utils] MethodGroupsHelper.collectMethodsByGroup() took 0 ms.
19:37:40.583 [main] INFO  org.testng.internal.Utils [Utils] MethodGroupsHelper.sortMethods() took 0 ms.
19:37:40.594 [main] INFO  org.testng.internal.Utils [TestNG] Running:
  C:\Users\swapn\AppData\Local\Temp\testng-eclipse--150371627\testng-customsuite.xml

19:37:40.622 [main] INFO  org.testng.internal.Utils [Utils] DynamicGraphHelper.createDynamicGraph() took 5 ms.
19:37:47.582 [main] DEBUG org.apache.poi.openxml4j.opc.PackageRelationshipCollection Parsing relationship: /xl/_rels/workbook.xml.rels
19:37:47.597 [main] DEBUG org.apache.poi.openxml4j.opc.PackageRelationshipCollection Parsing relationship: /xl/worksheets/_rels/sheet1.xml.rels
19:37:47.604 [main] DEBUG org.apache.poi.openxml4j.opc.PackageRelationshipCollection Parsing relationship: /_rels/.rels
19:37:49.014 [main] DEBUG org.apache.poi.openxml4j.opc.PackageRelationshipCollection Parsing relationship: /xl/_rels/workbook.xml.rels
19:37:49.016 [main] DEBUG org.apache.poi.openxml4j.opc.PackageRelationshipCollection Parsing relationship: /xl/worksheets/_rels/sheet1.xml.rels
19:37:49.025 [main] DEBUG org.apache.poi.openxml4j.opc.PackageRelationshipCollection Parsing relationship: /_rels/.rels
19:37:49.086 [main] DEBUG org.apache.poi.openxml4j.opc.PackageRelationshipCollection Parsing relationship: /xl/_rels/workbook.xml.rels
19:37:49.088 [main] DEBUG org.apache.poi.openxml4j.opc.PackageRelationshipCollection Parsing relationship: /xl/worksheets/_rels/sheet1.xml.rels
19:37:49.093 [main] DEBUG org.apache.poi.openxml4j.opc.PackageRelationshipCollection Parsing relationship: /_rels/.rels
19:37:49.150 [main] DEBUG org.apache.poi.openxml4j.opc.PackageRelationshipCollection Parsing relationship: /xl/_rels/workbook.xml.rels
19:37:49.152 [main] DEBUG org.apache.poi.openxml4j.opc.PackageRelationshipCollection Parsing relationship: /xl/worksheets/_rels/sheet1.xml.rels
19:37:49.156 [main] DEBUG org.apache.poi.openxml4j.opc.PackageRelationshipCollection Parsing relationship: /_rels/.rels
19:37:49.200 [main] DEBUG org.apache.poi.openxml4j.opc.PackageRelationshipCollection Parsing relationship: /xl/_rels/workbook.xml.rels
19:37:49.206 [main] DEBUG org.apache.poi.openxml4j.opc.PackageRelationshipCollection Parsing relationship: /xl/worksheets/_rels/sheet1.xml.rels
19:37:49.211 [main] DEBUG org.apache.poi.openxml4j.opc.PackageRelationshipCollection Parsing relationship: /_rels/.rels
19:37:49.280 [main] DEBUG org.apache.poi.openxml4j.opc.PackageRelationshipCollection Parsing relationship: /xl/_rels/workbook.xml.rels
19:37:49.282 [main] DEBUG org.apache.poi.openxml4j.opc.PackageRelationshipCollection Parsing relationship: /xl/worksheets/_rels/sheet1.xml.rels
19:37:49.284 [main] DEBUG org.apache.poi.openxml4j.opc.PackageRelationshipCollection Parsing relationship: /_rels/.rels
19:37:49.332 [main] DEBUG org.apache.poi.openxml4j.opc.PackageRelationshipCollection Parsing relationship: /xl/_rels/workbook.xml.rels
