11:56:13.745 [main] INFO  testCases.TC001_AccountRegistrationTest Click on the Register ....
11:56:13.829 [main] INFO  testCases.TC001_AccountRegistrationTest Providing the information detals....
11:56:19.349 [main] INFO  testCases.TC001_AccountRegistrationTest Validating the message...
11:56:19.356 [main] INFO  testCases.TC001_AccountRegistrationTest The test cases is End...
11:56:22.313 [main] INFO  org.openqa.selenium.chrome.ChromeDriver Starting the test case....
11:56:22.445 [main] INFO  org.openqa.selenium.chrome.ChromeDriver Clicking on my account...
11:56:23.398 [main] INFO  org.openqa.selenium.chrome.ChromeDriver Sucsesfully providing the email and password....
11:56:24.772 [main] INFO  org.openqa.selenium.chrome.ChromeDriver Ending the test cases....
12:00:47.068 [main] DEBUG org.testng.TestNG suiteXmlPath: "C:\workspace\Selenium\Opencart\grouping.xml"
12:00:48.240 [main] INFO  org.testng.internal.Utils [TestNG] Running:
  C:\workspace\Selenium\Opencart\grouping.xml

12:00:53.691 [main] INFO  testCases.TC001_AccountRegistrationTest This is a starting test ....
12:00:57.429 [main] INFO  testCases.TC001_AccountRegistrationTest Click on the Register ....
12:00:57.522 [main] INFO  testCases.TC001_AccountRegistrationTest Providing the information detals....
12:01:00.840 [main] INFO  testCases.TC001_AccountRegistrationTest Validating the message...
12:01:00.855 [main] INFO  testCases.TC001_AccountRegistrationTest The test cases is End...
12:01:03.978 [main] INFO  org.openqa.selenium.chrome.ChromeDriver Starting the test case....
12:01:04.102 [main] INFO  org.openqa.selenium.chrome.ChromeDriver Clicking on my account...
12:01:05.030 [main] INFO  org.openqa.selenium.chrome.ChromeDriver Sucsesfully providing the email and password....
12:01:06.902 [main] INFO  org.openqa.selenium.chrome.ChromeDriver Ending the test cases....
12:05:16.092 [main] DEBUG org.testng.TestNG suiteXmlPath: "C:\workspace\Selenium\Opencart\grouping.xml"
12:05:17.584 [main] INFO  org.testng.internal.Utils [TestNG] Running:
  C:\workspace\Selenium\Opencart\grouping.xml

12:05:23.058 [main] INFO  testCases.TC001_AccountRegistrationTest This is a starting test ....
12:05:27.074 [main] INFO  testCases.TC001_AccountRegistrationTest Click on the Register ....
12:05:27.168 [main] INFO  testCases.TC001_AccountRegistrationTest Providing the information detals....
12:05:29.827 [main] INFO  testCases.TC001_AccountRegistrationTest Validating the message...
12:05:29.832 [main] INFO  testCases.TC001_AccountRegistrationTest The test cases is End...
12:05:32.777 [main] INFO  org.openqa.selenium.chrome.ChromeDriver Starting the test case....
12:05:32.943 [main] INFO  org.openqa.selenium.chrome.ChromeDriver Clicking on my account...
12:05:33.778 [main] INFO  org.openqa.selenium.chrome.ChromeDriver Sucsesfully providing the email and password....
12:05:34.877 [main] INFO  org.openqa.selenium.chrome.ChromeDriver Ending the test cases....
12:51:36.863 [main] DEBUG org.testng.TestNG suiteXmlPath: "C:\workspace\Selenium\Opencart\grouping.xml"
12:51:36.861 [main] DEBUG org.testng.TestNG suiteXmlPath: "C:\workspace\Selenium\Opencart\grouping.xml"
12:51:38.507 [main] INFO  org.testng.internal.Utils [TestNG] Running:
  C:\workspace\Selenium\Opencart\grouping.xml

12:51:38.520 [main] INFO  org.testng.internal.Utils [TestNG] Running:
  C:\workspace\Selenium\Opencart\grouping.xml

12:51:44.905 [main] INFO  testCases.TC001_AccountRegistrationTest This is a starting test ....
12:51:44.973 [main] INFO  testCases.TC001_AccountRegistrationTest This is a starting test ....
12:51:48.860 [main] INFO  testCases.TC001_AccountRegistrationTest Click on the Register ....
12:51:48.884 [main] INFO  testCases.TC001_AccountRegistrationTest Providing the information detals....
12:51:48.921 [main] INFO  testCases.TC001_AccountRegistrationTest Click on the Register ....
12:51:48.942 [main] INFO  testCases.TC001_AccountRegistrationTest Providing the information detals....
12:51:53.993 [main] INFO  testCases.TC001_AccountRegistrationTest Validating the message...
12:51:53.998 [main] INFO  testCases.TC001_AccountRegistrationTest Validating the message...
12:51:53.998 [main] INFO  testCases.TC001_AccountRegistrationTest The test cases is End...
12:51:54.003 [main] INFO  testCases.TC001_AccountRegistrationTest The test cases is End...
12:51:57.585 [main] INFO  org.openqa.selenium.chrome.ChromeDriver Starting the test case....
12:51:57.639 [main] INFO  org.openqa.selenium.chrome.ChromeDriver Starting the test case....
12:51:57.841 [main] INFO  org.openqa.selenium.chrome.ChromeDriver Clicking on my account...
12:51:57.859 [main] INFO  org.openqa.selenium.chrome.ChromeDriver Clicking on my account...
12:51:59.022 [main] INFO  org.openqa.selenium.chrome.ChromeDriver Sucsesfully providing the email and password....
12:51:59.032 [main] INFO  org.openqa.selenium.chrome.ChromeDriver Sucsesfully providing the email and password....
12:52:00.936 [main] INFO  org.openqa.selenium.chrome.ChromeDriver Ending the test cases....
12:52:01.002 [main] INFO  org.openqa.selenium.chrome.ChromeDriver Ending the test cases....
12:52:03.804 [main] ERROR org.testng.reporters.jq.Main C:\workspace\Selenium\Opencart\test-output\jquery-3.6.0.min.js
java.nio.file.AccessDeniedException: C:\workspace\Selenium\Opencart\test-output\jquery-3.6.0.min.js
	at java.base/sun.nio.fs.WindowsException.translateToIOException(WindowsException.java:89)
	at java.base/sun.nio.fs.WindowsException.rethrowAsIOException(WindowsException.java:103)
	at java.base/sun.nio.fs.WindowsException.rethrowAsIOException(WindowsException.java:108)
	at java.base/sun.nio.fs.WindowsFileSystemProvider.implDelete(WindowsFileSystemProvider.java:274)
	at java.base/sun.nio.fs.AbstractFileSystemProvider.deleteIfExists(AbstractFileSystemProvider.java:110)
	at java.base/java.nio.file.Files.deleteIfExists(Files.java:1181)
	at java.base/java.nio.file.Files.copy(Files.java:3055)
	at org.testng.reporters.jq.Main.generateReport(Main.java:95)
	at org.testng.TestNG.generateReports(TestNG.java:1160)
	at org.testng.TestNG.run(TestNG.java:1085)
	at org.testng.remote.AbstractRemoteTestNG.run(AbstractRemoteTestNG.java:115)
	at org.testng.remote.RemoteTestNG.initAndRun(RemoteTestNG.java:293)
	at org.testng.remote.RemoteTestNG.main(RemoteTestNG.java:91)
12:52:55.607 [main] DEBUG org.testng.TestNG suiteXmlPath: "C:\workspace\Selenium\Opencart\grouping.xml"
12:52:56.292 [main] INFO  org.testng.internal.Utils [TestNG] Running:
  C:\workspace\Selenium\Opencart\grouping.xml

12:52:58.970 [main] INFO  testCases.TC001_AccountRegistrationTest This is a starting test ....
12:53:02.612 [main] INFO  testCases.TC001_AccountRegistrationTest Click on the Register ....
12:53:02.635 [main] INFO  testCases.TC001_AccountRegistrationTest Providing the information detals....
12:53:05.093 [main] INFO  testCases.TC001_AccountRegistrationTest Validating the message...
12:53:05.093 [main] INFO  testCases.TC001_AccountRegistrationTest The test cases is End...
12:53:07.630 [main] INFO  org.openqa.selenium.chrome.ChromeDriver Starting the test case....
12:53:07.778 [main] INFO  org.openqa.selenium.chrome.ChromeDriver Clicking on my account...
12:53:08.345 [main] INFO  org.openqa.selenium.chrome.ChromeDriver Sucsesfully providing the email and password....
12:53:09.860 [main] INFO  org.openqa.selenium.chrome.ChromeDriver Ending the test cases....
17:10:47.015 [main] DEBUG org.testng.TestNG suiteXmlPath: "C:\workspace\Selenium\Opencart\grouping.xml"
17:10:47.790 [main] INFO  org.testng.internal.Utils [TestNG] Running:
  C:\workspace\Selenium\Opencart\grouping.xml

17:10:52.417 [main] INFO  testCases.TC001_AccountRegistrationTest This is a starting test ....
17:10:55.914 [main] INFO  testCases.TC001_AccountRegistrationTest Click on the Register ....
17:10:55.946 [main] INFO  testCases.TC001_AccountRegistrationTest Providing the information detals....
17:10:57.839 [main] INFO  testCases.TC001_AccountRegistrationTest Validating the message...
17:10:57.847 [main] INFO  testCases.TC001_AccountRegistrationTest The test cases is End...
17:11:00.328 [main] INFO  org.openqa.selenium.chrome.ChromeDriver Starting the test case....
17:11:00.411 [main] INFO  org.openqa.selenium.chrome.ChromeDriver Clicking on my account...
17:11:01.346 [main] INFO  org.openqa.selenium.chrome.ChromeDriver Sucsesfully providing the email and password....
17:11:02.706 [main] INFO  org.openqa.selenium.chrome.ChromeDriver Ending the test cases....
17:16:28.654 [main] DEBUG org.testng.TestNG suiteXmlPath: "C:\workspace\Selenium\Opencart\grouping.xml"
17:16:29.520 [main] INFO  org.testng.internal.Utils [TestNG] Running:
  C:\workspace\Selenium\Opencart\grouping.xml

17:18:18.544 [main] DEBUG org.testng.TestNG suiteXmlPath: "C:\workspace\Selenium\Opencart\grouping.xml"
17:18:19.417 [main] INFO  org.testng.internal.Utils [TestNG] Running:
  C:\workspace\Selenium\Opencart\grouping.xml

17:18:22.378 [main] INFO  testCases.TC001_AccountRegistrationTest This is a starting test ....
17:18:26.107 [main] INFO  testCases.TC001_AccountRegistrationTest Click on the Register ....
17:18:26.129 [main] INFO  testCases.TC001_AccountRegistrationTest Providing the information detals....
17:18:27.840 [main] INFO  testCases.TC001_AccountRegistrationTest Validating the message...
17:18:27.844 [main] INFO  testCases.TC001_AccountRegistrationTest The test cases is End...
17:18:30.407 [main] INFO  org.openqa.selenium.chrome.ChromeDriver Starting the test case....
17:18:30.512 [main] INFO  org.openqa.selenium.chrome.ChromeDriver Clicking on my account...
17:18:31.051 [main] INFO  org.openqa.selenium.chrome.ChromeDriver Sucsesfully providing the email and password....
17:18:31.997 [main] INFO  org.openqa.selenium.chrome.ChromeDriver Ending the test cases....
17:35:33.592 [main] DEBUG org.testng.TestNG suiteXmlPath: "C:\workspace\Selenium\Opencart\grouping.xml"
17:35:34.486 [main] INFO  org.testng.internal.Utils [TestNG] Running:
  C:\workspace\Selenium\Opencart\grouping.xml

17:35:40.091 [main] INFO  testCases.TC001_AccountRegistrationTest This is a starting test ....
17:35:43.684 [main] INFO  testCases.TC001_AccountRegistrationTest Click on the Register ....
17:35:43.704 [main] INFO  testCases.TC001_AccountRegistrationTest Providing the information detals....
17:35:45.955 [main] INFO  testCases.TC001_AccountRegistrationTest Validating the message...
17:35:45.958 [main] INFO  testCases.TC001_AccountRegistrationTest The test cases is End...
17:35:48.055 [main] INFO  org.openqa.selenium.chrome.ChromeDriver Starting the test case....
17:35:48.167 [main] INFO  org.openqa.selenium.chrome.ChromeDriver Clicking on my account...
17:35:48.920 [main] INFO  org.openqa.selenium.chrome.ChromeDriver Sucsesfully providing the email and password....
17:35:50.179 [main] INFO  org.openqa.selenium.chrome.ChromeDriver Ending the test cases....
17:36:33.153 [main] DEBUG org.testng.TestNG suiteXmlPath: "C:\workspace\Selenium\Opencart\grouping.xml"
17:36:33.960 [main] INFO  org.testng.internal.Utils [TestNG] Running:
  C:\workspace\Selenium\Opencart\grouping.xml

17:43:51.213 [main] DEBUG org.testng.TestNG suiteXmlPath: "C:\workspace\Selenium\Opencart\grouping.xml"
17:43:52.054 [main] INFO  org.testng.internal.Utils [TestNG] Running:
  C:\workspace\Selenium\Opencart\grouping.xml

17:43:55.540 [main] INFO  testCases.TC001_AccountRegistrationTest This is a starting test ....
17:43:59.378 [main] INFO  testCases.TC001_AccountRegistrationTest Click on the Register ....
17:43:59.408 [main] INFO  testCases.TC001_AccountRegistrationTest Providing the information detals....
17:44:01.563 [main] INFO  testCases.TC001_AccountRegistrationTest Validating the message...
17:44:01.567 [main] INFO  testCases.TC001_AccountRegistrationTest The test cases is End...
17:44:04.102 [main] INFO  org.openqa.selenium.chrome.ChromeDriver Starting the test case....
17:44:04.347 [main] INFO  org.openqa.selenium.chrome.ChromeDriver Clicking on my account...
17:44:05.254 [main] INFO  org.openqa.selenium.chrome.ChromeDriver Sucsesfully providing the email and password....
17:44:06.688 [main] INFO  org.openqa.selenium.chrome.ChromeDriver Ending the test cases....
17:44:20.413 [main] DEBUG org.testng.TestNG suiteXmlPath: "C:\workspace\Selenium\Opencart\grouping.xml"
17:44:21.367 [main] INFO  org.testng.internal.Utils [TestNG] Running:
  C:\workspace\Selenium\Opencart\grouping.xml

17:44:24.988 [main] INFO  testCases.TC001_AccountRegistrationTest This is a starting test ....
17:44:28.652 [main] INFO  testCases.TC001_AccountRegistrationTest Click on the Register ....
17:44:28.705 [main] INFO  testCases.TC001_AccountRegistrationTest Providing the information detals....
17:44:30.510 [main] INFO  testCases.TC001_AccountRegistrationTest Validating the message...
17:44:30.510 [main] INFO  testCases.TC001_AccountRegistrationTest The test cases is End...
17:44:33.078 [main] INFO  org.openqa.selenium.chrome.ChromeDriver Starting the test case....
17:44:33.382 [main] INFO  org.openqa.selenium.chrome.ChromeDriver Clicking on my account...
17:44:34.311 [main] INFO  org.openqa.selenium.chrome.ChromeDriver Sucsesfully providing the email and password....
17:44:35.367 [main] INFO  org.openqa.selenium.chrome.ChromeDriver Ending the test cases....
17:49:58.623 [main] DEBUG org.testng.TestNG suiteXmlPath: "C:\workspace\Selenium\Opencart\grouping.xml"
17:49:59.619 [main] INFO  org.testng.internal.Utils [TestNG] Running:
  C:\workspace\Selenium\Opencart\grouping.xml

17:50:06.516 [main] INFO  testCases.TC001_AccountRegistrationTest This is a starting test ....
17:50:11.112 [main] INFO  testCases.TC001_AccountRegistrationTest Click on the Register ....
17:50:11.133 [main] INFO  testCases.TC001_AccountRegistrationTest Providing the information detals....
17:50:52.117 [main] DEBUG org.testng.TestNG suiteXmlPath: "C:\workspace\Selenium\Opencart\grouping.xml"
17:50:52.946 [main] INFO  org.testng.internal.Utils [TestNG] Running:
  C:\workspace\Selenium\Opencart\grouping.xml

17:50:57.856 [main] INFO  testCases.TC001_AccountRegistrationTest This is a starting test ....
17:51:01.704 [main] INFO  testCases.TC001_AccountRegistrationTest Click on the Register ....
17:51:01.753 [main] INFO  testCases.TC001_AccountRegistrationTest Providing the information detals....
17:51:05.130 [main] INFO  testCases.TC001_AccountRegistrationTest Validating the message...
17:51:05.134 [main] INFO  testCases.TC001_AccountRegistrationTest The test cases is End...
17:51:08.020 [main] INFO  org.openqa.selenium.chrome.ChromeDriver Starting the test case....
17:51:08.227 [main] INFO  org.openqa.selenium.chrome.ChromeDriver Clicking on my account...
17:51:09.048 [main] INFO  org.openqa.selenium.chrome.ChromeDriver Sucsesfully providing the email and password....
17:51:11.138 [main] INFO  org.openqa.selenium.chrome.ChromeDriver Ending the test cases....
17:51:55.556 [main] DEBUG org.testng.TestNG suiteXmlPath: "C:\workspace\Selenium\Opencart\grouping.xml"
17:51:56.411 [main] INFO  org.testng.internal.Utils [TestNG] Running:
  C:\workspace\Selenium\Opencart\grouping.xml

17:52:00.233 [main] INFO  testCases.TC001_AccountRegistrationTest This is a starting test ....
17:52:03.994 [main] INFO  testCases.TC001_AccountRegistrationTest Click on the Register ....
17:52:04.019 [main] INFO  testCases.TC001_AccountRegistrationTest Providing the information detals....
17:52:07.537 [main] INFO  testCases.TC001_AccountRegistrationTest Validating the message...
17:52:07.540 [main] INFO  testCases.TC001_AccountRegistrationTest The test cases is End...
17:52:12.441 [main] INFO  org.openqa.selenium.chrome.ChromeDriver Starting the test case....
17:52:12.531 [main] INFO  org.openqa.selenium.chrome.ChromeDriver Clicking on my account...
17:52:13.339 [main] INFO  org.openqa.selenium.chrome.ChromeDriver Sucsesfully providing the email and password....
17:52:15.048 [main] INFO  org.openqa.selenium.chrome.ChromeDriver Ending the test cases....
17:52:56.020 [main] DEBUG org.testng.TestNG suiteXmlPath: "C:\workspace\Selenium\Opencart\grouping.xml"
17:52:56.692 [main] INFO  org.testng.internal.Utils [TestNG] Running:
  C:\workspace\Selenium\Opencart\grouping.xml

17:52:59.822 [main] INFO  testCases.TC001_AccountRegistrationTest This is a starting test ....
17:53:03.364 [main] INFO  testCases.TC001_AccountRegistrationTest Click on the Register ....
17:53:03.522 [main] INFO  testCases.TC001_AccountRegistrationTest Providing the information detals....
17:53:06.392 [main] INFO  testCases.TC001_AccountRegistrationTest Validating the message...
17:53:06.397 [main] INFO  testCases.TC001_AccountRegistrationTest The test cases is End...
17:53:09.498 [main] INFO  org.openqa.selenium.chrome.ChromeDriver Starting the test case....
17:53:09.709 [main] INFO  org.openqa.selenium.chrome.ChromeDriver Clicking on my account...
17:53:10.346 [main] INFO  org.openqa.selenium.chrome.ChromeDriver Sucsesfully providing the email and password....
17:53:11.729 [main] INFO  org.openqa.selenium.chrome.ChromeDriver Ending the test cases....
17:55:52.785 [main] DEBUG org.testng.TestNG suiteXmlPath: "C:\workspace\Selenium\Opencart\grouping.xml"
17:55:54.277 [main] INFO  org.testng.internal.Utils [TestNG] Running:
  C:\workspace\Selenium\Opencart\grouping.xml

17:55:59.051 [main] INFO  testCases.TC001_AccountRegistrationTest This is a starting test ....
17:56:03.857 [main] INFO  testCases.TC001_AccountRegistrationTest Click on the Register ....
17:56:03.888 [main] INFO  testCases.TC001_AccountRegistrationTest Providing the information detals....
17:56:06.592 [main] INFO  testCases.TC001_AccountRegistrationTest Validating the message...
17:56:06.598 [main] INFO  testCases.TC001_AccountRegistrationTest The test cases is End...
17:56:09.879 [main] INFO  org.openqa.selenium.chrome.ChromeDriver Starting the test case....
17:56:10.208 [main] INFO  org.openqa.selenium.chrome.ChromeDriver Clicking on my account...
17:56:11.192 [main] INFO  org.openqa.selenium.chrome.ChromeDriver Sucsesfully providing the email and password....
17:56:12.409 [main] INFO  org.openqa.selenium.chrome.ChromeDriver Ending the test cases....
18:02:22.562 [main] DEBUG org.testng.TestNG suiteXmlPath: "C:\workspace\Selenium\Opencart\grouping.xml"
18:02:23.422 [main] INFO  org.testng.internal.Utils [TestNG] Running:
  C:\workspace\Selenium\Opencart\grouping.xml

18:02:28.224 [main] INFO  testCases.TC001_AccountRegistrationTest This is a starting test ....
18:02:31.772 [main] INFO  testCases.TC001_AccountRegistrationTest Click on the Register ....
18:02:31.802 [main] INFO  testCases.TC001_AccountRegistrationTest Providing the information detals....
18:02:33.851 [main] INFO  testCases.TC001_AccountRegistrationTest Validating the message...
18:02:33.855 [main] INFO  testCases.TC001_AccountRegistrationTest The test cases is End...
18:02:36.699 [main] INFO  org.openqa.selenium.chrome.ChromeDriver Starting the test case....
18:02:37.147 [main] INFO  org.openqa.selenium.chrome.ChromeDriver Clicking on my account...
18:02:37.879 [main] INFO  org.openqa.selenium.chrome.ChromeDriver Sucsesfully providing the email and password....
18:02:38.881 [main] INFO  org.openqa.selenium.chrome.ChromeDriver Ending the test cases....
18:04:30.424 [main] DEBUG org.testng.TestNG suiteXmlPath: "C:\workspace\Selenium\Opencart\grouping.xml"
18:04:31.830 [main] INFO  org.testng.internal.Utils [TestNG] Running:
  C:\workspace\Selenium\Opencart\grouping.xml

18:04:35.299 [main] INFO  testCases.TC001_AccountRegistrationTest This is a starting test ....
18:04:38.782 [main] INFO  testCases.TC001_AccountRegistrationTest Click on the Register ....
18:04:38.804 [main] INFO  testCases.TC001_AccountRegistrationTest Providing the information detals....
18:04:41.298 [main] INFO  testCases.TC001_AccountRegistrationTest Validating the message...
18:04:41.357 [main] INFO  testCases.TC001_AccountRegistrationTest The test cases is End...
18:04:44.152 [main] INFO  org.openqa.selenium.chrome.ChromeDriver Starting the test case....
18:04:44.225 [main] INFO  org.openqa.selenium.chrome.ChromeDriver Clicking on my account...
18:04:44.739 [main] INFO  org.openqa.selenium.chrome.ChromeDriver Sucsesfully providing the email and password....
18:04:46.354 [main] INFO  org.openqa.selenium.chrome.ChromeDriver Ending the test cases....
18:05:25.026 [main] DEBUG org.testng.TestNG suiteXmlPath: "C:\workspace\Selenium\Opencart\grouping.xml"
18:05:25.735 [main] INFO  org.testng.internal.Utils [TestNG] Running:
  C:\workspace\Selenium\Opencart\grouping.xml

18:05:29.188 [main] INFO  testCases.TC001_AccountRegistrationTest This is a starting test ....
18:05:32.861 [main] INFO  testCases.TC001_AccountRegistrationTest Click on the Register ....
18:05:32.888 [main] INFO  testCases.TC001_AccountRegistrationTest Providing the information detals....
18:05:35.422 [main] INFO  testCases.TC001_AccountRegistrationTest Validating the message...
18:05:35.427 [main] INFO  testCases.TC001_AccountRegistrationTest The test cases is End...
18:05:37.562 [main] INFO  org.openqa.selenium.chrome.ChromeDriver Starting the test case....
18:05:37.644 [main] INFO  org.openqa.selenium.chrome.ChromeDriver Clicking on my account...
18:05:38.117 [main] INFO  org.openqa.selenium.chrome.ChromeDriver Sucsesfully providing the email and password....
18:05:39.354 [main] INFO  org.openqa.selenium.chrome.ChromeDriver Ending the test cases....
18:16:45.105 [main] DEBUG org.testng.TestNG suiteXmlPath: "C:\workspace\Selenium\Opencart\grouping.xml"
18:16:46.078 [main] INFO  org.testng.internal.Utils [TestNG] Running:
  C:\workspace\Selenium\Opencart\grouping.xml

18:17:06.551 [main] DEBUG org.testng.TestNG suiteXmlPath: "C:\workspace\Selenium\Opencart\grouping.xml"
18:17:07.165 [main] INFO  org.testng.internal.Utils [TestNG] Running:
  C:\workspace\Selenium\Opencart\grouping.xml

18:17:45.034 [main] DEBUG org.testng.TestNG suiteXmlPath: "C:\workspace\Selenium\Opencart\grouping.xml"
18:17:45.845 [main] INFO  org.testng.internal.Utils [TestNG] Running:
  C:\workspace\Selenium\Opencart\grouping.xml

18:17:52.867 [main] INFO  org.openqa.selenium.remote.RemoteWebDriver Starting the test case....
18:17:53.014 [main] INFO  org.openqa.selenium.remote.RemoteWebDriver Clicking on my account...
18:17:53.658 [main] INFO  org.openqa.selenium.remote.RemoteWebDriver Sucsesfully providing the email and password....
18:17:54.974 [main] INFO  org.openqa.selenium.remote.RemoteWebDriver Ending the test cases....
18:18:09.701 [main] DEBUG org.testng.TestNG suiteXmlPath: "C:\workspace\Selenium\Opencart\grouping.xml"
18:18:10.386 [main] INFO  org.testng.internal.Utils [TestNG] Running:
  C:\workspace\Selenium\Opencart\grouping.xml

18:18:14.426 [main] INFO  org.openqa.selenium.remote.RemoteWebDriver Starting the test case....
18:18:14.589 [main] INFO  org.openqa.selenium.remote.RemoteWebDriver Clicking on my account...
18:18:15.294 [main] INFO  org.openqa.selenium.remote.RemoteWebDriver Sucsesfully providing the email and password....
18:18:16.815 [main] INFO  org.openqa.selenium.remote.RemoteWebDriver Ending the test cases....
18:19:01.163 [main] DEBUG org.testng.TestNG suiteXmlPath: "C:\workspace\Selenium\Opencart\grouping.xml"
18:19:01.804 [main] INFO  org.testng.internal.Utils [TestNG] Running:
  C:\workspace\Selenium\Opencart\grouping.xml

18:25:22.863 [main] DEBUG org.testng.TestNG suiteXmlPath: "C:\workspace\Selenium\Opencart\grouping.xml"
18:25:24.066 [main] INFO  org.testng.internal.Utils [TestNG] Running:
  C:\workspace\Selenium\Opencart\grouping.xml

18:25:32.217 [main] INFO  testCases.TC001_AccountRegistrationTest This is a starting test ....
18:25:36.510 [main] INFO  testCases.TC001_AccountRegistrationTest Click on the Register ....
18:25:36.606 [main] INFO  testCases.TC001_AccountRegistrationTest Providing the information detals....
18:25:40.611 [main] INFO  testCases.TC001_AccountRegistrationTest Validating the message...
18:25:40.623 [main] INFO  testCases.TC001_AccountRegistrationTest The test cases is End...
18:31:27.246 [main] DEBUG org.testng.TestNG suiteXmlPath: "C:\workspace\Selenium\Opencart\grouping.xml"
18:31:28.262 [main] INFO  org.testng.internal.Utils [TestNG] Running:
  C:\workspace\Selenium\Opencart\grouping.xml

18:31:32.556 [main] INFO  testCases.TC001_AccountRegistrationTest This is a starting test ....
18:32:47.612 [main] DEBUG org.testng.TestNG suiteXmlPath: "C:\workspace\Selenium\Opencart\grouping.xml"
18:32:48.727 [main] INFO  org.testng.internal.Utils [TestNG] Running:
  C:\workspace\Selenium\Opencart\grouping.xml

18:32:53.166 [main] INFO  testCases.TC001_AccountRegistrationTest This is a starting test ....
18:32:57.626 [main] INFO  testCases.TC001_AccountRegistrationTest Click on the Register ....
18:32:57.691 [main] INFO  testCases.TC001_AccountRegistrationTest Providing the information detals....
18:33:00.362 [main] INFO  testCases.TC001_AccountRegistrationTest Validating the message...
18:33:00.370 [main] INFO  testCases.TC001_AccountRegistrationTest The test cases is End...
18:33:41.159 [main] DEBUG org.testng.TestNG suiteXmlPath: "C:\workspace\Selenium\Opencart\grouping.xml"
18:33:42.485 [main] INFO  org.testng.internal.Utils [TestNG] Running:
  C:\workspace\Selenium\Opencart\grouping.xml

18:33:46.705 [main] INFO  testCases.TC001_AccountRegistrationTest This is a starting test ....
18:33:50.431 [main] INFO  testCases.TC001_AccountRegistrationTest Click on the Register ....
18:33:50.482 [main] INFO  testCases.TC001_AccountRegistrationTest Providing the information detals....
18:33:53.319 [main] INFO  testCases.TC001_AccountRegistrationTest Validating the message...
18:33:53.326 [main] INFO  testCases.TC001_AccountRegistrationTest The test cases is End...
18:35:40.507 [main] DEBUG org.testng.TestNG suiteXmlPath: "C:\Users\swapn\AppData\Local\Temp\testng-eclipse--716071250\testng-customsuite.xml"
18:35:41.394 [main] INFO  org.testng.internal.Utils [Utils] MethodGroupsHelper.collectMethodsByGroup() took 0 ms.
18:35:41.406 [main] INFO  org.testng.internal.Utils [Utils] MethodGroupsHelper.sortMethods() took 11 ms.
18:35:41.412 [main] INFO  org.testng.internal.Utils [Utils] MethodGroupsHelper.collectMethodsByGroup() took 0 ms.
18:35:41.412 [main] INFO  org.testng.internal.Utils [Utils] MethodGroupsHelper.sortMethods() took 0 ms.
18:35:41.413 [main] INFO  org.testng.internal.Utils [Utils] MethodGroupsHelper.collectMethodsByGroup() took 0 ms.
18:35:41.413 [main] INFO  org.testng.internal.Utils [Utils] MethodGroupsHelper.sortMethods() took 0 ms.
18:35:41.413 [main] INFO  org.testng.internal.Utils [Utils] MethodGroupsHelper.collectMethodsByGroup() took 0 ms.
18:35:41.413 [main] INFO  org.testng.internal.Utils [Utils] MethodGroupsHelper.sortMethods() took 0 ms.
18:35:41.422 [main] INFO  org.testng.internal.Utils [Utils] MethodGroupsHelper.collectMethodsByGroup() took 7 ms.
18:35:41.437 [main] INFO  org.testng.internal.Utils [Utils] MethodGroupsHelper.sortMethods() took 15 ms.
18:35:41.440 [main] INFO  org.testng.internal.Utils [Utils] MethodGroupsHelper.collectMethodsByGroup() took 0 ms.
18:35:41.440 [main] INFO  org.testng.internal.Utils [Utils] MethodGroupsHelper.sortMethods() took 0 ms.
18:35:41.441 [main] INFO  org.testng.internal.Utils [Utils] MethodGroupsHelper.collectMethodsByGroup() took 0 ms.
18:35:41.441 [main] INFO  org.testng.internal.Utils [Utils] MethodGroupsHelper.sortMethods() took 0 ms.
18:35:41.442 [main] INFO  org.testng.internal.Utils [Utils] MethodGroupsHelper.collectMethodsByGroup() took 0 ms.
18:35:41.442 [main] INFO  org.testng.internal.Utils [Utils] MethodGroupsHelper.sortMethods() took 0 ms.
18:35:41.443 [main] INFO  org.testng.internal.Utils [Utils] MethodGroupsHelper.collectMethodsByGroup() took 0 ms.
18:35:41.443 [main] INFO  org.testng.internal.Utils [Utils] MethodGroupsHelper.sortMethods() took 0 ms.
18:35:41.443 [main] INFO  org.testng.internal.Utils [Utils] MethodGroupsHelper.collectMethodsByGroup() took 0 ms.
18:35:41.444 [main] INFO  org.testng.internal.Utils [Utils] MethodGroupsHelper.sortMethods() took 0 ms.
18:35:41.446 [main] INFO  org.testng.internal.Utils [Utils] MethodGroupsHelper.collectMethodsByGroup() took 0 ms.
18:35:41.447 [main] INFO  org.testng.internal.Utils [Utils] MethodGroupsHelper.sortMethods() took 1 ms.
18:35:41.447 [main] INFO  org.testng.internal.Utils [Utils] MethodGroupsHelper.collectMethodsByGroup() took 0 ms.
18:35:41.447 [main] INFO  org.testng.internal.Utils [Utils] MethodGroupsHelper.sortMethods() took 0 ms.
18:35:41.448 [main] INFO  org.testng.internal.Utils [Utils] MethodGroupsHelper.collectMethodsByGroup() took 0 ms.
18:35:41.448 [main] INFO  org.testng.internal.Utils [Utils] MethodGroupsHelper.sortMethods() took 0 ms.
18:35:41.450 [main] INFO  org.testng.internal.Utils [Utils] MethodGroupsHelper.collectMethodsByGroup() took 0 ms.
18:35:41.450 [main] INFO  org.testng.internal.Utils [Utils] MethodGroupsHelper.sortMethods() took 0 ms.
18:35:41.450 [main] INFO  org.testng.internal.Utils [Utils] MethodGroupsHelper.collectMethodsByGroup() took 0 ms.
18:35:41.450 [main] INFO  org.testng.internal.Utils [Utils] MethodGroupsHelper.sortMethods() took 0 ms.
18:35:41.461 [main] INFO  org.testng.internal.Utils [TestNG] Running:
  C:\Users\swapn\AppData\Local\Temp\testng-eclipse--716071250\testng-customsuite.xml

18:35:41.486 [main] INFO  org.testng.internal.Utils [Utils] DynamicGraphHelper.createDynamicGraph() took 5 ms.
18:35:41.701 [main] INFO  org.testng.internal.Utils [TestNG] Time taken by org.testng.reporters.jq.Main@407cf41: 83 ms
18:35:41.719 [main] INFO  org.testng.internal.Utils [TestNG] Time taken by org.testng.reporters.FailedReporter@52350abb: 18 ms
18:35:41.730 [main] INFO  org.testng.internal.Utils [TestNG] Time taken by org.testng.reporters.XMLReporter@5aa0dbf4: 10 ms
18:35:41.739 [main] INFO  org.testng.internal.Utils [TestNG] Time taken by org.testng.reporters.EmailableReporter2@37fbe4a8: 8 ms
18:35:41.750 [main] INFO  org.testng.internal.Utils [TestNG] Time taken by org.testng.reporters.JUnitReportReporter@48f5bde6: 11 ms
18:35:41.751 [main] INFO  org.testng.internal.Utils [TestNG] Time taken by org.testng.internal.ExitCodeListener@525d79f0: 0 ms
18:35:55.096 [main] DEBUG org.testng.TestNG suiteXmlPath: "C:\workspace\Selenium\Opencart\grouping.xml"
18:35:56.175 [main] INFO  org.testng.internal.Utils [TestNG] Running:
  C:\workspace\Selenium\Opencart\grouping.xml

18:36:01.964 [main] INFO  testCases.TC001_AccountRegistrationTest This is a starting test ....
18:36:06.525 [main] INFO  testCases.TC001_AccountRegistrationTest Click on the Register ....
18:36:06.792 [main] INFO  testCases.TC001_AccountRegistrationTest Providing the information detals....
18:36:10.096 [main] INFO  testCases.TC001_AccountRegistrationTest Validating the message...
18:36:10.107 [main] INFO  testCases.TC001_AccountRegistrationTest The test cases is End...
18:37:51.053 [main] DEBUG org.testng.TestNG suiteXmlPath: "C:\workspace\Selenium\Opencart\grouping.xml"
18:37:52.026 [main] INFO  org.testng.internal.Utils [TestNG] Running:
  C:\workspace\Selenium\Opencart\grouping.xml

18:37:56.846 [main] INFO  testCases.TC001_AccountRegistrationTest This is a starting test ....
18:38:00.716 [main] INFO  testCases.TC001_AccountRegistrationTest Click on the Register ....
18:38:00.772 [main] INFO  testCases.TC001_AccountRegistrationTest Providing the information detals....
18:38:04.623 [main] INFO  testCases.TC001_AccountRegistrationTest Validating the message...
18:38:04.630 [main] INFO  testCases.TC001_AccountRegistrationTest The test cases is End...
18:38:07.734 [main] INFO  testCases.TC002_LoginTest Starting the test case....
18:38:07.923 [main] INFO  testCases.TC002_LoginTest Clicking on my account...
18:38:08.647 [main] INFO  testCases.TC002_LoginTest Sucsesfully providing the email and password....
18:38:10.408 [main] INFO  testCases.TC002_LoginTest Ending the test cases....
18:38:45.214 [main] DEBUG org.testng.TestNG suiteXmlPath: "C:\workspace\Selenium\Opencart\grouping.xml"
18:38:46.358 [main] INFO  org.testng.internal.Utils [TestNG] Running:
  C:\workspace\Selenium\Opencart\grouping.xml

18:38:51.456 [main] INFO  testCases.TC001_AccountRegistrationTest This is a starting test ....
18:38:55.353 [main] INFO  testCases.TC001_AccountRegistrationTest Click on the Register ....
18:38:55.546 [main] INFO  testCases.TC001_AccountRegistrationTest Providing the information detals....
18:38:58.312 [main] INFO  testCases.TC001_AccountRegistrationTest Validating the message...
18:38:58.319 [main] INFO  testCases.TC001_AccountRegistrationTest The test cases is End...
18:39:01.534 [main] INFO  testCases.TC002_LoginTest Starting the test case....
18:39:01.822 [main] INFO  testCases.TC002_LoginTest Clicking on my account...
18:39:03.047 [main] INFO  testCases.TC002_LoginTest Sucsesfully providing the email and password....
18:39:07.016 [main] INFO  testCases.TC002_LoginTest Ending the test cases....
18:39:33.227 [main] DEBUG org.testng.TestNG suiteXmlPath: "C:\workspace\Selenium\Opencart\grouping.xml"
18:39:34.386 [main] INFO  org.testng.internal.Utils [TestNG] Running:
  C:\workspace\Selenium\Opencart\grouping.xml

18:39:42.218 [main] INFO  testCases.TC001_AccountRegistrationTest This is a starting test ....
18:39:46.252 [main] INFO  testCases.TC001_AccountRegistrationTest Click on the Register ....
18:39:46.306 [main] INFO  testCases.TC001_AccountRegistrationTest Providing the information detals....
18:39:49.646 [main] INFO  testCases.TC001_AccountRegistrationTest Validating the message...
18:39:49.654 [main] INFO  testCases.TC001_AccountRegistrationTest The test cases is End...
18:39:52.644 [main] INFO  testCases.TC002_LoginTest Starting the test case....
18:39:52.815 [main] INFO  testCases.TC002_LoginTest Clicking on my account...
18:39:53.742 [main] INFO  testCases.TC002_LoginTest Sucsesfully providing the email and password....
18:39:55.254 [main] INFO  testCases.TC002_LoginTest Ending the test cases....
18:41:27.769 [main] DEBUG org.testng.TestNG suiteXmlPath: "C:\workspace\Selenium\Opencart\grouping.xml"
18:41:29.886 [main] INFO  org.testng.internal.Utils [TestNG] Running:
  C:\workspace\Selenium\Opencart\grouping.xml

18:41:35.733 [main] INFO  testCases.TC001_AccountRegistrationTest This is a starting test ....
18:41:40.092 [main] INFO  testCases.TC001_AccountRegistrationTest Click on the Register ....
18:41:40.150 [main] INFO  testCases.TC001_AccountRegistrationTest Providing the information detals....
18:41:43.705 [main] INFO  testCases.TC001_AccountRegistrationTest Validating the message...
18:41:43.714 [main] INFO  testCases.TC001_AccountRegistrationTest The test cases is End...
18:41:46.633 [main] INFO  testCases.TC002_LoginTest Starting the test case....
18:41:46.807 [main] INFO  testCases.TC002_LoginTest Clicking on my account...
18:41:47.566 [main] INFO  testCases.TC002_LoginTest Sucsesfully providing the email and password....
18:41:48.954 [main] INFO  testCases.TC002_LoginTest Ending the test cases....
18:42:30.647 [main] DEBUG org.testng.TestNG suiteXmlPath: "C:\workspace\Selenium\Opencart\grouping.xml"
18:42:31.730 [main] INFO  org.testng.internal.Utils [TestNG] Running:
  C:\workspace\Selenium\Opencart\grouping.xml

18:42:36.658 [main] INFO  testCases.TC001_AccountRegistrationTest This is a starting test ....
18:42:40.938 [main] INFO  testCases.TC001_AccountRegistrationTest Click on the Register ....
18:42:40.987 [main] INFO  testCases.TC001_AccountRegistrationTest Providing the information detals....
18:42:44.341 [main] INFO  testCases.TC001_AccountRegistrationTest Validating the message...
18:42:44.348 [main] INFO  testCases.TC001_AccountRegistrationTest The test cases is End...
18:42:47.429 [main] INFO  testCases.TC002_LoginTest Starting the test case....
18:42:47.575 [main] INFO  testCases.TC002_LoginTest Clicking on my account...
18:42:48.372 [main] INFO  testCases.TC002_LoginTest Sucsesfully providing the email and password....
18:42:49.884 [main] INFO  testCases.TC002_LoginTest Ending the test cases....
18:43:30.700 [main] DEBUG org.testng.TestNG suiteXmlPath: "C:\workspace\Selenium\Opencart\master.xml"
18:43:31.669 [main] INFO  org.testng.internal.Utils [TestNG] Running:
  C:\workspace\Selenium\Opencart\master.xml

18:43:36.586 [main] INFO  testCases.TC002_LoginTest Starting the test case....
18:43:36.818 [main] INFO  testCases.TC002_LoginTest Clicking on my account...
18:43:37.647 [main] INFO  testCases.TC002_LoginTest Sucsesfully providing the email and password....
18:43:39.167 [main] INFO  testCases.TC002_LoginTest Ending the test cases....
18:47:31.165 [main] DEBUG org.testng.TestNG suiteXmlPath: "C:\workspace\Selenium\Opencart\master.xml"
18:47:32.332 [main] INFO  org.testng.internal.Utils [TestNG] Running:
  C:\workspace\Selenium\Opencart\master.xml

18:47:39.413 [main] INFO  testCases.TC002_LoginTest Starting the test case....
18:47:39.903 [main] INFO  testCases.TC002_LoginTest Clicking on my account...
18:47:41.595 [main] INFO  testCases.TC002_LoginTest Sucsesfully providing the email and password....
18:47:42.980 [main] INFO  testCases.TC002_LoginTest Ending the test cases....
18:48:18.412 [main] DEBUG org.testng.TestNG suiteXmlPath: "C:\workspace\Selenium\Opencart\grouping.xml"
18:48:19.541 [main] INFO  org.testng.internal.Utils [TestNG] Running:
  C:\workspace\Selenium\Opencart\grouping.xml

18:48:25.323 [main] INFO  testCases.TC001_AccountRegistrationTest This is a starting test ....
18:48:29.994 [main] INFO  testCases.TC001_AccountRegistrationTest Click on the Register ....
18:48:30.057 [main] INFO  testCases.TC001_AccountRegistrationTest Providing the information detals....
18:48:33.787 [main] INFO  testCases.TC001_AccountRegistrationTest Validating the message...
18:48:33.797 [main] INFO  testCases.TC001_AccountRegistrationTest The test cases is End...
18:48:36.982 [main] INFO  testCases.TC002_LoginTest Starting the test case....
18:48:37.177 [main] INFO  testCases.TC002_LoginTest Clicking on my account...
18:48:38.261 [main] INFO  testCases.TC002_LoginTest Sucsesfully providing the email and password....
18:48:39.623 [main] INFO  testCases.TC002_LoginTest Ending the test cases....
18:49:57.820 [main] DEBUG org.testng.TestNG suiteXmlPath: "C:\workspace\Selenium\Opencart\grouping.xml"
18:49:58.936 [main] INFO  org.testng.internal.Utils [TestNG] Running:
  C:\workspace\Selenium\Opencart\grouping.xml

18:50:06.548 [main] INFO  testCases.TC001_AccountRegistrationTest This is a starting test ....
18:50:11.014 [main] INFO  testCases.TC001_AccountRegistrationTest Click on the Register ....
18:50:11.082 [main] INFO  testCases.TC001_AccountRegistrationTest Providing the information detals....
18:50:19.950 [main] INFO  testCases.TC001_AccountRegistrationTest Validating the message...
18:50:19.962 [main] INFO  testCases.TC001_AccountRegistrationTest The test cases is End...
18:50:26.412 [main] INFO  testCases.TC002_LoginTest Starting the test case....
18:50:26.832 [main] INFO  testCases.TC002_LoginTest Clicking on my account...
18:50:28.389 [main] INFO  testCases.TC002_LoginTest Sucsesfully providing the email and password....
18:50:31.380 [main] INFO  testCases.TC002_LoginTest Ending the test cases....
18:51:13.210 [main] DEBUG org.testng.TestNG suiteXmlPath: "C:\workspace\Selenium\Opencart\grouping.xml"
18:51:14.942 [main] INFO  org.testng.internal.Utils [TestNG] Running:
  C:\workspace\Selenium\Opencart\grouping.xml

18:51:22.609 [main] INFO  testCases.TC001_AccountRegistrationTest This is a starting test ....
18:51:27.478 [main] INFO  testCases.TC001_AccountRegistrationTest Click on the Register ....
18:51:27.536 [main] INFO  testCases.TC001_AccountRegistrationTest Providing the information detals....
18:51:32.869 [main] INFO  testCases.TC001_AccountRegistrationTest Validating the message...
18:51:32.879 [main] INFO  testCases.TC001_AccountRegistrationTest The test cases is End...
18:51:37.196 [main] INFO  testCases.TC002_LoginTest Starting the test case....
18:51:37.481 [main] INFO  testCases.TC002_LoginTest Clicking on my account...
18:51:38.620 [main] INFO  testCases.TC002_LoginTest Sucsesfully providing the email and password....
18:51:40.091 [main] INFO  testCases.TC002_LoginTest Ending the test cases....
18:53:24.890 [main] DEBUG org.testng.TestNG suiteXmlPath: "C:\workspace\Selenium\Opencart\master.xml"
18:53:26.403 [main] INFO  org.testng.internal.Utils [TestNG] Running:
  C:\workspace\Selenium\Opencart\master.xml

18:55:14.710 [main] DEBUG org.testng.TestNG suiteXmlPath: "C:\workspace\Selenium\Opencart\grouping.xml"
18:55:16.636 [main] INFO  org.testng.internal.Utils [TestNG] Running:
  C:\workspace\Selenium\Opencart\grouping.xml

18:55:22.290 [main] INFO  testCases.TC001_AccountRegistrationTest This is a starting test ....
18:55:26.420 [main] INFO  testCases.TC001_AccountRegistrationTest Click on the Register ....
18:55:26.467 [main] INFO  testCases.TC001_AccountRegistrationTest Providing the information detals....
18:55:30.140 [main] INFO  testCases.TC001_AccountRegistrationTest Validating the message...
18:55:30.146 [main] INFO  testCases.TC001_AccountRegistrationTest The test cases is End...
18:55:33.981 [main] INFO  testCases.TC002_LoginTest Starting the test case....
18:55:34.211 [main] INFO  testCases.TC002_LoginTest Clicking on my account...
18:55:35.134 [main] INFO  testCases.TC002_LoginTest Sucsesfully providing the email and password....
18:55:37.308 [main] INFO  testCases.TC002_LoginTest Ending the test cases....
18:56:27.390 [main] DEBUG org.testng.TestNG suiteXmlPath: "C:\workspace\Selenium\Opencart\grouping.xml"
18:56:28.399 [main] INFO  org.testng.internal.Utils [TestNG] Running:
  C:\workspace\Selenium\Opencart\grouping.xml

19:01:18.065 [main] DEBUG org.testng.TestNG suiteXmlPath: "C:\workspace\Selenium\Opencart\grouping.xml"
19:01:19.133 [main] INFO  org.testng.internal.Utils [TestNG] Running:
  C:\workspace\Selenium\Opencart\grouping.xml

19:01:56.835 [main] DEBUG org.testng.TestNG suiteXmlPath: "C:\workspace\Selenium\Opencart\grouping.xml"
19:01:57.644 [main] INFO  org.testng.internal.Utils [TestNG] Running:
  C:\workspace\Selenium\Opencart\grouping.xml

19:03:17.362 [main] DEBUG org.testng.TestNG suiteXmlPath: "C:\workspace\Selenium\Opencart\grouping.xml"
19:03:18.547 [main] INFO  org.testng.internal.Utils [TestNG] Running:
  C:\workspace\Selenium\Opencart\grouping.xml

19:04:00.165 [main] DEBUG org.testng.TestNG suiteXmlPath: "C:\workspace\Selenium\Opencart\grouping.xml"
19:04:01.304 [main] INFO  org.testng.internal.Utils [TestNG] Running:
  C:\workspace\Selenium\Opencart\grouping.xml

19:05:03.380 [main] DEBUG org.testng.TestNG suiteXmlPath: "C:\workspace\Selenium\Opencart\grouping.xml"
19:05:04.318 [main] INFO  org.testng.internal.Utils [TestNG] Running:
  C:\workspace\Selenium\Opencart\grouping.xml

19:05:31.447 [main] DEBUG org.testng.TestNG suiteXmlPath: "C:\workspace\Selenium\Opencart\master.xml"
19:05:32.273 [main] INFO  org.testng.internal.Utils [TestNG] Running:
  C:\workspace\Selenium\Opencart\master.xml

19:06:32.815 [main] DEBUG org.testng.TestNG suiteXmlPath: "C:\workspace\Selenium\Opencart\grouping.xml"
19:06:33.882 [main] INFO  org.testng.internal.Utils [TestNG] Running:
  C:\workspace\Selenium\Opencart\grouping.xml

19:07:00.162 [main] DEBUG org.testng.TestNG suiteXmlPath: "C:\Users\swapn\AppData\Local\Temp\testng-eclipse--1263287642\testng-customsuite.xml"
19:07:00.896 [main] INFO  org.testng.internal.Utils [Utils] MethodGroupsHelper.collectMethodsByGroup() took 1 ms.
19:07:00.907 [main] INFO  org.testng.internal.Utils [Utils] MethodGroupsHelper.sortMethods() took 10 ms.
19:07:00.912 [main] INFO  org.testng.internal.Utils [Utils] MethodGroupsHelper.collectMethodsByGroup() took 0 ms.
19:07:00.914 [main] INFO  org.testng.internal.Utils [Utils] MethodGroupsHelper.sortMethods() took 0 ms.
19:07:00.915 [main] INFO  org.testng.internal.Utils [Utils] MethodGroupsHelper.collectMethodsByGroup() took 0 ms.
19:07:00.915 [main] INFO  org.testng.internal.Utils [Utils] MethodGroupsHelper.sortMethods() took 0 ms.
19:07:00.916 [main] INFO  org.testng.internal.Utils [Utils] MethodGroupsHelper.collectMethodsByGroup() took 0 ms.
19:07:00.916 [main] INFO  org.testng.internal.Utils [Utils] MethodGroupsHelper.sortMethods() took 0 ms.
19:07:00.927 [main] INFO  org.testng.internal.Utils [Utils] MethodGroupsHelper.collectMethodsByGroup() took 9 ms.
19:07:00.941 [main] INFO  org.testng.internal.Utils [Utils] MethodGroupsHelper.sortMethods() took 14 ms.
19:07:00.944 [main] INFO  org.testng.internal.Utils [Utils] MethodGroupsHelper.collectMethodsByGroup() took 1 ms.
19:07:00.945 [main] INFO  org.testng.internal.Utils [Utils] MethodGroupsHelper.sortMethods() took 1 ms.
19:07:00.946 [main] INFO  org.testng.internal.Utils [Utils] MethodGroupsHelper.collectMethodsByGroup() took 0 ms.
19:07:00.946 [main] INFO  org.testng.internal.Utils [Utils] MethodGroupsHelper.sortMethods() took 0 ms.
19:07:00.947 [main] INFO  org.testng.internal.Utils [Utils] MethodGroupsHelper.collectMethodsByGroup() took 0 ms.
19:07:00.947 [main] INFO  org.testng.internal.Utils [Utils] MethodGroupsHelper.sortMethods() took 0 ms.
19:07:00.949 [main] INFO  org.testng.internal.Utils [Utils] MethodGroupsHelper.collectMethodsByGroup() took 0 ms.
19:07:00.951 [main] INFO  org.testng.internal.Utils [Utils] MethodGroupsHelper.sortMethods() took 0 ms.
19:07:00.951 [main] INFO  org.testng.internal.Utils [Utils] MethodGroupsHelper.collectMethodsByGroup() took 0 ms.
19:07:00.952 [main] INFO  org.testng.internal.Utils [Utils] MethodGroupsHelper.sortMethods() took 0 ms.
19:07:00.955 [main] INFO  org.testng.internal.Utils [Utils] MethodGroupsHelper.collectMethodsByGroup() took 0 ms.
19:07:00.955 [main] INFO  org.testng.internal.Utils [Utils] MethodGroupsHelper.sortMethods() took 0 ms.
19:07:00.955 [main] INFO  org.testng.internal.Utils [Utils] MethodGroupsHelper.collectMethodsByGroup() took 0 ms.
19:07:00.955 [main] INFO  org.testng.internal.Utils [Utils] MethodGroupsHelper.sortMethods() took 0 ms.
19:07:00.956 [main] INFO  org.testng.internal.Utils [Utils] MethodGroupsHelper.collectMethodsByGroup() took 1 ms.
19:07:00.957 [main] INFO  org.testng.internal.Utils [Utils] MethodGroupsHelper.sortMethods() took 1 ms.
19:07:00.959 [main] INFO  org.testng.internal.Utils [Utils] MethodGroupsHelper.collectMethodsByGroup() took 0 ms.
19:07:00.960 [main] INFO  org.testng.internal.Utils [Utils] MethodGroupsHelper.sortMethods() took 0 ms.
19:07:00.960 [main] INFO  org.testng.internal.Utils [Utils] MethodGroupsHelper.collectMethodsByGroup() took 0 ms.
19:07:00.960 [main] INFO  org.testng.internal.Utils [Utils] MethodGroupsHelper.sortMethods() took 0 ms.
19:07:00.982 [main] INFO  org.testng.internal.Utils [TestNG] Running:
  C:\Users\swapn\AppData\Local\Temp\testng-eclipse--1263287642\testng-customsuite.xml

19:07:01.017 [main] INFO  org.testng.internal.Utils [Utils] DynamicGraphHelper.createDynamicGraph() took 5 ms.
19:07:01.281 [main] INFO  org.testng.internal.Utils [TestNG] Time taken by org.testng.reporters.jq.Main@6815c5f2: 103 ms
19:07:01.305 [main] INFO  org.testng.internal.Utils [TestNG] Time taken by org.testng.reporters.FailedReporter@681aad3b: 24 ms
19:07:01.316 [main] INFO  org.testng.internal.Utils [TestNG] Time taken by org.testng.reporters.XMLReporter@16afbd92: 11 ms
19:07:01.326 [main] INFO  org.testng.internal.Utils [TestNG] Time taken by org.testng.reporters.EmailableReporter2@352c308: 10 ms
19:07:01.342 [main] INFO  org.testng.internal.Utils [TestNG] Time taken by org.testng.reporters.JUnitReportReporter@5149f008: 15 ms
19:07:01.342 [main] INFO  org.testng.internal.Utils [TestNG] Time taken by org.testng.internal.ExitCodeListener@7072bc39: 0 ms
19:07:36.223 [main] DEBUG org.testng.TestNG suiteXmlPath: "C:\workspace\Selenium\Opencart\test-output\testng-failed.xml"
19:07:37.094 [main] INFO  org.testng.internal.Utils [TestNG] Running:
  C:\workspace\Selenium\Opencart\test-output\testng-failed.xml

19:10:03.630 [main] DEBUG org.testng.TestNG suiteXmlPath: "C:\workspace\Selenium\Opencart\test-output\testng-failed.xml"
19:10:04.697 [main] INFO  org.testng.internal.Utils [TestNG] Running:
  C:\workspace\Selenium\Opencart\test-output\testng-failed.xml

19:10:22.201 [main] DEBUG org.testng.TestNG suiteXmlPath: "C:\workspace\Selenium\Opencart\test-output\testng-failed.xml"
19:10:23.008 [main] INFO  org.testng.internal.Utils [TestNG] Running:
  C:\workspace\Selenium\Opencart\test-output\testng-failed.xml

19:11:54.871 [main] DEBUG org.testng.TestNG suiteXmlPath: "C:\workspace\Selenium\Opencart\grouping.xml"
19:11:56.677 [main] INFO  org.testng.internal.Utils [TestNG] Running:
  C:\workspace\Selenium\Opencart\grouping.xml

19:12:05.501 [main] INFO  testCases.TC001_AccountRegistrationTest This is a starting test ....
19:12:09.331 [main] INFO  testCases.TC001_AccountRegistrationTest Click on the Register ....
19:12:09.719 [main] INFO  testCases.TC001_AccountRegistrationTest Providing the information detals....
19:12:14.174 [main] INFO  testCases.TC001_AccountRegistrationTest Validating the message...
19:12:14.190 [main] INFO  testCases.TC001_AccountRegistrationTest The test cases is End...
19:12:18.353 [main] INFO  testCases.TC002_LoginTest Starting the test case....
19:12:18.514 [main] INFO  testCases.TC002_LoginTest Clicking on my account...
19:12:19.425 [main] INFO  testCases.TC002_LoginTest Sucsesfully providing the email and password....
19:12:20.652 [main] INFO  testCases.TC002_LoginTest Ending the test cases....
03:00:06.068 [main] DEBUG org.testng.TestNG suiteXmlPath: "C:\workspace\Selenium\Opencart\grouping.xml"
