01:23:43.342 [main] INFO  org.testng.internal.Utils [Utils] MethodGroupsHelper.sortMethods() took 0 ms.
01:23:43.359 [main] INFO  org.testng.internal.Utils [TestNG] Running:
  C:\Users\swapn\AppData\Local\Temp\testng-eclipse--998051629\testng-customsuite.xml

01:23:43.383 [main] INFO  org.testng.internal.Utils [Utils] DynamicGraphHelper.createDynamicGraph() took 4 ms.
01:23:43.652 [main] INFO  org.testng.internal.Utils [TestNG] Time taken by org.testng.reporters.jq.Main@46cc127b: 103 ms
01:23:43.673 [main] INFO  org.testng.internal.Utils [TestNG] Time taken by org.testng.reporters.FailedReporter@1a6f2363: 21 ms
01:23:43.686 [main] INFO  org.testng.internal.Utils [TestNG] Time taken by org.testng.reporters.XMLReporter@2c5d601e: 11 ms
01:23:43.699 [main] INFO  org.testng.internal.Utils [TestNG] Time taken by org.testng.reporters.EmailableReporter2@7d373bcf: 13 ms
01:23:43.712 [main] INFO  org.testng.internal.Utils [TestNG] Time taken by org.testng.reporters.JUnitReportReporter@5149f008: 13 ms
01:23:43.713 [main] INFO  org.testng.internal.Utils [TestNG] Time taken by org.testng.internal.ExitCodeListener@7072bc39: 0 ms
01:23:49.369 [main] DEBUG org.testng.TestNG suiteXmlPath: "C:\workspace\Selenium\Opencart\master.xml"
01:23:49.925 [main] INFO  org.testng.internal.Utils [TestNG] Running:
  C:\workspace\Selenium\Opencart\master.xml

01:23:53.930 [main] INFO  testCases.TC001_AccountRegistrationTest This is a starting test ....
01:23:57.631 [main] INFO  testCases.TC001_AccountRegistrationTest Click on the Register ....
01:23:58.034 [main] INFO  testCases.TC001_AccountRegistrationTest Providing the information detals....
01:24:03.451 [main] INFO  testCases.TC001_AccountRegistrationTest Validating the message...
01:24:03.451 [main] INFO  testCases.TC001_AccountRegistrationTest Test failed...
01:24:03.451 [main] ERROR testCases.TC001_AccountRegistrationTest Test got some error...
01:24:03.451 [main] DEBUG testCases.TC001_AccountRegistrationTest Test debug...
01:24:03.451 [main] INFO  testCases.TC001_AccountRegistrationTest The test cases is End...
01:24:15.040 [main] DEBUG org.testng.TestNG suiteXmlPath: "C:\workspace\Selenium\Opencart\master.xml"
01:24:15.627 [main] INFO  org.testng.internal.Utils [TestNG] Running:
  C:\workspace\Selenium\Opencart\master.xml

01:24:18.447 [main] INFO  testCases.TC001_AccountRegistrationTest This is a starting test ....
01:24:22.041 [main] INFO  testCases.TC001_AccountRegistrationTest Click on the Register ....
01:24:22.330 [main] INFO  testCases.TC001_AccountRegistrationTest Providing the information detals....
01:24:31.619 [main] INFO  testCases.TC001_AccountRegistrationTest Validating the message...
01:24:31.620 [main] INFO  testCases.TC001_AccountRegistrationTest Test failed...
01:24:31.620 [main] ERROR testCases.TC001_AccountRegistrationTest Test got some error...
01:24:31.620 [main] DEBUG testCases.TC001_AccountRegistrationTest Test debug...
01:24:31.620 [main] INFO  testCases.TC001_AccountRegistrationTest The test cases is End...
01:26:03.598 [main] DEBUG org.testng.TestNG suiteXmlPath: "C:\workspace\Selenium\Opencart\master.xml"
01:26:04.424 [main] INFO  org.testng.internal.Utils [TestNG] Running:
  C:\workspace\Selenium\Opencart\master.xml

01:26:09.838 [main] INFO  testCases.TC001_AccountRegistrationTest This is a starting test ....
01:26:14.613 [main] INFO  testCases.TC001_AccountRegistrationTest Click on the Register ....
01:26:14.898 [main] INFO  testCases.TC001_AccountRegistrationTest Providing the information detals....
01:26:20.384 [main] INFO  testCases.TC001_AccountRegistrationTest Validating the message...
01:26:20.390 [main] INFO  testCases.TC001_AccountRegistrationTest Test failed...
01:26:20.390 [main] ERROR testCases.TC001_AccountRegistrationTest Test got some error...
01:26:20.390 [main] DEBUG testCases.TC001_AccountRegistrationTest Test debug...
01:26:20.390 [main] INFO  testCases.TC001_AccountRegistrationTest The test cases is End...
01:28:51.823 [main] DEBUG org.testng.TestNG suiteXmlPath: "C:\workspace\Selenium\Opencart\master.xml"
01:28:52.591 [main] INFO  org.testng.internal.Utils [TestNG] Running:
  C:\workspace\Selenium\Opencart\master.xml

01:28:56.309 [main] INFO  testCases.TC001_AccountRegistrationTest This is a starting test ....
01:28:59.803 [main] INFO  testCases.TC001_AccountRegistrationTest Click on the Register ....
01:29:00.099 [main] INFO  testCases.TC001_AccountRegistrationTest Providing the information detals....
01:29:05.055 [main] INFO  testCases.TC001_AccountRegistrationTest Validating the message...
01:29:05.059 [main] INFO  testCases.TC001_AccountRegistrationTest Test failed...
01:29:05.059 [main] ERROR testCases.TC001_AccountRegistrationTest Test got some error...
01:29:05.061 [main] DEBUG testCases.TC001_AccountRegistrationTest Test debug...
01:29:05.062 [main] INFO  testCases.TC001_AccountRegistrationTest The test cases is End...
01:29:58.675 [main] DEBUG org.testng.TestNG suiteXmlPath: "C:\workspace\Selenium\Opencart\master.xml"
01:29:59.594 [main] INFO  org.testng.internal.Utils [TestNG] Running:
  C:\workspace\Selenium\Opencart\master.xml

01:30:07.137 [main] INFO  testCases.TC001_AccountRegistrationTest This is a starting test ....
01:30:12.169 [main] INFO  testCases.TC001_AccountRegistrationTest Click on the Register ....
01:30:13.732 [main] INFO  testCases.TC001_AccountRegistrationTest Providing the information detals....
01:30:22.815 [main] INFO  testCases.TC001_AccountRegistrationTest Validating the message...
01:30:22.822 [main] INFO  testCases.TC001_AccountRegistrationTest Test failed...
01:30:22.822 [main] ERROR testCases.TC001_AccountRegistrationTest Test got some error...
01:30:22.822 [main] DEBUG testCases.TC001_AccountRegistrationTest Test debug...
01:30:22.822 [main] INFO  testCases.TC001_AccountRegistrationTest The test cases is End...
01:36:15.692 [main] DEBUG org.testng.TestNG suiteXmlPath: "C:\workspace\Selenium\Opencart\master.xml"
01:36:16.469 [main] INFO  org.testng.internal.Utils [TestNG] Running:
  C:\workspace\Selenium\Opencart\master.xml

01:36:21.028 [main] INFO  testCases.TC001_AccountRegistrationTest This is a starting test ....
01:36:25.774 [main] INFO  testCases.TC001_AccountRegistrationTest Click on the Register ....
01:36:26.057 [main] INFO  testCases.TC001_AccountRegistrationTest Providing the information detals....
01:36:33.713 [main] INFO  testCases.TC001_AccountRegistrationTest Validating the message...
01:36:33.718 [main] INFO  testCases.TC001_AccountRegistrationTest The test cases is End...
01:38:25.433 [main] DEBUG org.testng.TestNG suiteXmlPath: "C:\workspace\Selenium\Opencart\master.xml"
01:38:26.468 [main] INFO  org.testng.internal.Utils [TestNG] Running:
  C:\workspace\Selenium\Opencart\master.xml

01:38:30.919 [main] INFO  testCases.TC001_AccountRegistrationTest This is a starting test ....
01:38:34.989 [main] INFO  testCases.TC001_AccountRegistrationTest Click on the Register ....
01:38:35.300 [main] INFO  testCases.TC001_AccountRegistrationTest Providing the information detals....
01:38:42.221 [main] INFO  testCases.TC001_AccountRegistrationTest Validating the message...
01:38:42.221 [main] INFO  testCases.TC001_AccountRegistrationTest Test failed...
01:38:42.221 [main] ERROR testCases.TC001_AccountRegistrationTest Test got some error...
01:38:42.223 [main] DEBUG testCases.TC001_AccountRegistrationTest Test debug...
01:40:58.485 [main] DEBUG org.testng.TestNG suiteXmlPath: "C:\workspace\Selenium\Opencart\master.xml"
01:40:59.158 [main] INFO  org.testng.internal.Utils [TestNG] Running:
  C:\workspace\Selenium\Opencart\master.xml

01:41:02.921 [main] INFO  testCases.TC001_AccountRegistrationTest This is a starting test ....
01:41:06.469 [main] INFO  testCases.TC001_AccountRegistrationTest Click on the Register ....
01:41:06.716 [main] INFO  testCases.TC001_AccountRegistrationTest Providing the information detals....
01:41:12.913 [main] INFO  testCases.TC001_AccountRegistrationTest Validating the message...
01:41:12.918 [main] INFO  testCases.TC001_AccountRegistrationTest The test cases is End...
01:46:24.657 [main] DEBUG org.testng.TestNG suiteXmlPath: "C:\workspace\Selenium\Opencart\grouping.xml"
01:46:25.474 [main] INFO  org.testng.internal.Utils [TestNG] Running:
  C:\workspace\Selenium\Opencart\grouping.xml

01:46:38.284 [main] DEBUG org.testng.TestNG suiteXmlPath: "C:\workspace\Selenium\Opencart\grouping.xml"
01:46:38.786 [main] INFO  org.testng.internal.Utils [TestNG] Running:
  C:\workspace\Selenium\Opencart\grouping.xml

01:46:52.030 [main] DEBUG org.testng.TestNG suiteXmlPath: "C:\workspace\Selenium\Opencart\grouping.xml"
01:46:52.500 [main] INFO  org.testng.internal.Utils [TestNG] Running:
  C:\workspace\Selenium\Opencart\grouping.xml

01:49:33.667 [main] DEBUG org.testng.TestNG suiteXmlPath: "C:\workspace\Selenium\Opencart\master.xml"
01:49:34.495 [main] INFO  org.testng.internal.Utils [TestNG] Running:
  C:\workspace\Selenium\Opencart\master.xml

01:49:39.404 [main] INFO  testCases.TC001_AccountRegistrationTest This is a starting test ....
01:49:42.957 [main] INFO  testCases.TC001_AccountRegistrationTest Click on the Register ....
01:49:43.432 [main] INFO  testCases.TC001_AccountRegistrationTest Providing the information detals....
01:49:48.922 [main] INFO  testCases.TC001_AccountRegistrationTest Validating the message...
01:49:48.927 [main] INFO  testCases.TC001_AccountRegistrationTest The test cases is End...
01:50:03.396 [main] DEBUG org.testng.TestNG suiteXmlPath: "C:\workspace\Selenium\Opencart\grouping.xml"
01:50:03.985 [main] INFO  org.testng.internal.Utils [TestNG] Running:
  C:\workspace\Selenium\Opencart\grouping.xml

01:50:09.769 [main] INFO  testCases.TC001_AccountRegistrationTest This is a starting test ....
01:50:13.605 [main] INFO  testCases.TC001_AccountRegistrationTest Click on the Register ....
01:50:14.052 [main] INFO  testCases.TC001_AccountRegistrationTest Providing the information detals....
01:50:21.919 [main] INFO  testCases.TC001_AccountRegistrationTest Validating the message...
01:50:21.922 [main] INFO  testCases.TC001_AccountRegistrationTest The test cases is End...
01:51:19.940 [main] DEBUG org.testng.TestNG suiteXmlPath: "C:\workspace\Selenium\Opencart\grouping.xml"
01:51:20.849 [main] INFO  org.testng.internal.Utils [TestNG] Running:
  C:\workspace\Selenium\Opencart\grouping.xml

01:51:24.901 [main] INFO  testCases.TC001_AccountRegistrationTest This is a starting test ....
01:51:28.680 [main] INFO  testCases.TC001_AccountRegistrationTest Click on the Register ....
01:51:29.766 [main] INFO  testCases.TC001_AccountRegistrationTest Providing the information detals....
01:51:34.848 [main] INFO  testCases.TC001_AccountRegistrationTest Validating the message...
01:51:34.854 [main] INFO  testCases.TC001_AccountRegistrationTest The test cases is End...
01:51:36.937 [main] INFO  org.openqa.selenium.chrome.ChromeDriver Starting the test case....
01:51:37.134 [main] INFO  org.openqa.selenium.chrome.ChromeDriver Clicking on my account...
01:51:37.912 [main] INFO  org.openqa.selenium.chrome.ChromeDriver Sucsesfully providing the email and password....
01:53:24.625 [main] DEBUG org.testng.TestNG suiteXmlPath: "C:\workspace\Selenium\Opencart\grouping.xml"
01:53:25.430 [main] INFO  org.testng.internal.Utils [TestNG] Running:
  C:\workspace\Selenium\Opencart\grouping.xml

01:53:32.680 [main] INFO  testCases.TC001_AccountRegistrationTest This is a starting test ....
01:53:36.165 [main] INFO  testCases.TC001_AccountRegistrationTest Click on the Register ....
01:53:36.437 [main] INFO  testCases.TC001_AccountRegistrationTest Providing the information detals....
01:53:41.340 [main] INFO  testCases.TC001_AccountRegistrationTest Validating the message...
01:53:41.345 [main] INFO  testCases.TC001_AccountRegistrationTest The test cases is End...
02:00:00.696 [main] DEBUG org.testng.TestNG suiteXmlPath: "C:\workspace\Selenium\Opencart\grouping.xml"
02:00:01.667 [main] INFO  org.testng.internal.Utils [TestNG] Running:
  C:\workspace\Selenium\Opencart\grouping.xml

02:00:07.152 [main] INFO  testCases.TC001_AccountRegistrationTest This is a starting test ....
02:00:11.956 [main] INFO  testCases.TC001_AccountRegistrationTest Click on the Register ....
02:00:12.326 [main] INFO  testCases.TC001_AccountRegistrationTest Providing the information detals....
02:00:23.700 [main] INFO  testCases.TC001_AccountRegistrationTest Validating the message...
02:00:23.700 [main] INFO  testCases.TC001_AccountRegistrationTest The test cases is End...
02:01:58.126 [main] DEBUG org.testng.TestNG suiteXmlPath: "C:\workspace\Selenium\Opencart\grouping.xml"
02:01:58.764 [main] INFO  org.testng.internal.Utils [TestNG] Running:
  C:\workspace\Selenium\Opencart\grouping.xml

02:02:02.580 [main] INFO  testCases.TC001_AccountRegistrationTest This is a starting test ....
02:02:06.283 [main] INFO  testCases.TC001_AccountRegistrationTest Click on the Register ....
02:02:07.890 [main] INFO  testCases.TC001_AccountRegistrationTest Providing the information detals....
02:02:12.699 [main] INFO  testCases.TC001_AccountRegistrationTest Validating the message...
02:02:12.699 [main] INFO  testCases.TC001_AccountRegistrationTest The test cases is End...
02:02:41.595 [main] DEBUG org.testng.TestNG suiteXmlPath: "C:\workspace\Selenium\Opencart\grouping.xml"
02:02:42.199 [main] INFO  org.testng.internal.Utils [TestNG] Running:
  C:\workspace\Selenium\Opencart\grouping.xml

02:02:45.289 [main] INFO  testCases.TC001_AccountRegistrationTest This is a starting test ....
02:02:48.868 [main] INFO  testCases.TC001_AccountRegistrationTest Click on the Register ....
02:02:49.173 [main] INFO  testCases.TC001_AccountRegistrationTest Providing the information detals....
02:02:55.014 [main] INFO  testCases.TC001_AccountRegistrationTest Validating the message...
02:02:55.030 [main] INFO  testCases.TC001_AccountRegistrationTest The test cases is End...
02:02:57.415 [main] INFO  org.openqa.selenium.chrome.ChromeDriver Starting the test case....
02:02:57.488 [main] INFO  org.openqa.selenium.chrome.ChromeDriver Clicking on my account...
02:02:57.979 [main] INFO  org.openqa.selenium.chrome.ChromeDriver Sucsesfully providing the email and password....
02:03:11.609 [main] DEBUG org.testng.TestNG suiteXmlPath: "C:\workspace\Selenium\Opencart\grouping.xml"
02:03:12.371 [main] INFO  org.testng.internal.Utils [TestNG] Running:
  C:\workspace\Selenium\Opencart\grouping.xml

02:03:15.681 [main] INFO  testCases.TC001_AccountRegistrationTest This is a starting test ....
02:03:19.424 [main] INFO  testCases.TC001_AccountRegistrationTest Click on the Register ....
02:03:19.683 [main] INFO  testCases.TC001_AccountRegistrationTest Providing the information detals....
02:03:24.128 [main] INFO  testCases.TC001_AccountRegistrationTest Validating the message...
02:03:24.129 [main] INFO  testCases.TC001_AccountRegistrationTest The test cases is End...
02:03:27.305 [main] INFO  org.openqa.selenium.chrome.ChromeDriver Starting the test case....
02:03:27.445 [main] INFO  org.openqa.selenium.chrome.ChromeDriver Clicking on my account...
02:03:28.349 [main] INFO  org.openqa.selenium.chrome.ChromeDriver Sucsesfully providing the email and password....
02:03:57.510 [main] DEBUG org.testng.TestNG suiteXmlPath: "C:\workspace\Selenium\Opencart\grouping.xml"
02:03:58.316 [main] INFO  org.testng.internal.Utils [TestNG] Running:
  C:\workspace\Selenium\Opencart\grouping.xml

02:04:02.117 [main] INFO  testCases.TC001_AccountRegistrationTest This is a starting test ....
02:04:05.771 [main] INFO  testCases.TC001_AccountRegistrationTest Click on the Register ....
02:04:06.167 [main] INFO  testCases.TC001_AccountRegistrationTest Providing the information detals....
02:04:09.332 [main] INFO  testCases.TC001_AccountRegistrationTest Validating the message...
02:04:09.347 [main] INFO  testCases.TC001_AccountRegistrationTest The test cases is End...
02:04:11.849 [main] INFO  org.openqa.selenium.chrome.ChromeDriver Starting the test case....
02:04:12.008 [main] INFO  org.openqa.selenium.chrome.ChromeDriver Clicking on my account...
02:04:12.811 [main] INFO  org.openqa.selenium.chrome.ChromeDriver Sucsesfully providing the email and password....
02:05:19.912 [main] DEBUG org.testng.TestNG suiteXmlPath: "C:\Users\swapn\AppData\Local\Temp\testng-eclipse-2019105964\testng-customsuite.xml"
02:05:20.750 [main] INFO  org.testng.internal.Utils [Utils] MethodGroupsHelper.collectMethodsByGroup() took 1 ms.
02:05:20.752 [main] INFO  org.testng.internal.Utils [Utils] MethodGroupsHelper.sortMethods() took 1 ms.
02:05:20.760 [main] INFO  org.testng.internal.Utils [Utils] MethodGroupsHelper.collectMethodsByGroup() took 0 ms.
02:05:20.760 [main] INFO  org.testng.internal.Utils [Utils] MethodGroupsHelper.sortMethods() took 0 ms.
02:05:20.761 [main] INFO  org.testng.internal.Utils [Utils] MethodGroupsHelper.collectMethodsByGroup() took 0 ms.
02:05:20.761 [main] INFO  org.testng.internal.Utils [Utils] MethodGroupsHelper.sortMethods() took 0 ms.
02:05:20.762 [main] INFO  org.testng.internal.Utils [Utils] MethodGroupsHelper.collectMethodsByGroup() took 0 ms.
02:05:20.762 [main] INFO  org.testng.internal.Utils [Utils] MethodGroupsHelper.sortMethods() took 0 ms.
02:05:20.771 [main] INFO  org.testng.internal.Utils [Utils] MethodGroupsHelper.collectMethodsByGroup() took 5 ms.
02:05:20.805 [main] INFO  org.testng.internal.Utils [Utils] MethodGroupsHelper.sortMethods() took 34 ms.
02:05:20.807 [main] INFO  org.testng.internal.Utils [Utils] MethodGroupsHelper.collectMethodsByGroup() took 0 ms.
02:05:20.808 [main] INFO  org.testng.internal.Utils [Utils] MethodGroupsHelper.sortMethods() took 0 ms.
02:05:20.808 [main] INFO  org.testng.internal.Utils [Utils] MethodGroupsHelper.collectMethodsByGroup() took 0 ms.
02:05:20.808 [main] INFO  org.testng.internal.Utils [Utils] MethodGroupsHelper.sortMethods() took 0 ms.
02:05:20.809 [main] INFO  org.testng.internal.Utils [Utils] MethodGroupsHelper.collectMethodsByGroup() took 0 ms.
02:05:20.809 [main] INFO  org.testng.internal.Utils [Utils] MethodGroupsHelper.sortMethods() took 0 ms.
02:05:20.813 [main] INFO  org.testng.internal.Utils [Utils] MethodGroupsHelper.collectMethodsByGroup() took 0 ms.
02:05:20.815 [main] INFO  org.testng.internal.Utils [Utils] MethodGroupsHelper.sortMethods() took 0 ms.
02:05:20.825 [main] INFO  org.testng.internal.Utils [Utils] MethodGroupsHelper.collectMethodsByGroup() took 0 ms.
02:05:20.826 [main] INFO  org.testng.internal.Utils [Utils] MethodGroupsHelper.sortMethods() took 0 ms.
02:05:20.830 [main] INFO  org.testng.internal.Utils [Utils] MethodGroupsHelper.collectMethodsByGroup() took 0 ms.
02:05:20.830 [main] INFO  org.testng.internal.Utils [Utils] MethodGroupsHelper.sortMethods() took 0 ms.
02:05:20.830 [main] INFO  org.testng.internal.Utils [Utils] MethodGroupsHelper.collectMethodsByGroup() took 0 ms.
02:05:20.831 [main] INFO  org.testng.internal.Utils [Utils] MethodGroupsHelper.sortMethods() took 0 ms.
02:05:20.832 [main] INFO  org.testng.internal.Utils [Utils] MethodGroupsHelper.collectMethodsByGroup() took 0 ms.
02:05:20.833 [main] INFO  org.testng.internal.Utils [Utils] MethodGroupsHelper.sortMethods() took 0 ms.
02:05:20.835 [main] INFO  org.testng.internal.Utils [Utils] MethodGroupsHelper.collectMethodsByGroup() took 0 ms.
02:05:20.835 [main] INFO  org.testng.internal.Utils [Utils] MethodGroupsHelper.sortMethods() took 0 ms.
02:05:20.835 [main] INFO  org.testng.internal.Utils [Utils] MethodGroupsHelper.collectMethodsByGroup() took 0 ms.
02:05:20.835 [main] INFO  org.testng.internal.Utils [Utils] MethodGroupsHelper.sortMethods() took 0 ms.
02:05:20.846 [main] INFO  org.testng.internal.Utils [TestNG] Running:
  C:\Users\swapn\AppData\Local\Temp\testng-eclipse-2019105964\testng-customsuite.xml

02:05:20.872 [main] INFO  org.testng.internal.Utils [Utils] DynamicGraphHelper.createDynamicGraph() took 5 ms.
02:05:24.220 [main] INFO  org.openqa.selenium.chrome.ChromeDriver Starting the test case....
02:05:24.331 [main] INFO  org.openqa.selenium.chrome.ChromeDriver Clicking on my account...
02:05:25.314 [main] INFO  org.openqa.selenium.chrome.ChromeDriver Sucsesfully providing the email and password....
02:05:27.387 [main] INFO  org.testng.internal.Utils [TestNG] Time taken by org.testng.reporters.jq.Main@3900fa71: 156 ms
02:05:27.404 [main] INFO  org.testng.internal.Utils [TestNG] Time taken by org.testng.reporters.FailedReporter@5fc930f0: 17 ms
02:05:27.410 [main] INFO  org.testng.internal.Utils [TestNG] Time taken by org.testng.reporters.XMLReporter@7495699f: 6 ms
02:05:27.426 [main] INFO  org.testng.internal.Utils [TestNG] Time taken by org.testng.reporters.EmailableReporter2@2bef09c0: 12 ms
02:05:27.438 [main] INFO  org.testng.internal.Utils [TestNG] Time taken by org.testng.reporters.JUnitReportReporter@2f04105: 12 ms
02:05:27.438 [main] INFO  org.testng.internal.Utils [TestNG] Time taken by org.testng.internal.ExitCodeListener@309028af: 0 ms
02:05:52.806 [main] DEBUG org.testng.TestNG suiteXmlPath: "C:\Users\swapn\AppData\Local\Temp\testng-eclipse-1051893202\testng-customsuite.xml"
02:05:53.357 [main] INFO  org.testng.internal.Utils [Utils] MethodGroupsHelper.collectMethodsByGroup() took 1 ms.
02:05:53.361 [main] INFO  org.testng.internal.Utils [Utils] MethodGroupsHelper.sortMethods() took 2 ms.
02:05:53.362 [main] INFO  org.testng.internal.Utils [Utils] MethodGroupsHelper.collectMethodsByGroup() took 0 ms.
02:05:53.363 [main] INFO  org.testng.internal.Utils [Utils] MethodGroupsHelper.sortMethods() took 0 ms.
02:05:53.363 [main] INFO  org.testng.internal.Utils [Utils] MethodGroupsHelper.collectMethodsByGroup() took 0 ms.
02:05:53.363 [main] INFO  org.testng.internal.Utils [Utils] MethodGroupsHelper.sortMethods() took 0 ms.
02:05:53.364 [main] INFO  org.testng.internal.Utils [Utils] MethodGroupsHelper.collectMethodsByGroup() took 0 ms.
02:05:53.364 [main] INFO  org.testng.internal.Utils [Utils] MethodGroupsHelper.sortMethods() took 0 ms.
02:05:53.383 [main] INFO  org.testng.internal.Utils [Utils] MethodGroupsHelper.collectMethodsByGroup() took 8 ms.
02:05:53.395 [main] INFO  org.testng.internal.Utils [Utils] MethodGroupsHelper.sortMethods() took 12 ms.
02:05:53.395 [main] INFO  org.testng.internal.Utils [Utils] MethodGroupsHelper.collectMethodsByGroup() took 0 ms.
02:05:53.395 [main] INFO  org.testng.internal.Utils [Utils] MethodGroupsHelper.sortMethods() took 0 ms.
02:05:53.396 [main] INFO  org.testng.internal.Utils [Utils] MethodGroupsHelper.collectMethodsByGroup() took 0 ms.
02:05:53.396 [main] INFO  org.testng.internal.Utils [Utils] MethodGroupsHelper.sortMethods() took 0 ms.
02:05:53.396 [main] INFO  org.testng.internal.Utils [Utils] MethodGroupsHelper.collectMethodsByGroup() took 0 ms.
02:05:53.397 [main] INFO  org.testng.internal.Utils [Utils] MethodGroupsHelper.sortMethods() took 0 ms.
02:05:53.402 [main] INFO  org.testng.internal.Utils [Utils] MethodGroupsHelper.collectMethodsByGroup() took 0 ms.
02:05:53.402 [main] INFO  org.testng.internal.Utils [Utils] MethodGroupsHelper.sortMethods() took 0 ms.
02:05:53.404 [main] INFO  org.testng.internal.Utils [Utils] MethodGroupsHelper.collectMethodsByGroup() took 0 ms.
02:05:53.405 [main] INFO  org.testng.internal.Utils [Utils] MethodGroupsHelper.sortMethods() took 0 ms.
02:05:53.416 [main] INFO  org.testng.internal.Utils [Utils] MethodGroupsHelper.collectMethodsByGroup() took 0 ms.
02:05:53.417 [main] INFO  org.testng.internal.Utils [Utils] MethodGroupsHelper.sortMethods() took 0 ms.
02:05:53.418 [main] INFO  org.testng.internal.Utils [Utils] MethodGroupsHelper.collectMethodsByGroup() took 0 ms.
02:05:53.418 [main] INFO  org.testng.internal.Utils [Utils] MethodGroupsHelper.sortMethods() took 0 ms.
02:05:53.423 [main] INFO  org.testng.internal.Utils [Utils] MethodGroupsHelper.collectMethodsByGroup() took 1 ms.
02:05:53.424 [main] INFO  org.testng.internal.Utils [Utils] MethodGroupsHelper.sortMethods() took 0 ms.
02:05:53.433 [main] INFO  org.testng.internal.Utils [Utils] MethodGroupsHelper.collectMethodsByGroup() took 0 ms.
02:05:53.434 [main] INFO  org.testng.internal.Utils [Utils] MethodGroupsHelper.sortMethods() took 0 ms.
02:05:53.436 [main] INFO  org.testng.internal.Utils [Utils] MethodGroupsHelper.collectMethodsByGroup() took 0 ms.
02:05:53.436 [main] INFO  org.testng.internal.Utils [Utils] MethodGroupsHelper.sortMethods() took 0 ms.
02:05:53.446 [main] INFO  org.testng.internal.Utils [TestNG] Running:
  C:\Users\swapn\AppData\Local\Temp\testng-eclipse-1051893202\testng-customsuite.xml

02:05:53.467 [main] INFO  org.testng.internal.Utils [Utils] DynamicGraphHelper.createDynamicGraph() took 5 ms.
02:05:57.494 [main] INFO  org.openqa.selenium.chrome.ChromeDriver Starting the test case....
02:05:57.659 [main] INFO  org.openqa.selenium.chrome.ChromeDriver Clicking on my account...
02:05:58.302 [main] INFO  org.openqa.selenium.chrome.ChromeDriver Sucsesfully providing the email and password....
02:05:59.480 [main] INFO  org.testng.internal.Utils [TestNG] Time taken by org.testng.reporters.jq.Main@3900fa71: 75 ms
02:05:59.498 [main] INFO  org.testng.internal.Utils [TestNG] Time taken by org.testng.reporters.FailedReporter@5fc930f0: 18 ms
02:05:59.504 [main] INFO  org.testng.internal.Utils [TestNG] Time taken by org.testng.reporters.XMLReporter@7495699f: 6 ms
02:05:59.519 [main] INFO  org.testng.internal.Utils [TestNG] Time taken by org.testng.reporters.EmailableReporter2@2bef09c0: 10 ms
02:05:59.532 [main] INFO  org.testng.internal.Utils [TestNG] Time taken by org.testng.reporters.JUnitReportReporter@2f04105: 10 ms
02:05:59.532 [main] INFO  org.testng.internal.Utils [TestNG] Time taken by org.testng.internal.ExitCodeListener@309028af: 0 ms
02:06:32.099 [main] DEBUG org.testng.TestNG suiteXmlPath: "C:\Users\swapn\AppData\Local\Temp\testng-eclipse-1740471140\testng-customsuite.xml"
02:06:33.013 [main] INFO  org.testng.internal.Utils [Utils] MethodGroupsHelper.collectMethodsByGroup() took 1 ms.
02:06:33.016 [main] INFO  org.testng.internal.Utils [Utils] MethodGroupsHelper.sortMethods() took 2 ms.
02:06:33.020 [main] INFO  org.testng.internal.Utils [Utils] MethodGroupsHelper.collectMethodsByGroup() took 0 ms.
02:06:33.020 [main] INFO  org.testng.internal.Utils [Utils] MethodGroupsHelper.sortMethods() took 0 ms.
02:06:33.021 [main] INFO  org.testng.internal.Utils [Utils] MethodGroupsHelper.collectMethodsByGroup() took 0 ms.
02:06:33.021 [main] INFO  org.testng.internal.Utils [Utils] MethodGroupsHelper.sortMethods() took 0 ms.
02:06:33.021 [main] INFO  org.testng.internal.Utils [Utils] MethodGroupsHelper.collectMethodsByGroup() took 0 ms.
02:06:33.021 [main] INFO  org.testng.internal.Utils [Utils] MethodGroupsHelper.sortMethods() took 0 ms.
02:06:33.033 [main] INFO  org.testng.internal.Utils [Utils] MethodGroupsHelper.collectMethodsByGroup() took 9 ms.
02:06:33.062 [main] INFO  org.testng.internal.Utils [Utils] MethodGroupsHelper.sortMethods() took 28 ms.
02:06:33.062 [main] INFO  org.testng.internal.Utils [Utils] MethodGroupsHelper.collectMethodsByGroup() took 0 ms.
02:06:33.062 [main] INFO  org.testng.internal.Utils [Utils] MethodGroupsHelper.sortMethods() took 0 ms.
02:06:33.063 [main] INFO  org.testng.internal.Utils [Utils] MethodGroupsHelper.collectMethodsByGroup() took 0 ms.
02:06:33.063 [main] INFO  org.testng.internal.Utils [Utils] MethodGroupsHelper.sortMethods() took 0 ms.
02:06:33.063 [main] INFO  org.testng.internal.Utils [Utils] MethodGroupsHelper.collectMethodsByGroup() took 0 ms.
02:06:33.063 [main] INFO  org.testng.internal.Utils [Utils] MethodGroupsHelper.sortMethods() took 0 ms.
02:06:33.064 [main] INFO  org.testng.internal.Utils [Utils] MethodGroupsHelper.collectMethodsByGroup() took 0 ms.
02:06:33.064 [main] INFO  org.testng.internal.Utils [Utils] MethodGroupsHelper.sortMethods() took 0 ms.
02:06:33.064 [main] INFO  org.testng.internal.Utils [Utils] MethodGroupsHelper.collectMethodsByGroup() took 0 ms.
02:06:33.064 [main] INFO  org.testng.internal.Utils [Utils] MethodGroupsHelper.sortMethods() took 0 ms.
02:06:33.068 [main] INFO  org.testng.internal.Utils [Utils] MethodGroupsHelper.collectMethodsByGroup() took 0 ms.
02:06:33.068 [main] INFO  org.testng.internal.Utils [Utils] MethodGroupsHelper.sortMethods() took 0 ms.
02:06:33.068 [main] INFO  org.testng.internal.Utils [Utils] MethodGroupsHelper.collectMethodsByGroup() took 0 ms.
02:06:33.069 [main] INFO  org.testng.internal.Utils [Utils] MethodGroupsHelper.sortMethods() took 0 ms.
02:06:33.070 [main] INFO  org.testng.internal.Utils [Utils] MethodGroupsHelper.collectMethodsByGroup() took 1 ms.
02:06:33.070 [main] INFO  org.testng.internal.Utils [Utils] MethodGroupsHelper.sortMethods() took 0 ms.
02:06:33.072 [main] INFO  org.testng.internal.Utils [Utils] MethodGroupsHelper.collectMethodsByGroup() took 0 ms.
02:06:33.072 [main] INFO  org.testng.internal.Utils [Utils] MethodGroupsHelper.sortMethods() took 0 ms.
02:06:33.072 [main] INFO  org.testng.internal.Utils [Utils] MethodGroupsHelper.collectMethodsByGroup() took 0 ms.
02:06:33.072 [main] INFO  org.testng.internal.Utils [Utils] MethodGroupsHelper.sortMethods() took 0 ms.
02:06:33.085 [main] INFO  org.testng.internal.Utils [TestNG] Running:
  C:\Users\swapn\AppData\Local\Temp\testng-eclipse-1740471140\testng-customsuite.xml

02:06:33.111 [main] INFO  org.testng.internal.Utils [Utils] DynamicGraphHelper.createDynamicGraph() took 5 ms.
02:06:37.868 [main] INFO  org.openqa.selenium.chrome.ChromeDriver Starting the test case....
02:06:38.079 [main] INFO  org.openqa.selenium.chrome.ChromeDriver Clicking on my account...
02:06:38.668 [main] INFO  org.openqa.selenium.chrome.ChromeDriver Sucsesfully providing the email and password....
02:06:40.206 [main] INFO  org.testng.internal.Utils [TestNG] Time taken by org.testng.reporters.jq.Main@26722665: 233 ms
02:06:40.231 [main] INFO  org.testng.internal.Utils [TestNG] Time taken by org.testng.reporters.FailedReporter@3701e6e4: 23 ms
02:06:40.262 [main] INFO  org.testng.internal.Utils [TestNG] Time taken by org.testng.reporters.XMLReporter@7c2312fa: 31 ms
02:06:40.285 [main] INFO  org.testng.internal.Utils [TestNG] Time taken by org.testng.reporters.EmailableReporter2@62ce72ff: 23 ms
02:06:40.314 [main] INFO  org.testng.internal.Utils [TestNG] Time taken by org.testng.reporters.JUnitReportReporter@309028af: 29 ms
02:06:40.315 [main] INFO  org.testng.internal.Utils [TestNG] Time taken by org.testng.internal.ExitCodeListener@724c5cbe: 0 ms
02:07:49.215 [main] DEBUG org.testng.TestNG suiteXmlPath: "C:\Users\swapn\AppData\Local\Temp\testng-eclipse--273396548\testng-customsuite.xml"
02:07:50.007 [main] INFO  org.testng.internal.Utils [Utils] MethodGroupsHelper.collectMethodsByGroup() took 1 ms.
02:07:50.009 [main] INFO  org.testng.internal.Utils [Utils] MethodGroupsHelper.sortMethods() took 2 ms.
02:07:50.010 [main] INFO  org.testng.internal.Utils [Utils] MethodGroupsHelper.collectMethodsByGroup() took 0 ms.
02:07:50.012 [main] INFO  org.testng.internal.Utils [Utils] MethodGroupsHelper.sortMethods() took 0 ms.
02:07:50.012 [main] INFO  org.testng.internal.Utils [Utils] MethodGroupsHelper.collectMethodsByGroup() took 0 ms.
02:07:50.012 [main] INFO  org.testng.internal.Utils [Utils] MethodGroupsHelper.sortMethods() took 0 ms.
02:07:50.012 [main] INFO  org.testng.internal.Utils [Utils] MethodGroupsHelper.collectMethodsByGroup() took 0 ms.
02:07:50.012 [main] INFO  org.testng.internal.Utils [Utils] MethodGroupsHelper.sortMethods() took 0 ms.
02:07:50.028 [main] INFO  org.testng.internal.Utils [Utils] MethodGroupsHelper.collectMethodsByGroup() took 7 ms.
02:07:50.041 [main] INFO  org.testng.internal.Utils [Utils] MethodGroupsHelper.sortMethods() took 11 ms.
02:07:50.041 [main] INFO  org.testng.internal.Utils [Utils] MethodGroupsHelper.collectMethodsByGroup() took 0 ms.
02:07:50.042 [main] INFO  org.testng.internal.Utils [Utils] MethodGroupsHelper.sortMethods() took 0 ms.
02:07:50.042 [main] INFO  org.testng.internal.Utils [Utils] MethodGroupsHelper.collectMethodsByGroup() took 0 ms.
02:07:50.042 [main] INFO  org.testng.internal.Utils [Utils] MethodGroupsHelper.sortMethods() took 0 ms.
02:07:50.042 [main] INFO  org.testng.internal.Utils [Utils] MethodGroupsHelper.collectMethodsByGroup() took 0 ms.
02:07:50.042 [main] INFO  org.testng.internal.Utils [Utils] MethodGroupsHelper.sortMethods() took 0 ms.
02:07:50.043 [main] INFO  org.testng.internal.Utils [Utils] MethodGroupsHelper.collectMethodsByGroup() took 0 ms.
02:07:50.043 [main] INFO  org.testng.internal.Utils [Utils] MethodGroupsHelper.sortMethods() took 0 ms.
02:07:50.043 [main] INFO  org.testng.internal.Utils [Utils] MethodGroupsHelper.collectMethodsByGroup() took 0 ms.
02:07:50.043 [main] INFO  org.testng.internal.Utils [Utils] MethodGroupsHelper.sortMethods() took 0 ms.
02:07:50.045 [main] INFO  org.testng.internal.Utils [Utils] MethodGroupsHelper.collectMethodsByGroup() took 0 ms.
02:07:50.045 [main] INFO  org.testng.internal.Utils [Utils] MethodGroupsHelper.sortMethods() took 0 ms.
02:07:50.045 [main] INFO  org.testng.internal.Utils [Utils] MethodGroupsHelper.collectMethodsByGroup() took 0 ms.
02:07:50.046 [main] INFO  org.testng.internal.Utils [Utils] MethodGroupsHelper.sortMethods() took 0 ms.
02:07:50.047 [main] INFO  org.testng.internal.Utils [Utils] MethodGroupsHelper.collectMethodsByGroup() took 0 ms.
02:07:50.047 [main] INFO  org.testng.internal.Utils [Utils] MethodGroupsHelper.sortMethods() took 0 ms.
02:07:50.052 [main] INFO  org.testng.internal.Utils [Utils] MethodGroupsHelper.collectMethodsByGroup() took 0 ms.
02:07:50.052 [main] INFO  org.testng.internal.Utils [Utils] MethodGroupsHelper.sortMethods() took 0 ms.
02:07:50.053 [main] INFO  org.testng.internal.Utils [Utils] MethodGroupsHelper.collectMethodsByGroup() took 0 ms.
02:07:50.053 [main] INFO  org.testng.internal.Utils [Utils] MethodGroupsHelper.sortMethods() took 0 ms.
02:07:50.092 [main] INFO  org.testng.internal.Utils [TestNG] Running:
  C:\Users\swapn\AppData\Local\Temp\testng-eclipse--273396548\testng-customsuite.xml

02:07:50.120 [main] INFO  org.testng.internal.Utils [Utils] DynamicGraphHelper.createDynamicGraph() took 3 ms.
02:07:54.546 [main] INFO  org.openqa.selenium.chrome.ChromeDriver Starting the test case....
02:07:54.846 [main] INFO  org.openqa.selenium.chrome.ChromeDriver Clicking on my account...
02:07:55.624 [main] INFO  org.openqa.selenium.chrome.ChromeDriver Sucsesfully providing the email and password....
02:07:56.949 [main] INFO  org.openqa.selenium.chrome.ChromeDriver Ending the test cases....
02:07:57.191 [main] INFO  org.testng.internal.Utils [TestNG] Time taken by org.testng.reporters.jq.Main@5ff60a8c: 127 ms
02:07:57.191 [main] INFO  org.testng.internal.Utils [TestNG] Time taken by org.testng.reporters.FailedReporter@5109e8cf: 0 ms
02:07:57.206 [main] INFO  org.testng.internal.Utils [TestNG] Time taken by org.testng.reporters.XMLReporter@74075134: 15 ms
02:07:57.219 [main] INFO  org.testng.internal.Utils [TestNG] Time taken by org.testng.reporters.EmailableReporter2@34e20e6b: 13 ms
02:07:57.229 [main] INFO  org.testng.internal.Utils [TestNG] Time taken by org.testng.reporters.JUnitReportReporter@36f1046f: 9 ms
02:07:57.233 [main] INFO  org.testng.internal.Utils [TestNG] Time taken by org.testng.internal.ExitCodeListener@56d93692: 0 ms
02:10:26.383 [main] DEBUG org.testng.TestNG suiteXmlPath: "C:\workspace\Selenium\Opencart\grouping.xml"
02:10:27.282 [main] INFO  org.testng.internal.Utils [TestNG] Running:
  C:\workspace\Selenium\Opencart\grouping.xml

02:10:31.527 [main] INFO  testCases.TC001_AccountRegistrationTest This is a starting test ....
02:10:35.095 [main] INFO  testCases.TC001_AccountRegistrationTest Click on the Register ....
02:10:35.677 [main] INFO  testCases.TC001_AccountRegistrationTest Providing the information detals....
02:10:40.951 [main] INFO  testCases.TC001_AccountRegistrationTest Validating the message...
02:10:40.956 [main] INFO  testCases.TC001_AccountRegistrationTest The test cases is End...
02:10:46.723 [main] INFO  org.openqa.selenium.chrome.ChromeDriver Starting the test case....
02:10:46.847 [main] INFO  org.openqa.selenium.chrome.ChromeDriver Clicking on my account...
02:10:47.430 [main] INFO  org.openqa.selenium.chrome.ChromeDriver Sucsesfully providing the email and password....
02:10:48.632 [main] INFO  org.openqa.selenium.chrome.ChromeDriver Ending the test cases....
18:48:11.876 [main] DEBUG org.testng.TestNG suiteXmlPath: "C:\workspace\Selenium\Opencart\grouping.xml"
18:50:20.852 [main] DEBUG org.testng.TestNG suiteXmlPath: "C:\workspace\Selenium\Opencart\grouping.xml"
18:50:33.906 [main] DEBUG org.testng.TestNG suiteXmlPath: "C:\workspace\Selenium\Opencart\grouping.xml"
18:51:40.635 [main] DEBUG org.testng.TestNG suiteXmlPath: "C:\workspace\Selenium\Opencart\master.xml"
18:51:41.299 [main] INFO  org.testng.internal.Utils [TestNG] Running:
  C:\workspace\Selenium\Opencart\master.xml

18:51:46.550 [main] INFO  testCases.TC001_AccountRegistrationTest This is a starting test ....
18:51:50.029 [main] INFO  testCases.TC001_AccountRegistrationTest Click on the Register ....
18:51:50.274 [main] INFO  testCases.TC001_AccountRegistrationTest Providing the information detals....
18:51:55.071 [main] INFO  testCases.TC001_AccountRegistrationTest Validating the message...
18:51:55.077 [main] INFO  testCases.TC001_AccountRegistrationTest The test cases is End...
18:52:28.347 [main] DEBUG org.testng.TestNG suiteXmlPath: "C:\workspace\Selenium\Opencart\grouping.xml"
18:57:48.658 [main] DEBUG org.testng.TestNG suiteXmlPath: "C:\workspace\Selenium\Opencart\grouping.xml"
19:49:35.611 [main] DEBUG org.testng.TestNG suiteXmlPath: "C:\workspace\Selenium\Opencart\grouping.xml"
19:54:34.345 [main] DEBUG org.testng.TestNG suiteXmlPath: "C:\workspace\Selenium\Opencart\grouping.xml"
19:54:35.407 [main] INFO  org.testng.internal.Utils [TestNG] Running:
  C:\workspace\Selenium\Opencart\grouping.xml

19:54:41.947 [main] INFO  org.openqa.selenium.chrome.ChromeDriver Starting the test case....
19:54:42.152 [main] INFO  org.openqa.selenium.chrome.ChromeDriver Clicking on my account...
19:54:42.815 [main] INFO  org.openqa.selenium.chrome.ChromeDriver Sucsesfully providing the email and password....
19:54:44.300 [main] INFO  org.openqa.selenium.chrome.ChromeDriver Ending the test cases....
19:57:11.067 [main] DEBUG org.testng.TestNG suiteXmlPath: "C:\workspace\Selenium\Opencart\grouping.xml"
19:57:12.032 [main] INFO  org.testng.internal.Utils [TestNG] Running:
  C:\workspace\Selenium\Opencart\grouping.xml

19:57:16.167 [main] INFO  org.openqa.selenium.chrome.ChromeDriver Starting the test case....
19:57:16.354 [main] INFO  org.openqa.selenium.chrome.ChromeDriver Clicking on my account...
19:57:17.112 [main] INFO  org.openqa.selenium.chrome.ChromeDriver Sucsesfully providing the email and password....
19:57:18.802 [main] INFO  org.openqa.selenium.chrome.ChromeDriver Ending the test cases....
19:57:56.312 [main] DEBUG org.testng.TestNG suiteXmlPath: "C:\workspace\Selenium\Opencart\grouping.xml"
19:57:57.117 [main] INFO  org.testng.internal.Utils [TestNG] Running:
  C:\workspace\Selenium\Opencart\grouping.xml

19:58:01.563 [main] INFO  testCases.TC001_AccountRegistrationTest This is a starting test ....
19:58:05.259 [main] INFO  testCases.TC001_AccountRegistrationTest Click on the Register ....
19:58:05.570 [main] INFO  testCases.TC001_AccountRegistrationTest Providing the information detals....
19:58:11.786 [main] INFO  testCases.TC001_AccountRegistrationTest Validating the message...
19:58:11.793 [main] INFO  testCases.TC001_AccountRegistrationTest The test cases is End...
19:58:14.174 [main] INFO  org.openqa.selenium.chrome.ChromeDriver Starting the test case....
19:58:14.294 [main] INFO  org.openqa.selenium.chrome.ChromeDriver Clicking on my account...
19:58:14.746 [main] INFO  org.openqa.selenium.chrome.ChromeDriver Sucsesfully providing the email and password....
19:58:16.140 [main] INFO  org.openqa.selenium.chrome.ChromeDriver Ending the test cases....
20:02:05.397 [main] DEBUG org.testng.TestNG suiteXmlPath: "C:\workspace\Selenium\Opencart\test-output\testng-failed.xml"
20:02:06.482 [main] INFO  org.testng.internal.Utils [TestNG] Running:
  C:\workspace\Selenium\Opencart\test-output\testng-failed.xml

20:02:11.026 [main] INFO  org.openqa.selenium.chrome.ChromeDriver Starting the test case....
20:02:11.264 [main] INFO  org.openqa.selenium.chrome.ChromeDriver Clicking on my account...
20:02:12.007 [main] INFO  org.openqa.selenium.chrome.ChromeDriver Sucsesfully providing the email and password....
20:02:13.828 [main] INFO  org.openqa.selenium.chrome.ChromeDriver Ending the test cases....
20:03:40.924 [main] DEBUG org.testng.TestNG suiteXmlPath: "C:\workspace\Selenium\Opencart\grouping.xml"
20:03:41.903 [main] INFO  org.testng.internal.Utils [TestNG] Running:
  C:\workspace\Selenium\Opencart\grouping.xml

20:03:47.169 [main] INFO  testCases.TC001_AccountRegistrationTest This is a starting test ....
20:03:50.861 [main] INFO  testCases.TC001_AccountRegistrationTest Click on the Register ....
20:03:51.169 [main] INFO  testCases.TC001_AccountRegistrationTest Providing the information detals....
20:04:13.177 [main] DEBUG org.testng.TestNG suiteXmlPath: "C:\workspace\Selenium\Opencart\grouping.xml"
20:04:13.879 [main] INFO  org.testng.internal.Utils [TestNG] Running:
  C:\workspace\Selenium\Opencart\grouping.xml

20:04:18.461 [main] INFO  testCases.TC001_AccountRegistrationTest This is a starting test ....
20:04:22.174 [main] INFO  testCases.TC001_AccountRegistrationTest Click on the Register ....
20:04:22.556 [main] INFO  testCases.TC001_AccountRegistrationTest Providing the information detals....
20:04:27.742 [main] INFO  testCases.TC001_AccountRegistrationTest Validating the message...
20:04:27.744 [main] INFO  testCases.TC001_AccountRegistrationTest The test cases is End...
20:07:52.143 [main] DEBUG org.testng.TestNG suiteXmlPath: "C:\workspace\Selenium\Opencart\grouping.xml"
20:07:52.995 [main] INFO  org.testng.internal.Utils [TestNG] Running:
  C:\workspace\Selenium\Opencart\grouping.xml

20:07:57.426 [main] INFO  testCases.TC001_AccountRegistrationTest This is a starting test ....
20:08:01.084 [main] INFO  testCases.TC001_AccountRegistrationTest Click on the Register ....
20:08:01.394 [main] INFO  testCases.TC001_AccountRegistrationTest Providing the information detals....
20:08:06.085 [main] INFO  testCases.TC001_AccountRegistrationTest Validating the message...
20:08:06.091 [main] INFO  testCases.TC001_AccountRegistrationTest The test cases is End...
21:05:20.865 [main] DEBUG org.testng.TestNG suiteXmlPath: "C:\workspace\Selenium\Opencart\grouping.xml"
21:05:22.330 [main] INFO  org.testng.internal.Utils [TestNG] Running:
  C:\workspace\Selenium\Opencart\grouping.xml

21:05:30.410 [main] INFO  testCases.TC001_AccountRegistrationTest This is a starting test ....
21:05:34.512 [main] INFO  testCases.TC001_AccountRegistrationTest Click on the Register ....
21:05:34.871 [main] INFO  testCases.TC001_AccountRegistrationTest Providing the information detals....
21:05:39.784 [main] INFO  testCases.TC001_AccountRegistrationTest Validating the message...
21:05:39.789 [main] INFO  testCases.TC001_AccountRegistrationTest The test cases is End...
21:07:52.542 [main] DEBUG org.testng.TestNG suiteXmlPath: "C:\workspace\Selenium\Opencart\grouping.xml"
21:07:53.897 [main] INFO  org.testng.internal.Utils [TestNG] Running:
  C:\workspace\Selenium\Opencart\grouping.xml

21:08:03.271 [main] INFO  testCases.TC001_AccountRegistrationTest This is a starting test ....
21:08:07.696 [main] INFO  testCases.TC001_AccountRegistrationTest Click on the Register ....
21:08:08.085 [main] INFO  testCases.TC001_AccountRegistrationTest Providing the information detals....
21:08:14.749 [main] INFO  testCases.TC001_AccountRegistrationTest Validating the message...
21:08:14.758 [main] INFO  testCases.TC001_AccountRegistrationTest The test cases is End...
21:13:23.709 [main] DEBUG org.testng.TestNG suiteXmlPath: "C:\workspace\Selenium\Opencart\grouping.xml"
21:13:24.859 [main] INFO  org.testng.internal.Utils [TestNG] Running:
  C:\workspace\Selenium\Opencart\grouping.xml

21:13:29.915 [main] INFO  testCases.TC001_AccountRegistrationTest This is a starting test ....
21:13:33.789 [main] INFO  testCases.TC001_AccountRegistrationTest Click on the Register ....
21:13:34.088 [main] INFO  testCases.TC001_AccountRegistrationTest Providing the information detals....
21:13:41.422 [main] INFO  testCases.TC001_AccountRegistrationTest Validating the message...
21:13:41.434 [main] INFO  testCases.TC001_AccountRegistrationTest The test cases is End...
23:25:15.509 [main] DEBUG org.testng.TestNG suiteXmlPath: "C:\workspace\Selenium\Opencart\grouping.xml"
23:25:16.102 [main] INFO  org.testng.internal.Utils [TestNG] Running:
  C:\workspace\Selenium\Opencart\grouping.xml

23:25:23.659 [main] INFO  testCases.TC001_AccountRegistrationTest This is a starting test ....
23:25:27.688 [main] INFO  testCases.TC001_AccountRegistrationTest Click on the Register ....
23:25:27.915 [main] INFO  testCases.TC001_AccountRegistrationTest Providing the information detals....
23:25:33.970 [main] INFO  testCases.TC001_AccountRegistrationTest Validating the message...
23:25:33.970 [main] INFO  testCases.TC001_AccountRegistrationTest The test cases is End...
23:33:09.656 [main] DEBUG org.testng.TestNG suiteXmlPath: "C:\workspace\Selenium\Opencart\master.xml"
23:33:10.405 [main] INFO  org.testng.internal.Utils [TestNG] Running:
  C:\workspace\Selenium\Opencart\master.xml

23:33:13.550 [main] INFO  testCases.TC001_AccountRegistrationTest This is a starting test ....
23:33:17.022 [main] INFO  testCases.TC001_AccountRegistrationTest Click on the Register ....
23:33:17.248 [main] INFO  testCases.TC001_AccountRegistrationTest Providing the information detals....
23:33:24.655 [main] INFO  testCases.TC001_AccountRegistrationTest Validating the message...
23:33:24.660 [main] INFO  testCases.TC001_AccountRegistrationTest The test cases is End...
23:33:47.336 [main] DEBUG org.testng.TestNG suiteXmlPath: "C:\workspace\Selenium\Opencart\master.xml"
23:33:48.057 [main] INFO  org.testng.internal.Utils [TestNG] Running:
  C:\workspace\Selenium\Opencart\master.xml

23:33:50.971 [main] INFO  testCases.TC001_AccountRegistrationTest This is a starting test ....
23:33:54.763 [main] INFO  testCases.TC001_AccountRegistrationTest Click on the Register ....
23:33:54.995 [main] INFO  testCases.TC001_AccountRegistrationTest Providing the information detals....
23:34:26.845 [main] DEBUG org.testng.TestNG suiteXmlPath: "C:\workspace\Selenium\Opencart\master.xml"
23:34:27.415 [main] INFO  org.testng.internal.Utils [TestNG] Running:
  C:\workspace\Selenium\Opencart\master.xml

23:34:30.072 [main] INFO  testCases.TC001_AccountRegistrationTest This is a starting test ....
23:34:33.527 [main] INFO  testCases.TC001_AccountRegistrationTest Click on the Register ....
23:34:33.796 [main] INFO  testCases.TC001_AccountRegistrationTest Providing the information detals....
23:34:59.250 [main] DEBUG org.testng.TestNG suiteXmlPath: "C:\workspace\Selenium\Opencart\master.xml"
23:34:59.835 [main] INFO  org.testng.internal.Utils [TestNG] Running:
  C:\workspace\Selenium\Opencart\master.xml

23:35:04.813 [main] INFO  testCases.TC001_AccountRegistrationTest This is a starting test ....
23:35:08.881 [main] INFO  testCases.TC001_AccountRegistrationTest Click on the Register ....
23:35:09.176 [main] INFO  testCases.TC001_AccountRegistrationTest Providing the information detals....
23:44:51.424 [main] DEBUG org.testng.TestNG suiteXmlPath: "C:\workspace\Selenium\Opencart\master.xml"
23:44:52.464 [main] INFO  org.testng.internal.Utils [TestNG] Running:
  C:\workspace\Selenium\Opencart\master.xml

23:44:57.158 [main] INFO  testCases.TC001_AccountRegistrationTest This is a starting test ....
23:45:00.930 [main] INFO  testCases.TC001_AccountRegistrationTest Click on the Register ....
23:45:01.220 [main] INFO  testCases.TC001_AccountRegistrationTest Providing the information detals....
23:45:18.914 [main] DEBUG org.testng.TestNG suiteXmlPath: "C:\workspace\Selenium\Opencart\master.xml"
23:45:19.618 [main] INFO  org.testng.internal.Utils [TestNG] Running:
  C:\workspace\Selenium\Opencart\master.xml

23:45:24.312 [main] INFO  testCases.TC001_AccountRegistrationTest This is a starting test ....
23:45:28.398 [main] INFO  testCases.TC001_AccountRegistrationTest Click on the Register ....
23:45:28.661 [main] INFO  testCases.TC001_AccountRegistrationTest Providing the information detals....
23:52:37.099 [main] DEBUG org.testng.TestNG suiteXmlPath: "C:\Users\swapn\AppData\Local\Temp\testng-eclipse--1486696396\testng-customsuite.xml"
23:52:38.222 [main] INFO  org.testng.internal.Utils [Utils] MethodGroupsHelper.collectMethodsByGroup() took 2 ms.
23:52:38.234 [main] INFO  org.testng.internal.Utils [Utils] MethodGroupsHelper.sortMethods() took 9 ms.
23:52:38.239 [main] INFO  org.testng.internal.Utils [Utils] MethodGroupsHelper.collectMethodsByGroup() took 0 ms.
23:52:38.241 [main] INFO  org.testng.internal.Utils [Utils] MethodGroupsHelper.sortMethods() took 0 ms.
23:52:38.241 [main] INFO  org.testng.internal.Utils [Utils] MethodGroupsHelper.collectMethodsByGroup() took 0 ms.
23:52:38.241 [main] INFO  org.testng.internal.Utils [Utils] MethodGroupsHelper.sortMethods() took 0 ms.
23:52:38.241 [main] INFO  org.testng.internal.Utils [Utils] MethodGroupsHelper.collectMethodsByGroup() took 0 ms.
23:52:38.242 [main] INFO  org.testng.internal.Utils [Utils] MethodGroupsHelper.sortMethods() took 0 ms.
