17:17:44.460 [main] INFO  testCases.TC002_LoginTest Clicking on my account...
17:17:46.507 [main] INFO  testCases.TC002_LoginTest Sucsesfully providing the email and password....
17:17:48.409 [main] INFO  testCases.TC002_LoginTest Ending the test cases....
17:21:01.176 [main] DEBUG org.testng.TestNG suiteXmlPath: "C:\workspace\Selenium\Opencart\master.xml"
15:57:58.337 [main] DEBUG org.testng.TestNG suiteXmlPath: "C:\workspace\Selenium\Opencart\master.xml"
15:58:05.700 [main] INFO  testCases.TC002_LoginTest Starting the test case....
15:58:05.989 [main] INFO  testCases.TC002_LoginTest Clicking on my account...
15:58:06.796 [main] INFO  testCases.TC002_LoginTest Sucsesfully providing the email and password....
15:58:08.108 [main] INFO  testCases.TC002_LoginTest Ending the test cases....
16:03:49.848 [main] DEBUG org.testng.TestNG suiteXmlPath: "C:\workspace\Selenium\Opencart\grouping.xml"
16:03:50.829 [main] INFO  org.testng.internal.Utils [TestNG] Running:
  C:\workspace\Selenium\Opencart\grouping.xml

16:03:55.610 [TestNG-tests-1] INFO  testCases.TC001_AccountRegistrationTest This is a starting test ....
16:03:59.502 [TestNG-tests-1] INFO  testCases.TC001_AccountRegistrationTest Click on the Register ....
16:03:59.560 [TestNG-tests-1] INFO  testCases.TC001_AccountRegistrationTest Providing the information detals....
16:04:01.808 [TestNG-tests-1] INFO  testCases.TC001_AccountRegistrationTest Validating the message...
16:04:01.818 [TestNG-tests-1] INFO  testCases.TC001_AccountRegistrationTest The test cases is End...
16:04:04.149 [TestNG-tests-1] INFO  testCases.TC002_LoginTest Starting the test case....
16:04:04.328 [TestNG-tests-1] INFO  testCases.TC002_LoginTest Clicking on my account...
16:04:05.070 [TestNG-tests-1] INFO  testCases.TC002_LoginTest Sucsesfully providing the email and password....
16:04:06.151 [TestNG-tests-1] INFO  testCases.TC002_LoginTest Ending the test cases....
