23:52:38.250 [main] INFO  org.testng.internal.Utils [Utils] MethodGroupsHelper.collectMethodsByGroup() took 7 ms.
23:52:38.284 [main] INFO  org.testng.internal.Utils [Utils] MethodGroupsHelper.sortMethods() took 21 ms.
23:52:38.286 [main] INFO  org.testng.internal.Utils [Utils] MethodGroupsHelper.collectMethodsByGroup() took 0 ms.
23:52:38.288 [main] INFO  org.testng.internal.Utils [Utils] MethodGroupsHelper.sortMethods() took 0 ms.
23:52:38.289 [main] INFO  org.testng.internal.Utils [Utils] MethodGroupsHelper.collectMethodsByGroup() took 0 ms.
23:52:38.289 [main] INFO  org.testng.internal.Utils [Utils] MethodGroupsHelper.sortMethods() took 0 ms.
23:52:38.290 [main] INFO  org.testng.internal.Utils [Utils] MethodGroupsHelper.collectMethodsByGroup() took 0 ms.
23:52:38.290 [main] INFO  org.testng.internal.Utils [Utils] MethodGroupsHelper.sortMethods() took 0 ms.
23:52:38.294 [main] INFO  org.testng.internal.Utils [Utils] MethodGroupsHelper.collectMethodsByGroup() took 0 ms.
23:52:38.294 [main] INFO  org.testng.internal.Utils [Utils] MethodGroupsHelper.sortMethods() took 0 ms.
23:52:38.295 [main] INFO  org.testng.internal.Utils [Utils] MethodGroupsHelper.collectMethodsByGroup() took 0 ms.
23:52:38.295 [main] INFO  org.testng.internal.Utils [Utils] MethodGroupsHelper.sortMethods() took 0 ms.
23:52:38.299 [main] INFO  org.testng.internal.Utils [Utils] MethodGroupsHelper.collectMethodsByGroup() took 0 ms.
23:52:38.299 [main] INFO  org.testng.internal.Utils [Utils] MethodGroupsHelper.sortMethods() took 0 ms.
23:52:38.299 [main] INFO  org.testng.internal.Utils [Utils] MethodGroupsHelper.collectMethodsByGroup() took 0 ms.
23:52:38.300 [main] INFO  org.testng.internal.Utils [Utils] MethodGroupsHelper.sortMethods() took 0 ms.
23:52:38.301 [main] INFO  org.testng.internal.Utils [Utils] MethodGroupsHelper.collectMethodsByGroup() took 0 ms.
23:52:38.302 [main] INFO  org.testng.internal.Utils [Utils] MethodGroupsHelper.sortMethods() took 0 ms.
23:52:38.304 [main] INFO  org.testng.internal.Utils [Utils] MethodGroupsHelper.collectMethodsByGroup() took 0 ms.
23:52:38.304 [main] INFO  org.testng.internal.Utils [Utils] MethodGroupsHelper.sortMethods() took 0 ms.
23:52:38.306 [main] INFO  org.testng.internal.Utils [Utils] MethodGroupsHelper.collectMethodsByGroup() took 0 ms.
23:52:38.306 [main] INFO  org.testng.internal.Utils [Utils] MethodGroupsHelper.sortMethods() took 0 ms.
23:52:38.317 [main] INFO  org.testng.internal.Utils [TestNG] Running:
  C:\Users\swapn\AppData\Local\Temp\testng-eclipse--1486696396\testng-customsuite.xml

23:52:38.341 [main] INFO  org.testng.internal.Utils [Utils] DynamicGraphHelper.createDynamicGraph() took 4 ms.
23:52:38.609 [main] INFO  org.testng.internal.Utils [TestNG] Time taken by org.testng.reporters.jq.Main@3546d80f: 112 ms
23:52:38.641 [main] INFO  org.testng.internal.Utils [TestNG] Time taken by org.testng.reporters.FailedReporter@56b78e55: 32 ms
23:52:38.666 [main] INFO  org.testng.internal.Utils [TestNG] Time taken by org.testng.reporters.XMLReporter@5ca17ab0: 25 ms
23:52:38.691 [main] INFO  org.testng.internal.Utils [TestNG] Time taken by org.testng.reporters.EmailableReporter2@c00fff0: 25 ms
23:52:38.706 [main] INFO  org.testng.internal.Utils [TestNG] Time taken by org.testng.reporters.JUnitReportReporter@35038141: 15 ms
23:52:38.706 [main] INFO  org.testng.internal.Utils [TestNG] Time taken by org.testng.internal.ExitCodeListener@ecf9049: 0 ms
00:01:13.187 [main] DEBUG org.testng.TestNG suiteXmlPath: "C:\workspace\Selenium\Opencart\master.xml"
00:01:14.052 [main] INFO  org.testng.internal.Utils [TestNG] Running:
  C:\workspace\Selenium\Opencart\master.xml

00:01:21.314 [main] INFO  testCases.TC001_AccountRegistrationTest This is a starting test ....
00:01:25.510 [main] INFO  testCases.TC001_AccountRegistrationTest Click on the Register ....
00:01:25.781 [main] INFO  testCases.TC001_AccountRegistrationTest Providing the information detals....
00:01:37.118 [main] INFO  testCases.TC001_AccountRegistrationTest Validating the message...
00:01:37.166 [main] INFO  testCases.TC001_AccountRegistrationTest The test cases is End...
00:02:03.772 [main] DEBUG org.testng.TestNG suiteXmlPath: "C:\workspace\Selenium\Opencart\master.xml"
00:02:05.403 [main] INFO  org.testng.internal.Utils [TestNG] Running:
  C:\workspace\Selenium\Opencart\master.xml

00:02:10.366 [main] INFO  testCases.TC001_AccountRegistrationTest This is a starting test ....
00:02:14.828 [main] INFO  testCases.TC001_AccountRegistrationTest Click on the Register ....
00:02:15.259 [main] INFO  testCases.TC001_AccountRegistrationTest Providing the information detals....
00:04:51.772 [main] DEBUG org.testng.TestNG suiteXmlPath: "C:\workspace\Selenium\Opencart\master.xml"
00:04:53.180 [main] INFO  org.testng.internal.Utils [TestNG] Running:
  C:\workspace\Selenium\Opencart\master.xml

00:04:57.572 [main] INFO  testCases.TC001_AccountRegistrationTest This is a starting test ....
00:05:01.521 [main] INFO  testCases.TC001_AccountRegistrationTest Click on the Register ....
00:05:02.476 [main] INFO  testCases.TC001_AccountRegistrationTest Providing the information detals....
00:12:50.715 [main] DEBUG org.testng.TestNG suiteXmlPath: "C:\workspace\Selenium\Opencart\master.xml"
00:12:51.638 [main] INFO  org.testng.internal.Utils [TestNG] Running:
  C:\workspace\Selenium\Opencart\master.xml

00:12:57.124 [main] INFO  testCases.TC001_AccountRegistrationTest This is a starting test ....
00:13:01.659 [main] INFO  testCases.TC001_AccountRegistrationTest Click on the Register ....
00:13:01.685 [main] INFO  testCases.TC001_AccountRegistrationTest Providing the information detals....
00:13:04.433 [main] INFO  testCases.TC001_AccountRegistrationTest Validating the message...
00:13:04.440 [main] INFO  testCases.TC001_AccountRegistrationTest The test cases is End...
00:14:12.268 [main] DEBUG org.testng.TestNG suiteXmlPath: "C:\workspace\Selenium\Opencart\master.xml"
00:14:13.149 [main] INFO  org.testng.internal.Utils [TestNG] Running:
  C:\workspace\Selenium\Opencart\master.xml

00:14:17.100 [main] INFO  testCases.TC001_AccountRegistrationTest This is a starting test ....
00:14:21.761 [main] INFO  testCases.TC001_AccountRegistrationTest Click on the Register ....
00:14:25.734 [main] INFO  testCases.TC001_AccountRegistrationTest Providing the information detals....
00:14:28.542 [main] INFO  testCases.TC001_AccountRegistrationTest Validating the message...
00:14:28.555 [main] INFO  testCases.TC001_AccountRegistrationTest The test cases is End...
00:34:29.589 [main] DEBUG org.testng.TestNG suiteXmlPath: "C:\workspace\Selenium\Opencart\master.xml"
00:34:30.417 [main] INFO  org.testng.internal.Utils [TestNG] Running:
  C:\workspace\Selenium\Opencart\master.xml

01:00:13.039 [main] DEBUG org.testng.TestNG suiteXmlPath: "C:\workspace\Selenium\Opencart\grouping.xml"
01:00:13.751 [main] INFO  org.testng.internal.Utils [TestNG] Running:
  C:\workspace\Selenium\Opencart\grouping.xml

01:00:18.144 [main] INFO  testCases.TC001_AccountRegistrationTest This is a starting test ....
01:00:21.894 [main] INFO  testCases.TC001_AccountRegistrationTest Click on the Register ....
01:00:21.919 [main] INFO  testCases.TC001_AccountRegistrationTest Providing the information detals....
01:00:23.976 [main] INFO  testCases.TC001_AccountRegistrationTest Validating the message...
01:00:23.979 [main] INFO  testCases.TC001_AccountRegistrationTest The test cases is End...
01:00:25.857 [main] INFO  org.openqa.selenium.chrome.ChromeDriver Starting the test case....
01:00:25.951 [main] INFO  org.openqa.selenium.chrome.ChromeDriver Clicking on my account...
01:00:26.503 [main] INFO  org.openqa.selenium.chrome.ChromeDriver Sucsesfully providing the email and password....
01:00:27.532 [main] INFO  org.openqa.selenium.chrome.ChromeDriver Ending the test cases....
01:02:38.221 [main] DEBUG org.testng.TestNG suiteXmlPath: "C:\workspace\Selenium\Opencart\grouping.xml"
01:02:39.237 [main] INFO  org.testng.internal.Utils [TestNG] Running:
  C:\workspace\Selenium\Opencart\grouping.xml

01:02:44.855 [main] INFO  testCases.TC001_AccountRegistrationTest This is a starting test ....
01:02:49.348 [main] INFO  testCases.TC001_AccountRegistrationTest Click on the Register ....
01:02:49.369 [main] INFO  testCases.TC001_AccountRegistrationTest Providing the information detals....
01:02:51.370 [main] INFO  testCases.TC001_AccountRegistrationTest Validating the message...
01:02:51.374 [main] INFO  testCases.TC001_AccountRegistrationTest The test cases is End...
01:02:53.549 [main] INFO  org.openqa.selenium.chrome.ChromeDriver Starting the test case....
01:02:53.680 [main] INFO  org.openqa.selenium.chrome.ChromeDriver Clicking on my account...
01:02:54.233 [main] INFO  org.openqa.selenium.chrome.ChromeDriver Sucsesfully providing the email and password....
01:02:55.176 [main] INFO  org.openqa.selenium.chrome.ChromeDriver Ending the test cases....
01:06:21.064 [main] DEBUG org.testng.TestNG suiteXmlPath: "C:\Users\swapn\AppData\Local\Temp\testng-eclipse-1474643604\testng-customsuite.xml"
01:06:21.678 [main] INFO  org.testng.internal.Utils [Utils] MethodGroupsHelper.collectMethodsByGroup() took 1 ms.
01:06:21.679 [main] INFO  org.testng.internal.Utils [Utils] MethodGroupsHelper.sortMethods() took 0 ms.
01:06:21.680 [main] INFO  org.testng.internal.Utils [Utils] MethodGroupsHelper.collectMethodsByGroup() took 0 ms.
01:06:21.681 [main] INFO  org.testng.internal.Utils [Utils] MethodGroupsHelper.sortMethods() took 0 ms.
01:06:21.681 [main] INFO  org.testng.internal.Utils [Utils] MethodGroupsHelper.collectMethodsByGroup() took 0 ms.
01:06:21.681 [main] INFO  org.testng.internal.Utils [Utils] MethodGroupsHelper.sortMethods() took 0 ms.
01:06:21.681 [main] INFO  org.testng.internal.Utils [Utils] MethodGroupsHelper.collectMethodsByGroup() took 0 ms.
01:06:21.681 [main] INFO  org.testng.internal.Utils [Utils] MethodGroupsHelper.sortMethods() took 0 ms.
01:06:21.698 [main] INFO  org.testng.internal.Utils [Utils] MethodGroupsHelper.collectMethodsByGroup() took 15 ms.
01:06:21.711 [main] INFO  org.testng.internal.Utils [Utils] MethodGroupsHelper.sortMethods() took 13 ms.
01:06:21.712 [main] INFO  org.testng.internal.Utils [Utils] MethodGroupsHelper.collectMethodsByGroup() took 0 ms.
01:06:21.712 [main] INFO  org.testng.internal.Utils [Utils] MethodGroupsHelper.sortMethods() took 0 ms.
01:06:21.712 [main] INFO  org.testng.internal.Utils [Utils] MethodGroupsHelper.collectMethodsByGroup() took 0 ms.
01:06:21.712 [main] INFO  org.testng.internal.Utils [Utils] MethodGroupsHelper.sortMethods() took 0 ms.
01:06:21.712 [main] INFO  org.testng.internal.Utils [Utils] MethodGroupsHelper.collectMethodsByGroup() took 0 ms.
01:06:21.712 [main] INFO  org.testng.internal.Utils [Utils] MethodGroupsHelper.sortMethods() took 0 ms.
01:06:21.713 [main] INFO  org.testng.internal.Utils [Utils] MethodGroupsHelper.collectMethodsByGroup() took 0 ms.
01:06:21.713 [main] INFO  org.testng.internal.Utils [Utils] MethodGroupsHelper.sortMethods() took 0 ms.
01:06:21.714 [main] INFO  org.testng.internal.Utils [Utils] MethodGroupsHelper.collectMethodsByGroup() took 0 ms.
01:06:21.714 [main] INFO  org.testng.internal.Utils [Utils] MethodGroupsHelper.sortMethods() took 0 ms.
01:06:21.718 [main] INFO  org.testng.internal.Utils [Utils] MethodGroupsHelper.collectMethodsByGroup() took 0 ms.
01:06:21.718 [main] INFO  org.testng.internal.Utils [Utils] MethodGroupsHelper.sortMethods() took 0 ms.
01:06:21.718 [main] INFO  org.testng.internal.Utils [Utils] MethodGroupsHelper.collectMethodsByGroup() took 0 ms.
01:06:21.718 [main] INFO  org.testng.internal.Utils [Utils] MethodGroupsHelper.sortMethods() took 0 ms.
01:06:21.719 [main] INFO  org.testng.internal.Utils [Utils] MethodGroupsHelper.collectMethodsByGroup() took 0 ms.
01:06:21.720 [main] INFO  org.testng.internal.Utils [Utils] MethodGroupsHelper.sortMethods() took 0 ms.
01:06:21.722 [main] INFO  org.testng.internal.Utils [Utils] MethodGroupsHelper.collectMethodsByGroup() took 0 ms.
01:06:21.722 [main] INFO  org.testng.internal.Utils [Utils] MethodGroupsHelper.sortMethods() took 0 ms.
01:06:21.722 [main] INFO  org.testng.internal.Utils [Utils] MethodGroupsHelper.collectMethodsByGroup() took 0 ms.
01:06:21.722 [main] INFO  org.testng.internal.Utils [Utils] MethodGroupsHelper.sortMethods() took 0 ms.
01:06:21.733 [main] INFO  org.testng.internal.Utils [TestNG] Running:
  C:\Users\swapn\AppData\Local\Temp\testng-eclipse-1474643604\testng-customsuite.xml

01:06:21.762 [main] INFO  org.testng.internal.Utils [Utils] DynamicGraphHelper.createDynamicGraph() took 5 ms.
01:06:24.673 [main] INFO  org.openqa.selenium.chrome.ChromeDriver Starting the test case....
01:06:24.816 [main] INFO  org.openqa.selenium.chrome.ChromeDriver Clicking on my account...
01:06:25.299 [main] INFO  org.openqa.selenium.chrome.ChromeDriver Sucsesfully providing the email and password....
01:06:26.267 [main] INFO  org.openqa.selenium.chrome.ChromeDriver Ending the test cases....
01:06:26.497 [main] INFO  org.testng.internal.Utils [TestNG] Time taken by org.testng.reporters.jq.Main@60737b23: 106 ms
01:06:26.498 [main] INFO  org.testng.internal.Utils [TestNG] Time taken by org.testng.reporters.FailedReporter@23811a09: 1 ms
01:06:26.508 [main] INFO  org.testng.internal.Utils [TestNG] Time taken by org.testng.reporters.XMLReporter@1f51431: 10 ms
01:06:26.515 [main] INFO  org.testng.internal.Utils [TestNG] Time taken by org.testng.reporters.EmailableReporter2@3cec79d3: 7 ms
01:06:26.527 [main] INFO  org.testng.internal.Utils [TestNG] Time taken by org.testng.reporters.JUnitReportReporter@1d61c6dc: 10 ms
01:06:26.527 [main] INFO  org.testng.internal.Utils [TestNG] Time taken by org.testng.internal.ExitCodeListener@53c68ce: 0 ms
01:07:59.200 [main] DEBUG org.testng.TestNG suiteXmlPath: "C:\workspace\Selenium\Opencart\grouping.xml"
01:08:00.543 [main] INFO  org.testng.internal.Utils [TestNG] Running:
  C:\workspace\Selenium\Opencart\grouping.xml

01:08:05.178 [main] INFO  testCases.TC001_AccountRegistrationTest This is a starting test ....
01:08:08.718 [main] INFO  testCases.TC001_AccountRegistrationTest Click on the Register ....
01:08:08.925 [main] INFO  testCases.TC001_AccountRegistrationTest Providing the information detals....
01:08:10.603 [main] INFO  testCases.TC001_AccountRegistrationTest Validating the message...
01:08:10.606 [main] INFO  testCases.TC001_AccountRegistrationTest The test cases is End...
01:08:12.401 [main] INFO  org.openqa.selenium.chrome.ChromeDriver Starting the test case....
01:08:12.484 [main] INFO  org.openqa.selenium.chrome.ChromeDriver Clicking on my account...
01:08:12.913 [main] INFO  org.openqa.selenium.chrome.ChromeDriver Sucsesfully providing the email and password....
01:08:13.771 [main] INFO  org.openqa.selenium.chrome.ChromeDriver Ending the test cases....
01:09:27.242 [main] DEBUG org.testng.TestNG suiteXmlPath: "C:\workspace\Selenium\Opencart\grouping.xml"
01:09:28.080 [main] INFO  org.testng.internal.Utils [TestNG] Running:
  C:\workspace\Selenium\Opencart\grouping.xml

01:09:31.648 [main] INFO  testCases.TC001_AccountRegistrationTest This is a starting test ....
01:09:35.557 [main] INFO  testCases.TC001_AccountRegistrationTest Click on the Register ....
01:09:35.574 [main] INFO  testCases.TC001_AccountRegistrationTest Providing the information detals....
01:09:37.223 [main] INFO  testCases.TC001_AccountRegistrationTest Validating the message...
01:09:37.223 [main] INFO  testCases.TC001_AccountRegistrationTest The test cases is End...
01:09:39.134 [main] INFO  org.openqa.selenium.chrome.ChromeDriver Starting the test case....
01:09:39.224 [main] INFO  org.openqa.selenium.chrome.ChromeDriver Clicking on my account...
01:09:39.696 [main] INFO  org.openqa.selenium.chrome.ChromeDriver Sucsesfully providing the email and password....
01:09:40.582 [main] INFO  org.openqa.selenium.chrome.ChromeDriver Ending the test cases....
01:10:26.252 [main] DEBUG org.testng.TestNG suiteXmlPath: "C:\workspace\Selenium\Opencart\grouping.xml"
01:10:27.343 [main] INFO  org.testng.internal.Utils [TestNG] Running:
  C:\workspace\Selenium\Opencart\grouping.xml

01:10:34.747 [main] INFO  testCases.TC001_AccountRegistrationTest This is a starting test ....
01:10:38.799 [main] INFO  testCases.TC001_AccountRegistrationTest Click on the Register ....
01:10:38.853 [main] INFO  testCases.TC001_AccountRegistrationTest Providing the information detals....
01:10:41.475 [main] INFO  testCases.TC001_AccountRegistrationTest Validating the message...
01:10:41.482 [main] INFO  testCases.TC001_AccountRegistrationTest The test cases is End...
01:10:43.665 [main] INFO  org.openqa.selenium.chrome.ChromeDriver Starting the test case....
01:10:43.791 [main] INFO  org.openqa.selenium.chrome.ChromeDriver Clicking on my account...
01:10:44.498 [main] INFO  org.openqa.selenium.chrome.ChromeDriver Sucsesfully providing the email and password....
01:10:45.704 [main] INFO  org.openqa.selenium.chrome.ChromeDriver Ending the test cases....
01:14:53.007 [main] DEBUG org.testng.TestNG suiteXmlPath: "C:\workspace\Selenium\Opencart\grouping.xml"
01:14:54.342 [main] INFO  org.testng.internal.Utils [TestNG] Running:
  C:\workspace\Selenium\Opencart\grouping.xml

01:14:58.659 [main] INFO  testCases.TC001_AccountRegistrationTest This is a starting test ....
01:15:02.132 [main] INFO  testCases.TC001_AccountRegistrationTest Click on the Register ....
01:15:02.178 [main] INFO  testCases.TC001_AccountRegistrationTest Providing the information detals....
01:15:07.547 [main] INFO  testCases.TC001_AccountRegistrationTest Validating the message...
01:15:07.559 [main] INFO  testCases.TC001_AccountRegistrationTest The test cases is End...
01:15:11.808 [main] INFO  org.openqa.selenium.chrome.ChromeDriver Starting the test case....
01:15:12.270 [main] INFO  org.openqa.selenium.chrome.ChromeDriver Clicking on my account...
01:15:13.829 [main] INFO  org.openqa.selenium.chrome.ChromeDriver Sucsesfully providing the email and password....
01:15:14.824 [main] INFO  org.openqa.selenium.chrome.ChromeDriver Ending the test cases....
01:17:06.509 [main] DEBUG org.testng.TestNG suiteXmlPath: "C:\Users\swapn\AppData\Local\Temp\testng-eclipse--1700168047\testng-customsuite.xml"
01:17:07.368 [main] INFO  org.testng.internal.Utils [Utils] MethodGroupsHelper.collectMethodsByGroup() took 1 ms.
01:17:07.382 [main] INFO  org.testng.internal.Utils [Utils] MethodGroupsHelper.sortMethods() took 14 ms.
01:17:07.388 [main] INFO  org.testng.internal.Utils [Utils] MethodGroupsHelper.collectMethodsByGroup() took 0 ms.
01:17:07.388 [main] INFO  org.testng.internal.Utils [Utils] MethodGroupsHelper.sortMethods() took 0 ms.
01:17:07.390 [main] INFO  org.testng.internal.Utils [Utils] MethodGroupsHelper.collectMethodsByGroup() took 0 ms.
01:17:07.390 [main] INFO  org.testng.internal.Utils [Utils] MethodGroupsHelper.sortMethods() took 0 ms.
01:17:07.390 [main] INFO  org.testng.internal.Utils [Utils] MethodGroupsHelper.collectMethodsByGroup() took 0 ms.
01:17:07.390 [main] INFO  org.testng.internal.Utils [Utils] MethodGroupsHelper.sortMethods() took 0 ms.
01:17:07.399 [main] INFO  org.testng.internal.Utils [Utils] MethodGroupsHelper.collectMethodsByGroup() took 7 ms.
01:17:07.420 [main] INFO  org.testng.internal.Utils [Utils] MethodGroupsHelper.sortMethods() took 21 ms.
01:17:07.421 [main] INFO  org.testng.internal.Utils [Utils] MethodGroupsHelper.collectMethodsByGroup() took 0 ms.
01:17:07.422 [main] INFO  org.testng.internal.Utils [Utils] MethodGroupsHelper.sortMethods() took 0 ms.
01:17:07.422 [main] INFO  org.testng.internal.Utils [Utils] MethodGroupsHelper.collectMethodsByGroup() took 0 ms.
01:17:07.422 [main] INFO  org.testng.internal.Utils [Utils] MethodGroupsHelper.sortMethods() took 0 ms.
01:17:07.423 [main] INFO  org.testng.internal.Utils [Utils] MethodGroupsHelper.collectMethodsByGroup() took 0 ms.
01:17:07.423 [main] INFO  org.testng.internal.Utils [Utils] MethodGroupsHelper.sortMethods() took 0 ms.
01:17:07.423 [main] INFO  org.testng.internal.Utils [Utils] MethodGroupsHelper.collectMethodsByGroup() took 0 ms.
01:17:07.424 [main] INFO  org.testng.internal.Utils [Utils] MethodGroupsHelper.sortMethods() took 0 ms.
01:17:07.424 [main] INFO  org.testng.internal.Utils [Utils] MethodGroupsHelper.collectMethodsByGroup() took 0 ms.
01:17:07.424 [main] INFO  org.testng.internal.Utils [Utils] MethodGroupsHelper.sortMethods() took 0 ms.
01:17:07.426 [main] INFO  org.testng.internal.Utils [Utils] MethodGroupsHelper.collectMethodsByGroup() took 0 ms.
01:17:07.426 [main] INFO  org.testng.internal.Utils [Utils] MethodGroupsHelper.sortMethods() took 0 ms.
01:17:07.426 [main] INFO  org.testng.internal.Utils [Utils] MethodGroupsHelper.collectMethodsByGroup() took 0 ms.
01:17:07.427 [main] INFO  org.testng.internal.Utils [Utils] MethodGroupsHelper.sortMethods() took 0 ms.
01:17:07.428 [main] INFO  org.testng.internal.Utils [Utils] MethodGroupsHelper.collectMethodsByGroup() took 1 ms.
01:17:07.428 [main] INFO  org.testng.internal.Utils [Utils] MethodGroupsHelper.sortMethods() took 0 ms.
01:17:07.430 [main] INFO  org.testng.internal.Utils [Utils] MethodGroupsHelper.collectMethodsByGroup() took 0 ms.
01:17:07.430 [main] INFO  org.testng.internal.Utils [Utils] MethodGroupsHelper.sortMethods() took 0 ms.
01:17:07.430 [main] INFO  org.testng.internal.Utils [Utils] MethodGroupsHelper.collectMethodsByGroup() took 0 ms.
01:17:07.430 [main] INFO  org.testng.internal.Utils [Utils] MethodGroupsHelper.sortMethods() took 0 ms.
01:17:07.440 [main] INFO  org.testng.internal.Utils [TestNG] Running:
  C:\Users\swapn\AppData\Local\Temp\testng-eclipse--1700168047\testng-customsuite.xml

01:17:07.460 [main] INFO  org.testng.internal.Utils [Utils] DynamicGraphHelper.createDynamicGraph() took 4 ms.
01:17:15.939 [main] INFO  org.openqa.selenium.chrome.ChromeDriver Starting the test case....
01:17:16.230 [main] INFO  org.openqa.selenium.chrome.ChromeDriver Clicking on my account...
01:17:17.223 [main] INFO  org.openqa.selenium.chrome.ChromeDriver Sucsesfully providing the email and password....
01:17:18.357 [main] INFO  org.openqa.selenium.chrome.ChromeDriver Ending the test cases....
01:17:18.936 [main] INFO  org.testng.internal.Utils [TestNG] Time taken by org.testng.reporters.jq.Main@4b869331: 157 ms
01:17:18.941 [main] INFO  org.testng.internal.Utils [TestNG] Time taken by org.testng.reporters.FailedReporter@7a93b263: 5 ms
01:17:18.956 [main] INFO  org.testng.internal.Utils [TestNG] Time taken by org.testng.reporters.XMLReporter@33db72bd: 15 ms
01:17:18.964 [main] INFO  org.testng.internal.Utils [TestNG] Time taken by org.testng.reporters.EmailableReporter2@3971f0fe: 4 ms
01:17:18.996 [main] INFO  org.testng.internal.Utils [TestNG] Time taken by org.testng.reporters.JUnitReportReporter@54d901aa: 32 ms
01:17:18.998 [main] INFO  org.testng.internal.Utils [TestNG] Time taken by org.testng.internal.ExitCodeListener@63716833: 0 ms
01:17:57.107 [main] DEBUG org.testng.TestNG suiteXmlPath: "C:\Users\swapn\AppData\Local\Temp\testng-eclipse-1426332688\testng-customsuite.xml"
01:17:57.687 [main] INFO  org.testng.internal.Utils [Utils] MethodGroupsHelper.collectMethodsByGroup() took 1 ms.
01:17:57.696 [main] INFO  org.testng.internal.Utils [Utils] MethodGroupsHelper.sortMethods() took 9 ms.
01:17:57.701 [main] INFO  org.testng.internal.Utils [Utils] MethodGroupsHelper.collectMethodsByGroup() took 0 ms.
01:17:57.701 [main] INFO  org.testng.internal.Utils [Utils] MethodGroupsHelper.sortMethods() took 0 ms.
01:17:57.703 [main] INFO  org.testng.internal.Utils [Utils] MethodGroupsHelper.collectMethodsByGroup() took 0 ms.
01:17:57.703 [main] INFO  org.testng.internal.Utils [Utils] MethodGroupsHelper.sortMethods() took 0 ms.
01:17:57.704 [main] INFO  org.testng.internal.Utils [Utils] MethodGroupsHelper.collectMethodsByGroup() took 0 ms.
01:17:57.704 [main] INFO  org.testng.internal.Utils [Utils] MethodGroupsHelper.sortMethods() took 0 ms.
01:17:57.711 [main] INFO  org.testng.internal.Utils [Utils] MethodGroupsHelper.collectMethodsByGroup() took 5 ms.
01:17:57.739 [main] INFO  org.testng.internal.Utils [Utils] MethodGroupsHelper.sortMethods() took 27 ms.
01:17:57.741 [main] INFO  org.testng.internal.Utils [Utils] MethodGroupsHelper.collectMethodsByGroup() took 0 ms.
01:17:57.741 [main] INFO  org.testng.internal.Utils [Utils] MethodGroupsHelper.sortMethods() took 0 ms.
01:17:57.743 [main] INFO  org.testng.internal.Utils [Utils] MethodGroupsHelper.collectMethodsByGroup() took 0 ms.
01:17:57.743 [main] INFO  org.testng.internal.Utils [Utils] MethodGroupsHelper.sortMethods() took 0 ms.
01:17:57.743 [main] INFO  org.testng.internal.Utils [Utils] MethodGroupsHelper.collectMethodsByGroup() took 0 ms.
01:17:57.743 [main] INFO  org.testng.internal.Utils [Utils] MethodGroupsHelper.sortMethods() took 0 ms.
01:17:57.745 [main] INFO  org.testng.internal.Utils [Utils] MethodGroupsHelper.collectMethodsByGroup() took 0 ms.
01:17:57.745 [main] INFO  org.testng.internal.Utils [Utils] MethodGroupsHelper.sortMethods() took 0 ms.
01:17:57.746 [main] INFO  org.testng.internal.Utils [Utils] MethodGroupsHelper.collectMethodsByGroup() took 0 ms.
01:17:57.747 [main] INFO  org.testng.internal.Utils [Utils] MethodGroupsHelper.sortMethods() took 0 ms.
01:17:57.750 [main] INFO  org.testng.internal.Utils [Utils] MethodGroupsHelper.collectMethodsByGroup() took 0 ms.
01:17:57.750 [main] INFO  org.testng.internal.Utils [Utils] MethodGroupsHelper.sortMethods() took 0 ms.
01:17:57.752 [main] INFO  org.testng.internal.Utils [Utils] MethodGroupsHelper.collectMethodsByGroup() took 0 ms.
01:17:57.752 [main] INFO  org.testng.internal.Utils [Utils] MethodGroupsHelper.sortMethods() took 0 ms.
01:17:57.754 [main] INFO  org.testng.internal.Utils [Utils] MethodGroupsHelper.collectMethodsByGroup() took 0 ms.
01:17:57.754 [main] INFO  org.testng.internal.Utils [Utils] MethodGroupsHelper.sortMethods() took 0 ms.
01:17:57.756 [main] INFO  org.testng.internal.Utils [Utils] MethodGroupsHelper.collectMethodsByGroup() took 0 ms.
01:17:57.757 [main] INFO  org.testng.internal.Utils [Utils] MethodGroupsHelper.sortMethods() took 0 ms.
01:17:57.757 [main] INFO  org.testng.internal.Utils [Utils] MethodGroupsHelper.collectMethodsByGroup() took 0 ms.
01:17:57.757 [main] INFO  org.testng.internal.Utils [Utils] MethodGroupsHelper.sortMethods() took 0 ms.
01:17:57.768 [main] INFO  org.testng.internal.Utils [TestNG] Running:
  C:\Users\swapn\AppData\Local\Temp\testng-eclipse-1426332688\testng-customsuite.xml

01:17:57.795 [main] INFO  org.testng.internal.Utils [Utils] DynamicGraphHelper.createDynamicGraph() took 4 ms.
01:18:03.736 [main] INFO  org.openqa.selenium.chrome.ChromeDriver Starting the test case....
01:18:03.981 [main] INFO  org.openqa.selenium.chrome.ChromeDriver Clicking on my account...
01:18:05.368 [main] INFO  org.openqa.selenium.chrome.ChromeDriver Sucsesfully providing the email and password....
01:18:06.628 [main] INFO  org.openqa.selenium.chrome.ChromeDriver Ending the test cases....
01:18:07.576 [main] INFO  org.testng.internal.Utils [TestNG] Time taken by org.testng.reporters.jq.Main@7c6189d5: 160 ms
01:18:07.578 [main] INFO  org.testng.internal.Utils [TestNG] Time taken by org.testng.reporters.FailedReporter@2875b016: 2 ms
01:18:07.601 [main] INFO  org.testng.internal.Utils [TestNG] Time taken by org.testng.reporters.XMLReporter@2216effc: 23 ms
01:18:07.616 [main] INFO  org.testng.internal.Utils [TestNG] Time taken by org.testng.reporters.EmailableReporter2@50a691d3: 15 ms
01:18:07.628 [main] INFO  org.testng.internal.Utils [TestNG] Time taken by org.testng.reporters.JUnitReportReporter@99407c2: 12 ms
01:18:07.628 [main] INFO  org.testng.internal.Utils [TestNG] Time taken by org.testng.internal.ExitCodeListener@6c796cc1: 0 ms
01:19:56.054 [main] DEBUG org.testng.TestNG suiteXmlPath: "C:\Users\swapn\AppData\Local\Temp\testng-eclipse-795313843\testng-customsuite.xml"
01:19:56.860 [main] INFO  org.testng.internal.Utils [Utils] MethodGroupsHelper.collectMethodsByGroup() took 1 ms.
01:19:56.872 [main] INFO  org.testng.internal.Utils [Utils] MethodGroupsHelper.sortMethods() took 11 ms.
01:19:56.875 [main] INFO  org.testng.internal.Utils [Utils] MethodGroupsHelper.collectMethodsByGroup() took 0 ms.
01:19:56.876 [main] INFO  org.testng.internal.Utils [Utils] MethodGroupsHelper.sortMethods() took 0 ms.
01:19:56.876 [main] INFO  org.testng.internal.Utils [Utils] MethodGroupsHelper.collectMethodsByGroup() took 0 ms.
01:19:56.877 [main] INFO  org.testng.internal.Utils [Utils] MethodGroupsHelper.sortMethods() took 0 ms.
01:19:56.877 [main] INFO  org.testng.internal.Utils [Utils] MethodGroupsHelper.collectMethodsByGroup() took 0 ms.
01:19:56.878 [main] INFO  org.testng.internal.Utils [Utils] MethodGroupsHelper.sortMethods() took 0 ms.
01:19:56.885 [main] INFO  org.testng.internal.Utils [Utils] MethodGroupsHelper.collectMethodsByGroup() took 4 ms.
01:19:56.914 [main] INFO  org.testng.internal.Utils [Utils] MethodGroupsHelper.sortMethods() took 27 ms.
01:19:56.916 [main] INFO  org.testng.internal.Utils [Utils] MethodGroupsHelper.collectMethodsByGroup() took 0 ms.
01:19:56.917 [main] INFO  org.testng.internal.Utils [Utils] MethodGroupsHelper.sortMethods() took 0 ms.
01:19:56.918 [main] INFO  org.testng.internal.Utils [Utils] MethodGroupsHelper.collectMethodsByGroup() took 0 ms.
01:19:56.918 [main] INFO  org.testng.internal.Utils [Utils] MethodGroupsHelper.sortMethods() took 0 ms.
01:19:56.919 [main] INFO  org.testng.internal.Utils [Utils] MethodGroupsHelper.collectMethodsByGroup() took 0 ms.
01:19:56.919 [main] INFO  org.testng.internal.Utils [Utils] MethodGroupsHelper.sortMethods() took 0 ms.
01:19:56.922 [main] INFO  org.testng.internal.Utils [Utils] MethodGroupsHelper.collectMethodsByGroup() took 0 ms.
01:19:56.922 [main] INFO  org.testng.internal.Utils [Utils] MethodGroupsHelper.sortMethods() took 0 ms.
01:19:56.922 [main] INFO  org.testng.internal.Utils [Utils] MethodGroupsHelper.collectMethodsByGroup() took 0 ms.
01:19:56.923 [main] INFO  org.testng.internal.Utils [Utils] MethodGroupsHelper.sortMethods() took 0 ms.
01:19:56.926 [main] INFO  org.testng.internal.Utils [Utils] MethodGroupsHelper.collectMethodsByGroup() took 0 ms.
01:19:56.927 [main] INFO  org.testng.internal.Utils [Utils] MethodGroupsHelper.sortMethods() took 0 ms.
01:19:56.927 [main] INFO  org.testng.internal.Utils [Utils] MethodGroupsHelper.collectMethodsByGroup() took 0 ms.
01:19:56.927 [main] INFO  org.testng.internal.Utils [Utils] MethodGroupsHelper.sortMethods() took 0 ms.
01:19:56.929 [main] INFO  org.testng.internal.Utils [Utils] MethodGroupsHelper.collectMethodsByGroup() took 1 ms.
01:19:56.930 [main] INFO  org.testng.internal.Utils [Utils] MethodGroupsHelper.sortMethods() took 0 ms.
01:19:56.931 [main] INFO  org.testng.internal.Utils [Utils] MethodGroupsHelper.collectMethodsByGroup() took 0 ms.
01:19:56.931 [main] INFO  org.testng.internal.Utils [Utils] MethodGroupsHelper.sortMethods() took 0 ms.
01:19:56.932 [main] INFO  org.testng.internal.Utils [Utils] MethodGroupsHelper.collectMethodsByGroup() took 0 ms.
01:19:56.932 [main] INFO  org.testng.internal.Utils [Utils] MethodGroupsHelper.sortMethods() took 0 ms.
01:19:56.943 [main] INFO  org.testng.internal.Utils [TestNG] Running:
  C:\Users\swapn\AppData\Local\Temp\testng-eclipse-795313843\testng-customsuite.xml

01:19:56.966 [main] INFO  org.testng.internal.Utils [Utils] DynamicGraphHelper.createDynamicGraph() took 4 ms.
01:19:57.241 [main] INFO  org.testng.internal.Utils [TestNG] Time taken by org.testng.reporters.jq.Main@3deb2326: 82 ms
01:19:57.262 [main] INFO  org.testng.internal.Utils [TestNG] Time taken by org.testng.reporters.FailedReporter@5ca17ab0: 21 ms
01:19:57.275 [main] INFO  org.testng.internal.Utils [TestNG] Time taken by org.testng.reporters.XMLReporter@c00fff0: 12 ms
01:19:57.283 [main] INFO  org.testng.internal.Utils [TestNG] Time taken by org.testng.reporters.EmailableReporter2@5489c777: 8 ms
01:19:57.296 [main] INFO  org.testng.internal.Utils [TestNG] Time taken by org.testng.reporters.JUnitReportReporter@7a0e1b5e: 13 ms
01:19:57.296 [main] INFO  org.testng.internal.Utils [TestNG] Time taken by org.testng.internal.ExitCodeListener@702ed190: 0 ms
01:20:53.278 [main] DEBUG org.testng.TestNG suiteXmlPath: "C:\workspace\Selenium\Opencart\master.xml"
01:20:54.249 [main] INFO  org.testng.internal.Utils [TestNG] Running:
  C:\workspace\Selenium\Opencart\master.xml

01:21:02.270 [main] INFO  org.openqa.selenium.chrome.ChromeDriver Starting the test case....
01:21:02.504 [main] INFO  org.openqa.selenium.chrome.ChromeDriver Clicking on my account...
01:21:03.851 [main] INFO  org.openqa.selenium.chrome.ChromeDriver Sucsesfully providing the email and password....
01:21:05.654 [main] INFO  org.openqa.selenium.chrome.ChromeDriver Ending the test cases....
01:21:30.782 [main] DEBUG org.testng.TestNG suiteXmlPath: "C:\Users\swapn\AppData\Local\Temp\testng-eclipse-1844694304\testng-customsuite.xml"
01:21:31.639 [main] INFO  org.testng.internal.Utils [Utils] MethodGroupsHelper.collectMethodsByGroup() took 1 ms.
01:21:31.660 [main] INFO  org.testng.internal.Utils [Utils] MethodGroupsHelper.sortMethods() took 15 ms.
01:21:31.665 [main] INFO  org.testng.internal.Utils [Utils] MethodGroupsHelper.collectMethodsByGroup() took 0 ms.
01:21:31.665 [main] INFO  org.testng.internal.Utils [Utils] MethodGroupsHelper.sortMethods() took 0 ms.
01:21:31.666 [main] INFO  org.testng.internal.Utils [Utils] MethodGroupsHelper.collectMethodsByGroup() took 0 ms.
01:21:31.666 [main] INFO  org.testng.internal.Utils [Utils] MethodGroupsHelper.sortMethods() took 0 ms.
01:21:31.667 [main] INFO  org.testng.internal.Utils [Utils] MethodGroupsHelper.collectMethodsByGroup() took 0 ms.
01:21:31.669 [main] INFO  org.testng.internal.Utils [Utils] MethodGroupsHelper.sortMethods() took 0 ms.
01:21:31.685 [main] INFO  org.testng.internal.Utils [Utils] MethodGroupsHelper.collectMethodsByGroup() took 11 ms.
01:21:31.715 [main] INFO  org.testng.internal.Utils [Utils] MethodGroupsHelper.sortMethods() took 30 ms.
01:21:31.716 [main] INFO  org.testng.internal.Utils [Utils] MethodGroupsHelper.collectMethodsByGroup() took 0 ms.
01:21:31.717 [main] INFO  org.testng.internal.Utils [Utils] MethodGroupsHelper.sortMethods() took 1 ms.
01:21:31.718 [main] INFO  org.testng.internal.Utils [Utils] MethodGroupsHelper.collectMethodsByGroup() took 0 ms.
01:21:31.718 [main] INFO  org.testng.internal.Utils [Utils] MethodGroupsHelper.sortMethods() took 0 ms.
01:21:31.720 [main] INFO  org.testng.internal.Utils [Utils] MethodGroupsHelper.collectMethodsByGroup() took 0 ms.
01:21:31.720 [main] INFO  org.testng.internal.Utils [Utils] MethodGroupsHelper.sortMethods() took 0 ms.
01:21:31.722 [main] INFO  org.testng.internal.Utils [Utils] MethodGroupsHelper.collectMethodsByGroup() took 0 ms.
01:21:31.722 [main] INFO  org.testng.internal.Utils [Utils] MethodGroupsHelper.sortMethods() took 0 ms.
01:21:31.723 [main] INFO  org.testng.internal.Utils [Utils] MethodGroupsHelper.collectMethodsByGroup() took 0 ms.
01:21:31.723 [main] INFO  org.testng.internal.Utils [Utils] MethodGroupsHelper.sortMethods() took 0 ms.
01:21:31.726 [main] INFO  org.testng.internal.Utils [Utils] MethodGroupsHelper.collectMethodsByGroup() took 0 ms.
01:21:31.726 [main] INFO  org.testng.internal.Utils [Utils] MethodGroupsHelper.sortMethods() took 0 ms.
01:21:31.726 [main] INFO  org.testng.internal.Utils [Utils] MethodGroupsHelper.collectMethodsByGroup() took 0 ms.
01:21:31.726 [main] INFO  org.testng.internal.Utils [Utils] MethodGroupsHelper.sortMethods() took 0 ms.
01:21:31.727 [main] INFO  org.testng.internal.Utils [Utils] MethodGroupsHelper.collectMethodsByGroup() took 0 ms.
01:21:31.728 [main] INFO  org.testng.internal.Utils [Utils] MethodGroupsHelper.sortMethods() took 0 ms.
01:21:31.729 [main] INFO  org.testng.internal.Utils [Utils] MethodGroupsHelper.collectMethodsByGroup() took 0 ms.
01:21:31.729 [main] INFO  org.testng.internal.Utils [Utils] MethodGroupsHelper.sortMethods() took 0 ms.
01:21:31.730 [main] INFO  org.testng.internal.Utils [Utils] MethodGroupsHelper.collectMethodsByGroup() took 0 ms.
01:21:31.730 [main] INFO  org.testng.internal.Utils [Utils] MethodGroupsHelper.sortMethods() took 0 ms.
01:21:31.743 [main] INFO  org.testng.internal.Utils [TestNG] Running:
  C:\Users\swapn\AppData\Local\Temp\testng-eclipse-1844694304\testng-customsuite.xml

01:21:31.774 [main] INFO  org.testng.internal.Utils [Utils] DynamicGraphHelper.createDynamicGraph() took 6 ms.
01:21:32.035 [main] INFO  org.testng.internal.Utils [TestNG] Time taken by org.testng.reporters.jq.Main@5922ae77: 89 ms
01:21:32.056 [main] INFO  org.testng.internal.Utils [TestNG] Time taken by org.testng.reporters.FailedReporter@486be205: 21 ms
01:21:32.072 [main] INFO  org.testng.internal.Utils [TestNG] Time taken by org.testng.reporters.XMLReporter@10027fc9: 16 ms
01:21:32.082 [main] INFO  org.testng.internal.Utils [TestNG] Time taken by org.testng.reporters.EmailableReporter2@5c77053b: 10 ms
01:21:32.095 [main] INFO  org.testng.internal.Utils [TestNG] Time taken by org.testng.reporters.JUnitReportReporter@aec50a1: 13 ms
01:21:32.096 [main] INFO  org.testng.internal.Utils [TestNG] Time taken by org.testng.internal.ExitCodeListener@2555fff0: 1 ms
01:21:49.389 [main] DEBUG org.testng.TestNG suiteXmlPath: "C:\workspace\Selenium\Opencart\master.xml"
01:21:49.911 [main] INFO  org.testng.internal.Utils [TestNG] Running:
  C:\workspace\Selenium\Opencart\master.xml

01:21:53.532 [main] INFO  org.openqa.selenium.chrome.ChromeDriver Starting the test case....
01:21:53.721 [main] INFO  org.openqa.selenium.chrome.ChromeDriver Clicking on my account...
01:21:54.439 [main] INFO  org.openqa.selenium.chrome.ChromeDriver Sucsesfully providing the email and password....
01:21:55.642 [main] INFO  org.openqa.selenium.chrome.ChromeDriver Ending the test cases....
01:22:06.811 [main] DEBUG org.testng.TestNG suiteXmlPath: "C:\workspace\Selenium\Opencart\grouping.xml"
01:22:07.436 [main] INFO  org.testng.internal.Utils [TestNG] Running:
  C:\workspace\Selenium\Opencart\grouping.xml

01:22:11.201 [main] INFO  testCases.TC001_AccountRegistrationTest This is a starting test ....
01:22:14.816 [main] INFO  testCases.TC001_AccountRegistrationTest Click on the Register ....
01:22:14.904 [main] INFO  testCases.TC001_AccountRegistrationTest Providing the information detals....
01:22:17.116 [main] INFO  testCases.TC001_AccountRegistrationTest Validating the message...
01:22:17.120 [main] INFO  testCases.TC001_AccountRegistrationTest The test cases is End...
01:22:19.399 [main] INFO  org.openqa.selenium.chrome.ChromeDriver Starting the test case....
01:22:19.515 [main] INFO  org.openqa.selenium.chrome.ChromeDriver Clicking on my account...
01:22:20.240 [main] INFO  org.openqa.selenium.chrome.ChromeDriver Sucsesfully providing the email and password....
01:22:21.310 [main] INFO  org.openqa.selenium.chrome.ChromeDriver Ending the test cases....
01:30:46.377 [main] DEBUG org.testng.TestNG suiteXmlPath: "C:\workspace\Selenium\Opencart\grouping.xml"
01:30:47.289 [main] INFO  org.testng.internal.Utils [TestNG] Running:
  C:\workspace\Selenium\Opencart\grouping.xml

01:30:52.570 [main] INFO  testCases.TC001_AccountRegistrationTest This is a starting test ....
01:30:56.356 [main] INFO  testCases.TC001_AccountRegistrationTest Click on the Register ....
01:30:56.421 [main] INFO  testCases.TC001_AccountRegistrationTest Providing the information detals....
01:30:58.947 [main] INFO  testCases.TC001_AccountRegistrationTest Validating the message...
01:30:58.954 [main] INFO  testCases.TC001_AccountRegistrationTest The test cases is End...
01:35:03.808 [main] DEBUG org.testng.TestNG suiteXmlPath: "C:\workspace\Selenium\Opencart\grouping.xml"
01:35:04.766 [main] INFO  org.testng.internal.Utils [TestNG] Running:
  C:\workspace\Selenium\Opencart\grouping.xml

01:35:12.329 [main] INFO  testCases.TC001_AccountRegistrationTest This is a starting test ....
01:35:15.941 [main] INFO  testCases.TC001_AccountRegistrationTest Click on the Register ....
01:35:15.984 [main] INFO  testCases.TC001_AccountRegistrationTest Providing the information detals....
01:35:18.788 [main] INFO  testCases.TC001_AccountRegistrationTest Validating the message...
01:35:18.801 [main] INFO  testCases.TC001_AccountRegistrationTest The test cases is End...
01:36:40.922 [main] DEBUG org.testng.TestNG suiteXmlPath: "C:\workspace\Selenium\Opencart\grouping.xml"
01:36:42.006 [main] INFO  org.testng.internal.Utils [TestNG] Running:
  C:\workspace\Selenium\Opencart\grouping.xml

01:36:45.876 [main] INFO  testCases.TC001_AccountRegistrationTest This is a starting test ....
01:36:49.768 [main] INFO  testCases.TC001_AccountRegistrationTest Click on the Register ....
01:36:49.809 [main] INFO  testCases.TC001_AccountRegistrationTest Providing the information detals....
01:36:51.933 [main] INFO  testCases.TC001_AccountRegistrationTest Validating the message...
01:36:51.945 [main] INFO  testCases.TC001_AccountRegistrationTest The test cases is End...
01:44:14.596 [main] DEBUG org.testng.TestNG suiteXmlPath: "C:\workspace\Selenium\Opencart\grouping.xml"
01:49:28.744 [main] DEBUG org.testng.TestNG suiteXmlPath: "C:\workspace\Selenium\Opencart\grouping.xml"
01:49:30.273 [main] INFO  org.testng.internal.Utils [TestNG] Running:
  C:\workspace\Selenium\Opencart\grouping.xml

01:49:35.770 [main] INFO  testCases.TC001_AccountRegistrationTest This is a starting test ....
01:49:39.726 [main] INFO  testCases.TC001_AccountRegistrationTest Click on the Register ....
01:49:39.776 [main] INFO  testCases.TC001_AccountRegistrationTest Providing the information detals....
01:49:41.828 [main] INFO  testCases.TC001_AccountRegistrationTest Validating the message...
01:49:41.834 [main] INFO  testCases.TC001_AccountRegistrationTest The test cases is End...
01:52:26.062 [main] DEBUG org.testng.TestNG suiteXmlPath: "C:\workspace\Selenium\Opencart\grouping.xml"
01:52:26.931 [main] INFO  org.testng.internal.Utils [TestNG] Running:
  C:\workspace\Selenium\Opencart\grouping.xml

01:52:31.985 [main] INFO  testCases.TC001_AccountRegistrationTest This is a starting test ....
01:52:36.144 [main] INFO  testCases.TC001_AccountRegistrationTest Click on the Register ....
01:52:36.170 [main] INFO  testCases.TC001_AccountRegistrationTest Providing the information detals....
01:52:39.079 [main] INFO  testCases.TC001_AccountRegistrationTest Validating the message...
01:52:39.083 [main] INFO  testCases.TC001_AccountRegistrationTest The test cases is End...
11:26:32.579 [main] DEBUG org.testng.TestNG suiteXmlPath: "C:\workspace\Selenium\Opencart\grouping.xml"
11:26:33.655 [main] INFO  org.testng.internal.Utils [TestNG] Running:
  C:\workspace\Selenium\Opencart\grouping.xml

11:26:40.894 [main] INFO  testCases.TC001_AccountRegistrationTest This is a starting test ....
11:26:44.936 [main] INFO  testCases.TC001_AccountRegistrationTest Click on the Register ....
11:26:44.999 [main] INFO  testCases.TC001_AccountRegistrationTest Providing the information detals....
11:26:47.125 [main] INFO  testCases.TC001_AccountRegistrationTest Validating the message...
11:26:47.131 [main] INFO  testCases.TC001_AccountRegistrationTest The test cases is End...
11:28:57.957 [main] DEBUG org.testng.TestNG suiteXmlPath: "C:\workspace\Selenium\Opencart\grouping.xml"
11:28:58.878 [main] INFO  org.testng.internal.Utils [TestNG] Running:
  C:\workspace\Selenium\Opencart\grouping.xml

11:29:04.285 [main] INFO  testCases.TC001_AccountRegistrationTest This is a starting test ....
11:29:08.499 [main] INFO  testCases.TC001_AccountRegistrationTest Click on the Register ....
11:29:08.546 [main] INFO  testCases.TC001_AccountRegistrationTest Providing the information detals....
11:29:11.194 [main] INFO  testCases.TC001_AccountRegistrationTest Validating the message...
11:29:11.201 [main] INFO  testCases.TC001_AccountRegistrationTest The test cases is End...
11:31:16.566 [main] DEBUG org.testng.TestNG suiteXmlPath: "C:\workspace\Selenium\Opencart\grouping.xml"
11:31:17.539 [main] INFO  org.testng.internal.Utils [TestNG] Running:
  C:\workspace\Selenium\Opencart\grouping.xml

11:31:21.301 [main] INFO  testCases.TC001_AccountRegistrationTest This is a starting test ....
11:31:25.110 [main] INFO  testCases.TC001_AccountRegistrationTest Click on the Register ....
11:31:25.167 [main] INFO  testCases.TC001_AccountRegistrationTest Providing the information detals....
11:31:28.299 [main] INFO  testCases.TC001_AccountRegistrationTest Validating the message...
11:31:28.304 [main] INFO  testCases.TC001_AccountRegistrationTest The test cases is End...
11:31:30.683 [main] INFO  org.openqa.selenium.chrome.ChromeDriver Starting the test case....
11:31:30.901 [main] INFO  org.openqa.selenium.chrome.ChromeDriver Clicking on my account...
11:31:31.486 [main] INFO  org.openqa.selenium.chrome.ChromeDriver Sucsesfully providing the email and password....
11:31:32.633 [main] INFO  org.openqa.selenium.chrome.ChromeDriver Ending the test cases....
11:34:30.802 [main] DEBUG org.testng.TestNG suiteXmlPath: "C:\workspace\Selenium\Opencart\grouping.xml"
11:34:31.762 [main] INFO  org.testng.internal.Utils [TestNG] Running:
  C:\workspace\Selenium\Opencart\grouping.xml

11:34:44.267 [main] INFO  testCases.TC001_AccountRegistrationTest This is a starting test ....
11:34:48.198 [main] INFO  testCases.TC001_AccountRegistrationTest Click on the Register ....
11:34:48.263 [main] INFO  testCases.TC001_AccountRegistrationTest Providing the information detals....
11:34:51.356 [main] INFO  testCases.TC001_AccountRegistrationTest Validating the message...
11:34:51.368 [main] INFO  testCases.TC001_AccountRegistrationTest The test cases is End...
11:34:53.932 [main] INFO  org.openqa.selenium.chrome.ChromeDriver Starting the test case....
11:34:54.025 [main] INFO  org.openqa.selenium.chrome.ChromeDriver Clicking on my account...
11:34:54.679 [main] INFO  org.openqa.selenium.chrome.ChromeDriver Sucsesfully providing the email and password....
11:36:55.971 [main] DEBUG org.testng.TestNG suiteXmlPath: "C:\workspace\Selenium\Opencart\test-output\testng-failed.xml"
11:36:56.937 [main] INFO  org.testng.internal.Utils [TestNG] Running:
  C:\workspace\Selenium\Opencart\test-output\testng-failed.xml

11:37:02.908 [main] INFO  org.openqa.selenium.chrome.ChromeDriver Starting the test case....
11:37:03.159 [main] INFO  org.openqa.selenium.chrome.ChromeDriver Clicking on my account...
11:37:04.014 [main] INFO  org.openqa.selenium.chrome.ChromeDriver Sucsesfully providing the email and password....
11:39:10.311 [main] DEBUG org.testng.TestNG suiteXmlPath: "C:\workspace\Selenium\Opencart\test-output\testng-failed.xml"
11:39:11.225 [main] INFO  org.testng.internal.Utils [TestNG] Running:
  C:\workspace\Selenium\Opencart\test-output\testng-failed.xml

11:39:16.500 [main] INFO  org.openqa.selenium.chrome.ChromeDriver Starting the test case....
11:39:16.765 [main] INFO  org.openqa.selenium.chrome.ChromeDriver Clicking on my account...
11:39:17.517 [main] INFO  org.openqa.selenium.chrome.ChromeDriver Sucsesfully providing the email and password....
11:39:19.931 [main] INFO  org.openqa.selenium.chrome.ChromeDriver Ending the test cases....
11:42:06.442 [main] DEBUG org.testng.TestNG suiteXmlPath: "C:\workspace\Selenium\Opencart\grouping.xml"
11:42:07.431 [main] INFO  org.testng.internal.Utils [TestNG] Running:
  C:\workspace\Selenium\Opencart\grouping.xml

11:42:12.268 [main] INFO  testCases.TC001_AccountRegistrationTest This is a starting test ....
11:42:16.411 [main] INFO  testCases.TC001_AccountRegistrationTest Click on the Register ....
11:42:16.450 [main] INFO  testCases.TC001_AccountRegistrationTest Providing the information detals....
11:42:20.449 [main] INFO  testCases.TC001_AccountRegistrationTest Validating the message...
11:42:23.104 [main] INFO  org.openqa.selenium.chrome.ChromeDriver Starting the test case....
11:42:23.228 [main] INFO  org.openqa.selenium.chrome.ChromeDriver Clicking on my account...
11:42:23.984 [main] INFO  org.openqa.selenium.chrome.ChromeDriver Sucsesfully providing the email and password....
11:42:25.135 [main] INFO  org.openqa.selenium.chrome.ChromeDriver Ending the test cases....
11:49:00.638 [main] DEBUG org.testng.TestNG suiteXmlPath: "C:\workspace\Selenium\Opencart\grouping.xml"
11:49:01.751 [main] INFO  org.testng.internal.Utils [TestNG] Running:
  C:\workspace\Selenium\Opencart\grouping.xml

11:49:07.682 [main] INFO  testCases.TC001_AccountRegistrationTest This is a starting test ....
11:49:11.888 [main] INFO  testCases.TC001_AccountRegistrationTest Click on the Register ....
11:49:11.948 [main] INFO  testCases.TC001_AccountRegistrationTest Providing the information detals....
11:49:15.474 [main] INFO  testCases.TC001_AccountRegistrationTest Validating the message...
11:49:15.480 [main] INFO  testCases.TC001_AccountRegistrationTest The test cases is End...
11:49:18.479 [main] INFO  org.openqa.selenium.chrome.ChromeDriver Starting the test case....
11:49:18.641 [main] INFO  org.openqa.selenium.chrome.ChromeDriver Clicking on my account...
11:49:19.460 [main] INFO  org.openqa.selenium.chrome.ChromeDriver Sucsesfully providing the email and password....
11:49:20.754 [main] INFO  org.openqa.selenium.chrome.ChromeDriver Ending the test cases....
11:56:00.316 [main] DEBUG org.testng.TestNG suiteXmlPath: "C:\workspace\Selenium\Opencart\grouping.xml"
11:56:01.595 [main] INFO  org.testng.internal.Utils [TestNG] Running:
  C:\workspace\Selenium\Opencart\grouping.xml

11:56:09.218 [main] INFO  testCases.TC001_AccountRegistrationTest This is a starting test ....
